"../../../../../../Users/ALE/Documents/GAME 3 sem/GAME 2332 PROJECT DEVEL/HW3 - GAME/AD_P_v0/Content/ART/Icetrap_sprite.uasset" 0
"../../../../../../Users/ALE/Documents/GAME 3 sem/GAME 2332 PROJECT DEVEL/HW3 - GAME/AD_P_v0/Content/ART/Icetrap_sprite_Sprite_0.uasset" 1
"../../../../../../Users/ALE/Documents/GAME 3 sem/GAME 2332 PROJECT DEVEL/HW3 - GAME/AD_P_v0/Content/ART/FB_icetrap_iddle.uasset" 2
"../../../../../../Users/ALE/Documents/GAME 3 sem/GAME 2332 PROJECT DEVEL/HW3 - GAME/AD_P_v0/Content/ART/traps/portal_sprite.uasset" 3
"../../../../../../Users/ALE/Documents/GAME 3 sem/GAME 2332 PROJECT DEVEL/HW3 - GAME/AD_P_v0/Content/ART/traps/portal_sprite_Sprite_0.uasset" 4
"../../../../../../Users/ALE/Documents/GAME 3 sem/GAME 2332 PROJECT DEVEL/HW3 - GAME/AD_P_v0/Content/ART/traps/portal_sprite_Sprite_1.uasset" 5
"../../../../../../Users/ALE/Documents/GAME 3 sem/GAME 2332 PROJECT DEVEL/HW3 - GAME/AD_P_v0/Content/ART/traps/portal_sprite_Sprite_2.uasset" 6
"../../../../../../Users/ALE/Documents/GAME 3 sem/GAME 2332 PROJECT DEVEL/HW3 - GAME/AD_P_v0/Content/ART/traps/portal_sprite_Sprite_3.uasset" 7
"../../../../../../Users/ALE/Documents/GAME 3 sem/GAME 2332 PROJECT DEVEL/HW3 - GAME/AD_P_v0/Content/ART/traps/portal_sprite_Sprite_4.uasset" 8
"../../../../../../Users/ALE/Documents/GAME 3 sem/GAME 2332 PROJECT DEVEL/HW3 - GAME/AD_P_v0/Content/ART/traps/portal_sprite_Sprite_5.uasset" 9
"../../../../../../Users/ALE/Documents/GAME 3 sem/GAME 2332 PROJECT DEVEL/HW3 - GAME/AD_P_v0/Content/ART/traps/portal_sprite_Sprite_6.uasset" 10
"../../../../../../Users/ALE/Documents/GAME 3 sem/GAME 2332 PROJECT DEVEL/HW3 - GAME/AD_P_v0/Content/ART/traps/FB_portal_sprite1.uasset" 11
"../../../../../../Users/ALE/Documents/GAME 3 sem/GAME 2332 PROJECT DEVEL/HW3 - GAME/AD_P_v0/Content/ART/FB_portal_sprite1.uasset" 12
"../../../../../../Users/ALE/Documents/GAME 3 sem/GAME 2332 PROJECT DEVEL/HW3 - GAME/AD_P_v0/Content/ART/character/character.uasset" 13
"../../../../../../Users/ALE/Documents/GAME 3 sem/GAME 2332 PROJECT DEVEL/HW3 - GAME/AD_P_v0/Content/ART/character/character_Sprite_0.uasset" 14
"../../../../../../Users/ALE/Documents/GAME 3 sem/GAME 2332 PROJECT DEVEL/HW3 - GAME/AD_P_v0/Content/ART/character/FB_character1.uasset" 15
"../../../../../../Users/ALE/Documents/GAME 3 sem/GAME 2332 PROJECT DEVEL/HW3 - GAME/AD_P_v0/Content/ART/character/character_idle.uasset" 16
"../../../../../../Users/ALE/Documents/GAME 3 sem/GAME 2332 PROJECT DEVEL/HW3 - GAME/AD_P_v0/Content/ART/character/character_idle_Sprite_0.uasset" 17
"../../../../../../Users/ALE/Documents/GAME 3 sem/GAME 2332 PROJECT DEVEL/HW3 - GAME/AD_P_v0/Content/ART/character/character_idle_Sprite_1.uasset" 18
"../../../../../../Users/ALE/Documents/GAME 3 sem/GAME 2332 PROJECT DEVEL/HW3 - GAME/AD_P_v0/Content/ART/character/character_idle_Sprite_2.uasset" 19
"../../../../../../Users/ALE/Documents/GAME 3 sem/GAME 2332 PROJECT DEVEL/HW3 - GAME/AD_P_v0/Content/ART/character/FB_character_idle1.uasset" 20
"../../../../../../Users/ALE/Documents/GAME 3 sem/GAME 2332 PROJECT DEVEL/HW3 - GAME/AD_P_v0/Content/ART/traps/Icetrap_sprite.uasset" 21
"../../../../../../Users/ALE/Documents/GAME 3 sem/GAME 2332 PROJECT DEVEL/HW3 - GAME/AD_P_v0/Content/ART/character/character_running.uasset" 22
"../../../../../../Users/ALE/Documents/GAME 3 sem/GAME 2332 PROJECT DEVEL/HW3 - GAME/AD_P_v0/Content/ART/character/character_running_Sprite_0.uasset" 23
"../../../../../../Users/ALE/Documents/GAME 3 sem/GAME 2332 PROJECT DEVEL/HW3 - GAME/AD_P_v0/Content/ART/character/character_running_Sprite_1.uasset" 24
"../../../../../../Users/ALE/Documents/GAME 3 sem/GAME 2332 PROJECT DEVEL/HW3 - GAME/AD_P_v0/Content/ART/character/character_running_Sprite_2.uasset" 25
"../../../../../../Users/ALE/Documents/GAME 3 sem/GAME 2332 PROJECT DEVEL/HW3 - GAME/AD_P_v0/Content/ART/character/character_running_Sprite_3.uasset" 26
"../../../../../../Users/ALE/Documents/GAME 3 sem/GAME 2332 PROJECT DEVEL/HW3 - GAME/AD_P_v0/Content/ART/character/fB_character_running1.uasset" 27
"../../../../../../Users/ALE/Documents/GAME 3 sem/GAME 2332 PROJECT DEVEL/HW3 - GAME/AD_P_v0/Content/BLUEPRINTS/Characters/Base_0.uasset" 28
"../../../../../../Users/ALE/Documents/GAME 3 sem/GAME 2332 PROJECT DEVEL/HW3 - GAME/AD_P_v0/Content/BLUEPRINTS/AD_GameMode.uasset" 29
"../../../../../../Users/ALE/Documents/GAME 3 sem/GAME 2332 PROJECT DEVEL/HW3 - GAME/AD_P_v0/Content/ART/character/character_idle2.uasset" 30
"../../../../../../Users/ALE/Documents/GAME 3 sem/GAME 2332 PROJECT DEVEL/HW3 - GAME/AD_P_v0/Content/ART/character/character_idle2_Sprite_0.uasset" 31
"../../../../../../Users/ALE/Documents/GAME 3 sem/GAME 2332 PROJECT DEVEL/HW3 - GAME/AD_P_v0/Content/ART/character/character_idle2_Sprite_1.uasset" 32
"../../../../../../Users/ALE/Documents/GAME 3 sem/GAME 2332 PROJECT DEVEL/HW3 - GAME/AD_P_v0/Content/ART/character/character_idle2_Sprite_2.uasset" 33
"../../../../../../Users/ALE/Documents/GAME 3 sem/GAME 2332 PROJECT DEVEL/HW3 - GAME/AD_P_v0/Content/ART/character/FB_c2.uasset" 34
"../../../../../../Users/ALE/Documents/GAME 3 sem/GAME 2332 PROJECT DEVEL/HW3 - GAME/AD_P_v0/Content/BLUEPRINTS/BP_ARROW.uasset" 35
"../../../../../../Users/ALE/Documents/GAME 3 sem/GAME 2332 PROJECT DEVEL/HW3 - GAME/AD_P_v0/Content/Maps/BACKGROUND/bg_revised.uasset" 36
"../../../../../../Users/ALE/Documents/GAME 3 sem/GAME 2332 PROJECT DEVEL/HW3 - GAME/AD_P_v0/Content/Maps/BACKGROUND/bg_revised_Sprite_0.uasset" 37
"../../../../../../Users/ALE/Documents/GAME 3 sem/GAME 2332 PROJECT DEVEL/HW3 - GAME/AD_P_v0/Content/BLUEPRINTS/BP_background.uasset" 38
"../../../../../../Users/ALE/Documents/GAME 3 sem/GAME 2332 PROJECT DEVEL/HW3 - GAME/AD_P_v0/Content/BLUEPRINTS/Characters/Druid.uasset" 39
"../../../../../../Users/ALE/Documents/GAME 3 sem/GAME 2332 PROJECT DEVEL/HW3 - GAME/AD_P_v0/Content/BLUEPRINTS/Characters/Knight.uasset" 40
"../../../../../../Users/ALE/Documents/GAME 3 sem/GAME 2332 PROJECT DEVEL/HW3 - GAME/AD_P_v0/Content/BLUEPRINTS/Characters/Paladin.uasset" 41
"../../../../../../Users/ALE/Documents/GAME 3 sem/GAME 2332 PROJECT DEVEL/HW3 - GAME/AD_P_v0/Content/BLUEPRINTS/Characters/Sorcerer.uasset" 42
"../../../../../../Users/ALE/Documents/GAME 3 sem/GAME 2332 PROJECT DEVEL/HW3 - GAME/AD_P_v0/Content/UI/All_levels/Chat_Text.uasset" 43
"../../../../../../Users/ALE/Documents/GAME 3 sem/GAME 2332 PROJECT DEVEL/HW3 - GAME/AD_P_v0/Content/UI/All_levels/Chat_window.uasset" 44
"../../../../../../Users/ALE/Documents/GAME 3 sem/GAME 2332 PROJECT DEVEL/HW3 - GAME/AD_P_v0/Content/UI/All_levels/GamePlay_chat.uasset" 45
"../../../../../../Users/ALE/Documents/GAME 3 sem/GAME 2332 PROJECT DEVEL/HW3 - GAME/AD_P_v0/Content/UI/All_levels/Main_Screen.uasset" 46
"../../../../../../Users/ALE/Documents/GAME 3 sem/GAME 2332 PROJECT DEVEL/HW3 - GAME/AD_P_v0/Content/UI/Lobby/Character_Select.uasset" 47
"../../../../../../Users/ALE/Documents/GAME 3 sem/GAME 2332 PROJECT DEVEL/HW3 - GAME/AD_P_v0/Content/UI/Lobby/Conected_Player.uasset" 48
"../../../../../../Users/ALE/Documents/GAME 3 sem/GAME 2332 PROJECT DEVEL/HW3 - GAME/AD_P_v0/Content/UI/Lobby/Game_Settings.uasset" 49
"../../../../../../Users/ALE/Documents/GAME 3 sem/GAME 2332 PROJECT DEVEL/HW3 - GAME/AD_P_v0/Content/UI/Lobby/Lobby_Menu.uasset" 50
"../../../../../../Users/ALE/Documents/GAME 3 sem/GAME 2332 PROJECT DEVEL/HW3 - GAME/AD_P_v0/Content/UI/Lobby/Player_button.uasset" 51
"../../../../../../Users/ALE/Documents/GAME 3 sem/GAME 2332 PROJECT DEVEL/HW3 - GAME/AD_P_v0/Content/UI/Main_Menu/Error_Dialogue.uasset" 52
"../../../Engine/Content/Animation/DefaultAnimCurveCompressionSettings.uasset" 53
"../../../Engine/Content/Functions/Engine_MaterialFunctions01/Opacity/CameraDepthFade.uasset" 54
"../../../Engine/Content/EngineMaterials/T_Default_Material_Grid_M.uasset" 55
"../../../Engine/Content/EngineMaterials/T_Default_Material_Grid_N.uasset" 56
"../../../Engine/Content/EngineMaterials/WorldGridMaterial.uasset" 57
"../../../Engine/Content/ArtTools/RenderToTexture/Meshes/S_1_Unit_Plane.uasset" 58
"../../../Engine/Content/EngineMaterials/DefaultMaterial.uasset" 59
"../../../Engine/Content/BasicShapes/Cone.uasset" 60
"../../../Engine/Content/BasicShapes/Cube.uasset" 61
"../../../Engine/Content/BasicShapes/Cylinder.uasset" 62
"../../../Engine/Content/BasicShapes/Plane.uasset" 63
"../../../Engine/Content/BasicShapes/Sphere.uasset" 64
"../../../Engine/Content/EditorLandscapeResources/DataLayer.uasset" 65
"../../../Engine/Content/EditorMaterials/GizmoMaterial.uasset" 66
"../../../Engine/Content/EditorMaterials/MAT_Groups_Toggle.uasset" 67
"../../../Engine/Content/EditorMaterials/MAT_Groups_Visibility.uasset" 68
"../../../Engine/Content/EditorMaterials/PreviewShadowIndicator.uasset" 69
"../../../Engine/Content/EditorMaterials/PreviewShadowIndicatorMaterial.uasset" 70
"../../../Engine/Content/EditorMaterials/MatineeGroups/MAT_ColorTrack.uasset" 71
"../../../Engine/Content/EditorMaterials/MatineeGroups/MAT_Groups_Anim.uasset" 72
"../../../Engine/Content/EditorMaterials/MatineeGroups/MAT_Groups_AudioMaster.uasset" 73
"../../../Engine/Content/EditorMaterials/MatineeGroups/MAT_Groups_Director.uasset" 74
"../../../Engine/Content/EditorMaterials/MatineeGroups/MAT_Groups_Event.uasset" 75
"../../../Engine/Content/EditorMaterials/MatineeGroups/MAT_Groups_Fade.uasset" 76
"../../../Engine/Content/EditorMaterials/MatineeGroups/MAT_Groups_Float.uasset" 77
"../../../Engine/Content/EditorMaterials/MatineeGroups/MAT_Groups_Move.uasset" 78
"../../../Engine/Content/EditorMaterials/MatineeGroups/MAT_Groups_Slomo.uasset" 79
"../../../Engine/Content/EditorMaterials/MatineeGroups/MAT_Groups_Sound.uasset" 80
"../../../Engine/Content/EditorMaterials/MatineeGroups/MAT_Groups_Vector.uasset" 81
"../../../Engine/Content/EditorMaterials/ParticleSystems/PSysThumbnail_NoImage.uasset" 82
"../../../Engine/Content/EditorMaterials/ParticleSystems/PSysThumbnail_OOD.uasset" 83
"../../../Engine/Content/EditorMaterials/Camera/CineMat.uasset" 84
"../../../Engine/Content/EditorMaterials/Camera/MI_CineMat_Rig.uasset" 85
"../../../Engine/Content/EditorMeshes/Camera/SM_CraneRig_Arm.uasset" 86
"../../../Engine/Content/EditorMeshes/Camera/SM_CraneRig_Base.uasset" 87
"../../../Engine/Content/EditorMeshes/Camera/SM_CraneRig_Body.uasset" 88
"../../../Engine/Content/EditorMeshes/Camera/SM_CraneRig_Mount.uasset" 89
"../../../Engine/Content/EditorMeshes/Camera/SM_RailRig_Mount.uasset" 90
"../../../Engine/Content/EditorMeshes/Camera/SM_RailRig_Track.uasset" 91
"../../../Engine/Content/EditorResources/BSPVertex.uasset" 92
"../../../Engine/Content/EditorResources/EmptyActor.uasset" 93
"../../../Engine/Content/EditorResources/S_Actor.uasset" 94
"../../../Engine/Content/EditorResources/S_Note.uasset" 95
"../../../Engine/Content/EditorResources/S_Solver.uasset" 96
"../../../Engine/Content/EditorResources/S_Trigger.uasset" 97
"../../../Engine/Content/EditorResources/SequenceRecorder/Countdown.uasset" 98
"../../../Engine/Content/EditorResources/SequenceRecorder/RecordingIndicator.uasset" 99
"../../../Engine/Content/EditorSounds/Notifications/CompileFailed.uasset" 100
"../../../Engine/Content/EditorSounds/Notifications/CompileFailed_Cue.uasset" 101
"../../../Engine/Content/EditorSounds/Notifications/CompileSuccess.uasset" 102
"../../../Engine/Content/EditorSounds/Notifications/CompileStart_Cue.uasset" 103
"../../../Engine/Content/EditorSounds/Notifications/CompileSuccess_Cue.uasset" 104
"../../../Engine/Content/EngineDamageTypes/DmgTypeBP_Environmental.uasset" 105
"../../../Engine/Content/EngineDebugMaterials/HeatmapGradient.uasset" 106
"../../../Engine/Content/EngineDebugMaterials/BoneWeightMaterial.uasset" 107
"../../../Engine/Content/EngineDebugMaterials/ClothMaterial.uasset" 108
"../../../Engine/Content/EngineDebugMaterials/ClothMaterial_WF.uasset" 109
"../../../Engine/Content/EngineDebugMaterials/DebugEditorMaterial.uasset" 110
"../../../Engine/Content/EngineDebugMaterials/DebugMeshMaterial.uasset" 111
"../../../Engine/Content/EngineDebugMaterials/GeomMaterial.uasset" 112
"../../../Engine/Content/EngineDebugMaterials/M_SimpleTranslucent.uasset" 113
"../../../Engine/Content/Functions/Engine_MaterialFunctions02/Utility/CameraDirectionVector.uasset" 114
"../../../Engine/Content/EngineDebugMaterials/VolumeToRender.uasset" 115
"../../../Engine/Content/EngineDebugMaterials/M_VolumeRenderSphereTracePP.uasset" 116
"../../../Engine/Content/EngineDebugMaterials/WireframeMaterial.uasset" 117
"../../../Engine/Content/EngineFonts/Faces/RobotoBold.uasset" 118
"../../../Engine/Content/EngineFonts/Faces/RobotoBoldItalic.uasset" 119
"../../../Engine/Content/EngineFonts/Faces/RobotoItalic.uasset" 120
"../../../Engine/Content/EngineFonts/Faces/RobotoLight.uasset" 121
"../../../Engine/Content/EngineFonts/Faces/RobotoRegular.uasset" 122
"../../../Engine/Content/EngineFonts/Roboto.uasset" 123
"../../../Engine/Content/EngineFonts/Faces/RobotoTiny.uasset" 124
"../../../Engine/Content/EngineFonts/RobotoTiny.uasset" 125
"../../../Engine/Content/EngineMaterials/BaseFlattenDiffuseMap.uasset" 126
"../../../Engine/Content/EngineMaterials/BaseFlattenEmissiveMap.uasset" 127
"../../../Engine/Content/EngineMaterials/BaseFlattenGrayscaleMap.uasset" 128
"../../../Engine/Content/EngineMaterials/BaseFlattenNormalMap.uasset" 129
"../../../Engine/Content/EngineMaterials/BaseFlattenMaterial.uasset" 130
"../../../Engine/Content/EngineMaterials/BlueNoise.uasset" 131
"../../../Engine/Content/EngineMaterials/DefaultBloomKernel.uasset" 132
"../../../Engine/Content/EngineMaterials/DefaultBokeh.uasset" 133
"../../../Engine/Content/EngineMaterials/DefaultDiffuse.uasset" 134
"../../../Engine/Content/EngineMaterials/DefaultDeferredDecalMaterial.uasset" 135
"../../../Engine/Content/EngineMaterials/DefaultLightFunctionMaterial.uasset" 136
"../../../Engine/Content/EngineMaterials/DefaultPhysicalMaterial.uasset" 137
"../../../Engine/Content/Functions/Engine_MaterialFunctions02/Utility/BreakOutFloat2Components.uasset" 138
"../../../Engine/Content/EngineMaterials/DefaultPostProcessMaterial.uasset" 139
"../../../Engine/Content/EngineFonts/RobotoDistanceField.uasset" 140
"../../../Engine/Content/EngineMaterials/DefaultTextMaterialOpaque.uasset" 141
"../../../Engine/Content/EngineMaterials/DefaultVirtualTextureMaterial.uasset" 142
"../../../Engine/Content/EngineMaterials/DefaultWhiteGrid.uasset" 143
"../../../Engine/Content/EngineMaterials/EditorBrushMaterial.uasset" 144
"../../../Engine/Content/EngineMaterials/DefaultWhiteGrid_Low.uasset" 145
"../../../Engine/Content/EngineMaterials/EmissiveMeshMaterial.uasset" 146
"../../../Engine/Content/EngineMaterials/Good64x64TilingNoiseHighFreq.uasset" 147
"../../../Engine/Content/EngineMaterials/MiniFont.uasset" 148
"../../../Engine/Content/EngineMaterials/InvalidLightmapSettings.uasset" 149
"../../../Engine/Content/EngineMaterials/M_InvalidLightmapSettings.uasset" 150
"../../../Engine/Content/Functions/Engine_MaterialFunctions02/WorldPositionOffset/CameraOffset.uasset" 151
"../../../Engine/Content/EngineMaterials/PhAT_JointLimitMaterial.uasset" 152
"../../../Engine/Content/EngineMaterials/PreintegratedSkinBRDF.uasset" 153
"../../../Engine/Content/EngineMaterials/RemoveSurfaceMaterial.uasset" 154
"../../../Engine/Content/EngineMaterials/WeightMapPlaceholderTexture.uasset" 155
"../../../Engine/Content/EngineResources/WhiteSquareTexture.uasset" 156
"../../../Engine/Content/EngineMaterials/Widget3DPassThrough.uasset" 157
"../../../Engine/Content/EngineMaterials/Widget3DPassThrough_Masked.uasset" 158
"../../../Engine/Content/EngineMaterials/Widget3DPassThrough_Opaque.uasset" 159
"../../../Engine/Content/EngineMaterials/Widget3DPassThrough_Masked_OneSided.uasset" 160
"../../../Engine/Content/EngineMaterials/Widget3DPassThrough_Opaque_OneSided.uasset" 161
"../../../Engine/Content/EngineMaterials/Widget3DPassThrough_Translucent.uasset" 162
"../../../Engine/Content/EngineMaterials/Widget3DPassThrough_Translucent_OneSided.uasset" 163
"../../../Engine/Content/EngineMeshes/Cylinder.uasset" 164
"../../../Engine/Content/EngineMeshes/Sphere.uasset" 165
"../../../Engine/Content/EngineResources/Black.uasset" 166
"../../../Engine/Content/EngineResources/DefaultTexture.uasset" 167
"../../../Engine/Content/EngineResources/DefaultTextureCube.uasset" 168
"../../../Engine/Content/EngineResources/DefaultVolumeTexture2D.uasset" 169
"../../../Engine/Content/EngineResources/DefaultVolumeTexture.uasset" 170
"../../../Engine/Content/EngineResources/GradientTexture0.uasset" 171
"../../../Engine/Content/EngineSounds/Master.uasset" 172
"../../../Engine/Content/Functions/Engine_MaterialFunctions01/Shading/ConvertFromDiffSpec.uasset" 173
"../../../Engine/Content/Functions/Engine_MaterialFunctions01/Shading/PowerToRoughness.uasset" 174
"../../../Engine/Content/Maps/Templates/Thumbnails/Default.uasset" 175
"../../../Engine/Content/Maps/Templates/Thumbnails/VR-Basic.uasset" 176
"../../../Engine/Content/MobileResources/T_MobileControls_texture.uasset" 177
"../../../Engine/Content/MobileResources/T_MobileMenu2.uasset" 178
"../../../Engine/Content/MobileResources/HUD/AnalogHat.uasset" 179
"../../../Engine/Content/MobileResources/HUD/VirtualJoystick_Background.uasset" 180
"../../../Engine/Content/MobileResources/HUD/VirtualJoystick_Thumb.uasset" 181
"../../../Engine/Content/MobileResources/HUD/DefaultVirtualJoysticks.uasset" 182
"../../../Engine/Content/MobileResources/HUD/LeftVirtualJoystickOnly.uasset" 183
"../../../Engine/Content/MobileResources/HUD/MobileHUDButton1_off.uasset" 184
"../../../Engine/Content/MobileResources/HUD/MobileHUDButton1_on.uasset" 185
"../../../Engine/Content/MobileResources/HUD/MobileHUDButton2_off.uasset" 186
"../../../Engine/Content/MobileResources/HUD/MobileHUDButton2_on.uasset" 187
"../../../Engine/Content/MobileResources/HUD/MobileHUDButton3.uasset" 188
"../../../Engine/Content/MobileResources/HUD/MobileHUDButtonFire.uasset" 189
"../../../Engine/Content/MobileResources/HUD/MobileHUDDirectionPad.uasset" 190
"../../../Engine/Content/MobileResources/HUD/MobileHUDDirectionPad2.uasset" 191
"../../../Engine/Content/MobileResources/HUD/MobileHUDDirectionPad3.uasset" 192
"../../../Engine/Content/MobileResources/HUD/MobileHUDDirectionStick.uasset" 193
"../../../Engine/Content/MobileResources/HUD/T_Castle_ThumbstickInner.uasset" 194
"../../../Engine/Content/MobileResources/HUD/T_Castle_ThumbstickOutter.uasset" 195
"../../../Engine/Content/Tutorial/ContentIntroCurve.uasset" 196
"../../../Engine/Content/Tutorial/Basics/LevelEditorAttract.uasset" 197
"../../../Engine/Content/Tutorial/Basics/TutorialAssets/icon_tab_Levels_40x.uasset" 198
"../../../Engine/Content/Tutorial/Basics/LevelEditorOverview.uasset" 199
"../../../Engine/Content/VREditor/LaserPointer/VR_LaserPower_01.uasset" 200
"../../../Engine/Content/VREditor/TransformGizmo/TransformGizmoMaterial.uasset" 201
"../../../Engine/Content/VREditor/TransformGizmo/TranslucentTransformGizmoMaterial.uasset" 202
"../../../Engine/Content/VREditor/TransformGizmo/BoundingBoxCorner.uasset" 203
"../../../Engine/Content/VREditor/TransformGizmo/BoundingBoxEdge.uasset" 204
"../../../Engine/Content/VREditor/TransformGizmo/PlaneTranslationHandle.uasset" 205
"../../../Engine/Content/VREditor/TransformGizmo/Main.uasset" 206
"../../../Engine/Content/VREditor/TransformGizmo/Xray.uasset" 207
"../../../Engine/Content/VREditor/TransformGizmo/SM_Sequencer_Key.uasset" 208
"../../../Engine/Content/VREditor/TransformGizmo/SM_Sequencer_Node.uasset" 209
"../../Plugins/2D/Paper2D/Content/PlaceholderTextures/DummySpriteTexture.uasset" 210
"../../Plugins/2D/Paper2D/Content/DummySprite.uasset" 211
"../../Plugins/2D/Paper2D/Content/DefaultPaperTerrainMaterial.uasset" 212
"../../Plugins/2D/Paper2D/Content/DummySpriteTexture.uasset" 213
"../../Plugins/2D/Paper2D/Content/DefaultSpriteMaterial.uasset" 214
"../../Plugins/2D/Paper2D/Content/MaskedUnlitSpriteMaterial.uasset" 215
"../../Plugins/2D/Paper2D/Content/OpaqueUnlitSpriteMaterial.uasset" 216
"../../Plugins/Runtime/Oculus/OculusVR/Content/OculusMR_RenderTarget.uasset" 217
"../../../Engine/Content/Functions/Engine_MaterialFunctions02/Utility/BreakOutFloat4Components.uasset" 218
"../../../Engine/Content/Functions/Engine_MaterialFunctions02/Utility/MakeFloat2.uasset" 219
"../../../Engine/Content/Functions/Engine_MaterialFunctions02/Utility/MakeFloat3.uasset" 220
"../../Plugins/Runtime/Oculus/OculusVR/Content/Materials/OculusMR_ChromaKey.uasset" 221
"../../Plugins/Runtime/Oculus/OculusVR/Content/Materials/OculusMR_ChromaKey_Lit.uasset" 222
"../../Plugins/Runtime/Oculus/OculusVR/Content/Materials/OculusMR_OpaqueColoredMaterial.uasset" 223
"../../Plugins/Runtime/Oculus/OculusVR/Content/Materials/OculusMR_WhiteMaterial.uasset" 224
"../../../../../../Users/ALE/Documents/GAME 3 sem/GAME 2332 PROJECT DEVEL/HW3 - GAME/AD_P_v0/Content/BLUEPRINTS/BP_back.uasset" 225
"../../../../../../Users/ALE/Documents/GAME 3 sem/GAME 2332 PROJECT DEVEL/HW3 - GAME/AD_P_v0/Content/BLUEPRINTS/BP_Camera.uasset" 226
"../../../../../../Users/ALE/Documents/GAME 3 sem/GAME 2332 PROJECT DEVEL/HW3 - GAME/AD_P_v0/Content/ART/Icetrap_sprite_Sprite_1.uasset" 227
"../../../../../../Users/ALE/Documents/GAME 3 sem/GAME 2332 PROJECT DEVEL/HW3 - GAME/AD_P_v0/Content/ART/Icetrap_sprite_Sprite_2.uasset" 228
"../../../../../../Users/ALE/Documents/GAME 3 sem/GAME 2332 PROJECT DEVEL/HW3 - GAME/AD_P_v0/Content/ART/Icetrap_sprite_Sprite_3.uasset" 229
"../../../../../../Users/ALE/Documents/GAME 3 sem/GAME 2332 PROJECT DEVEL/HW3 - GAME/AD_P_v0/Content/ART/Icetrap_sprite_Sprite_4.uasset" 230
"../../../../../../Users/ALE/Documents/GAME 3 sem/GAME 2332 PROJECT DEVEL/HW3 - GAME/AD_P_v0/Content/ART/FB_icetrap.uasset" 231
"../../../../../../Users/ALE/Documents/GAME 3 sem/GAME 2332 PROJECT DEVEL/HW3 - GAME/AD_P_v0/Content/BLUEPRINTS/BP_icetrap.uasset" 232
"../../../../../../Users/ALE/Documents/GAME 3 sem/GAME 2332 PROJECT DEVEL/HW3 - GAME/AD_P_v0/Content/BLUEPRINTS/BP_ORB.uasset" 233
"../../../../../../Users/ALE/Documents/GAME 3 sem/GAME 2332 PROJECT DEVEL/HW3 - GAME/AD_P_v0/Content/BLUEPRINTS/Game_play/GameMode_PC.uasset" 234
"../../../../../../Users/ALE/Documents/GAME 3 sem/GAME 2332 PROJECT DEVEL/HW3 - GAME/AD_P_v0/Content/BLUEPRINTS/Game_play/GamePlay_GM.uasset" 235
"../../../../../../Users/ALE/Documents/GAME 3 sem/GAME 2332 PROJECT DEVEL/HW3 - GAME/AD_P_v0/Content/ART/character/character_idle3.uasset" 236
"../../../../../../Users/ALE/Documents/GAME 3 sem/GAME 2332 PROJECT DEVEL/HW3 - GAME/AD_P_v0/Content/ART/character/character_idle3_Sprite_0.uasset" 237
"../../../../../../Users/ALE/Documents/GAME 3 sem/GAME 2332 PROJECT DEVEL/HW3 - GAME/AD_P_v0/Content/ART/character/character_idle3_Sprite_1.uasset" 238
"../../../../../../Users/ALE/Documents/GAME 3 sem/GAME 2332 PROJECT DEVEL/HW3 - GAME/AD_P_v0/Content/ART/character/character_idle3_Sprite_2.uasset" 239
"../../../../../../Users/ALE/Documents/GAME 3 sem/GAME 2332 PROJECT DEVEL/HW3 - GAME/AD_P_v0/Content/ART/character/FB_c3.uasset" 240
"../../../../../../Users/ALE/Documents/GAME 3 sem/GAME 2332 PROJECT DEVEL/HW3 - GAME/AD_P_v0/Content/ART/character/character_knight_idle-Sheet.uasset" 241
"../../../../../../Users/ALE/Documents/GAME 3 sem/GAME 2332 PROJECT DEVEL/HW3 - GAME/AD_P_v0/Content/ART/character/character_knight_idle-Sheet_Sprite_0.uasset" 242
"../../../../../../Users/ALE/Documents/GAME 3 sem/GAME 2332 PROJECT DEVEL/HW3 - GAME/AD_P_v0/Content/ART/character/character_knight_idle-Sheet_Sprite_1.uasset" 243
"../../../../../../Users/ALE/Documents/GAME 3 sem/GAME 2332 PROJECT DEVEL/HW3 - GAME/AD_P_v0/Content/ART/character/character_knight_idle-Sheet_Sprite_2.uasset" 244
"../../../../../../Users/ALE/Documents/GAME 3 sem/GAME 2332 PROJECT DEVEL/HW3 - GAME/AD_P_v0/Content/ART/character/FB_k1.uasset" 245
"../../../../../../Users/ALE/Documents/GAME 3 sem/GAME 2332 PROJECT DEVEL/HW3 - GAME/AD_P_v0/Content/ART/character/character_knight_idle-Sheet_1.uasset" 246
"../../../../../../Users/ALE/Documents/GAME 3 sem/GAME 2332 PROJECT DEVEL/HW3 - GAME/AD_P_v0/Content/ART/character/character_knight_idle-Sheet_1_Sprite_0.uasset" 247
"../../../../../../Users/ALE/Documents/GAME 3 sem/GAME 2332 PROJECT DEVEL/HW3 - GAME/AD_P_v0/Content/ART/character/character_knight_idle-Sheet_1_Sprite_1.uasset" 248
"../../../../../../Users/ALE/Documents/GAME 3 sem/GAME 2332 PROJECT DEVEL/HW3 - GAME/AD_P_v0/Content/ART/character/character_knight_idle-Sheet_1_Sprite_2.uasset" 249
"../../../../../../Users/ALE/Documents/GAME 3 sem/GAME 2332 PROJECT DEVEL/HW3 - GAME/AD_P_v0/Content/ART/character/FB_k2character_knight_idle-Sheet_2.uasset" 250
"../../../../../../Users/ALE/Documents/GAME 3 sem/GAME 2332 PROJECT DEVEL/HW3 - GAME/AD_P_v0/Content/MAPS/BACKGROUND/bg_revised_TileSet.uasset" 251
"../../../../../../Users/ALE/Documents/GAME 3 sem/GAME 2332 PROJECT DEVEL/HW3 - GAME/AD_P_v0/Content/Maps/BACKGROUND/tilesetS.uasset" 252
"../../../../../../Users/ALE/Documents/GAME 3 sem/GAME 2332 PROJECT DEVEL/HW3 - GAME/AD_P_v0/Content/MAPS/BACKGROUND/tilesetS_TileSet.uasset" 253
"../../../../../../Users/ALE/Documents/GAME 3 sem/GAME 2332 PROJECT DEVEL/HW3 - GAME/AD_P_v0/Content/MAPS/BACKGROUND/bg_revised_TileMap.uasset" 254
"../../../../../../Users/ALE/Documents/GAME 3 sem/GAME 2332 PROJECT DEVEL/HW3 - GAME/AD_P_v0/Content/MAPS/Arena01.umap" 255
"../../../../../../Users/ALE/Documents/GAME 3 sem/GAME 2332 PROJECT DEVEL/HW3 - GAME/AD_P_v0/Content/MAPS/Arena02.umap" 256
"../../../../../../Users/ALE/Documents/GAME 3 sem/GAME 2332 PROJECT DEVEL/HW3 - GAME/AD_P_v0/Content/BLUEPRINTS/Lobby/Lobby_PC.uasset" 257
"../../../../../../Users/ALE/Documents/GAME 3 sem/GAME 2332 PROJECT DEVEL/HW3 - GAME/AD_P_v0/Content/BLUEPRINTS/Lobby/Lobby_GM.uasset" 258
"../../../../../../Users/ALE/Documents/GAME 3 sem/GAME 2332 PROJECT DEVEL/HW3 - GAME/AD_P_v0/Content/MAPS/TM_Lobby.uasset" 259
"../../../../../../Users/ALE/Documents/GAME 3 sem/GAME 2332 PROJECT DEVEL/HW3 - GAME/AD_P_v0/Content/MAPS/Lobby.umap" 260
"../../../Engine/Content/EditorBlueprintResources/StandardMacros.uasset" 261
"../../../../../../Users/ALE/Documents/GAME 3 sem/GAME 2332 PROJECT DEVEL/HW3 - GAME/AD_P_v0/Content/BLUEPRINTS/All_levels/PlayerInfo.uasset" 262
"../../../../../../Users/ALE/Documents/GAME 3 sem/GAME 2332 PROJECT DEVEL/HW3 - GAME/AD_P_v0/Content/BLUEPRINTS/All_levels/Player_Save_Game.uasset" 263
"../../../../../../Users/ALE/Documents/GAME 3 sem/GAME 2332 PROJECT DEVEL/HW3 - GAME/AD_P_v0/Content/UI/Main_Menu/OptionsMenu.uasset" 264
"../../../../../../Users/ALE/Documents/GAME 3 sem/GAME 2332 PROJECT DEVEL/HW3 - GAME/AD_P_v0/Content/UI/Main_Menu/HostMenu.uasset" 265
"../../../../../../Users/ALE/Documents/GAME 3 sem/GAME 2332 PROJECT DEVEL/HW3 - GAME/AD_P_v0/Content/UI/Main_Menu/LoadingScreen.uasset" 266
"../../../../../../Users/ALE/Documents/GAME 3 sem/GAME 2332 PROJECT DEVEL/HW3 - GAME/AD_P_v0/Content/UI/Main_Menu/MainMenu.uasset" 267
"../../../../../../Users/ALE/Documents/GAME 3 sem/GAME 2332 PROJECT DEVEL/HW3 - GAME/AD_P_v0/Content/UI/Main_Menu/ServerMenu.uasset" 268
"../../../../../../Users/ALE/Documents/GAME 3 sem/GAME 2332 PROJECT DEVEL/HW3 - GAME/AD_P_v0/Content/BLUEPRINTS/All_levels/GameInfoInstance_ale.uasset" 269
"../../../../../../Users/ALE/Documents/GAME 3 sem/GAME 2332 PROJECT DEVEL/HW3 - GAME/AD_P_v0/Content/MAPS/Main_Menu.umap" 270
"../../../../../../Users/ALE/Documents/GAME 3 sem/GAME 2332 PROJECT DEVEL/HW3 - GAME/AD_P_v0/Content/MAPS/Travel_Map.umap" 271
