Log file open, 10/24/19 16:38:09
LogWindows: Failed to load 'aqProf.dll' (GetLastError=126)
LogWindows: File 'aqProf.dll' does not exist
LogWindows: Failed to load 'VtuneApi.dll' (GetLastError=126)
LogWindows: File 'VtuneApi.dll' does not exist
LogWindows: Failed to load 'VtuneApi32e.dll' (GetLastError=126)
LogWindows: File 'VtuneApi32e.dll' does not exist
LogConsoleResponse: Display: Failed to find resolution value strings in scalability ini. Falling back to default.
LogInit: Display: Running engine for game: AD_P_v0
LogPlatformFile: Not using cached read wrapper
LogTaskGraph: Started task graph with 5 named threads and 11 total threads with 3 sets of task threads.
LogStats: Stats thread started at 0.090619
LogD3D11RHI: Loaded GFSDK_Aftermath_Lib.x64.dll
LogICUInternationalization: ICU TimeZone Detection - Raw Offset: -6:00, Platform Override: ''
LogPluginManager: Mounting plugin Paper2D
LogPluginManager: Mounting plugin AISupport
LogPluginManager: Mounting plugin LightPropagationVolume
LogPluginManager: Mounting plugin ActorLayerUtilities
LogPluginManager: Mounting plugin AnimationSharing
LogPluginManager: Mounting plugin CLionSourceCodeAccess
LogPluginManager: Mounting plugin CodeLiteSourceCodeAccess
LogPluginManager: Mounting plugin GitSourceControl
LogPluginManager: Mounting plugin KDevelopSourceCodeAccess
LogPluginManager: Mounting plugin NullSourceCodeAccess
LogPluginManager: Mounting plugin PerforceSourceControl
LogPluginManager: Mounting plugin SubversionSourceControl
LogPluginManager: Mounting plugin UObjectPlugin
LogPluginManager: Mounting plugin VisualStudioCodeSourceCodeAccess
LogPluginManager: Mounting plugin VisualStudioSourceCodeAccess
LogPluginManager: Mounting plugin XCodeSourceCodeAccess
LogPluginManager: Mounting plugin AssetManagerEditor
LogPluginManager: Mounting plugin CryptoKeys
LogPluginManager: Mounting plugin CurveEditorTools
LogPluginManager: Mounting plugin DataValidation
LogPluginManager: Mounting plugin FacialAnimation
LogPluginManager: Mounting plugin GameplayTagsEditor
LogPluginManager: Mounting plugin MacGraphicsSwitching
LogPluginManager: Mounting plugin MaterialAnalyzer
LogPluginManager: Mounting plugin MobileLauncherProfileWizard
LogPluginManager: Mounting plugin PluginBrowser
LogPluginManager: Mounting plugin SpeedTreeImporter
LogPluginManager: Mounting plugin DatasmithContent
LogPluginManager: Mounting plugin VariantManagerContent
LogPluginManager: Mounting plugin AlembicImporter
LogPluginManager: Mounting plugin AutomationUtils
LogPluginManager: Mounting plugin BackChannel
LogPluginManager: Mounting plugin CharacterAI
LogPluginManager: Mounting plugin GeometryCache
LogPluginManager: Mounting plugin HTML5Networking
LogPluginManager: Mounting plugin PlatformCrypto
LogPluginManager: Mounting plugin ProxyLODPlugin
LogPluginManager: Mounting plugin SkeletalReduction
LogPluginManager: Mounting plugin MagicLeap
LogPluginManager: Mounting plugin MagicLeapMedia
LogPluginManager: Mounting plugin AndroidMedia
LogPluginManager: Mounting plugin AvfMedia
LogPluginManager: Mounting plugin ImgMedia
LogPluginManager: Mounting plugin MediaCompositing
LogPluginManager: Mounting plugin MediaPlayerEditor
LogPluginManager: Mounting plugin WebMMedia
LogPluginManager: Mounting plugin WmfMedia
LogPluginManager: Mounting plugin TcpMessaging
LogPluginManager: Mounting plugin UdpMessaging
LogPluginManager: Mounting plugin ActorSequence
LogPluginManager: Mounting plugin LevelSequenceEditor
LogPluginManager: Mounting plugin MatineeToLevelSequence
LogPluginManager: Mounting plugin NetcodeUnitTest
LogPluginManager: Mounting plugin NUTUnrealEngine4
LogPluginManager: Mounting plugin OnlineSubsystemGooglePlay
LogPluginManager: Mounting plugin OnlineSubsystemIOS
LogPluginManager: Mounting plugin OnlineSubsystem
LogPluginManager: Mounting plugin OnlineSubsystemNull
LogPluginManager: Mounting plugin OnlineSubsystemUtils
LogPluginManager: Mounting plugin LauncherChunkInstaller
LogPluginManager: Mounting plugin AndroidDeviceProfileSelector
LogPluginManager: Mounting plugin AndroidMoviePlayer
LogPluginManager: Mounting plugin AndroidPermission
LogPluginManager: Mounting plugin AppleImageUtils
LogPluginManager: Mounting plugin AppleMoviePlayer
LogPluginManager: Mounting plugin ArchVisCharacter
LogPluginManager: Mounting plugin AudioCapture
LogPluginManager: Mounting plugin CableComponent
LogPluginManager: Mounting plugin CustomMeshComponent
LogPluginManager: Mounting plugin EditableMesh
LogPluginManager: Mounting plugin ExampleDeviceProfileSelector
LogPluginManager: Mounting plugin GoogleCloudMessaging
LogPluginManager: Mounting plugin IOSDeviceProfileSelector
LogPluginManager: Mounting plugin LinuxDeviceProfileSelector
LogPluginManager: Mounting plugin LocationServicesBPLibrary
LogPluginManager: Mounting plugin MobilePatchingUtils
LogPluginManager: Mounting plugin OculusVR
LogPluginManager: Mounting plugin PhysXVehicles
LogPluginManager: Mounting plugin ProceduralMeshComponent
LogPluginManager: Mounting plugin RuntimePhysXCooking
LogPluginManager: Mounting plugin SignificanceManager
LogPluginManager: Mounting plugin SteamVR
LogPluginManager: Mounting plugin WebMMoviePlayer
LogPluginManager: Mounting plugin WindowsMoviePlayer
LogPluginManager: Mounting plugin ScreenshotTools
LogInit: Using libcurl 7.55.1-DEV
LogInit:  - built for x86_64-pc-win32
LogInit:  - supports SSL with OpenSSL/1.1.1
LogInit:  - supports HTTP deflate (compression) using libz 1.2.8
LogInit:  - other features:
LogInit:      CURL_VERSION_SSL
LogInit:      CURL_VERSION_LIBZ
LogInit:      CURL_VERSION_IPV6
LogInit:      CURL_VERSION_ASYNCHDNS
LogInit:      CURL_VERSION_LARGEFILE
LogInit:      CURL_VERSION_IDN
LogInit:  CurlRequestOptions (configurable via config and command line):
LogInit:  - bVerifyPeer = true  - Libcurl will verify peer certificate
LogInit:  - bUseHttpProxy = false  - Libcurl will NOT use HTTP proxy
LogInit:  - bDontReuseConnections = false  - Libcurl will reuse connections
LogInit:  - MaxHostConnections = 16  - Libcurl will limit the number of connections to a host
LogInit:  - LocalHostAddr = Default
LogInit:  - BufferSize = 65536
LogOnline: OSS: Creating online subsystem instance for: NULL
LogInit: WinSock: version 1.1 (2.2), MaxSocks=32767, MaxUdp=65467
LogInit: Build: ++UE4+Release-4.23-CL-8386587
LogInit: Engine Version: 4.23.0-8386587+++UE4+Release-4.23
LogInit: Compatible Engine Version: 4.23.0-8386587+++UE4+Release-4.23
LogInit: Net CL: 8386587
LogInit: OS: Windows 10 (Release 1903) (), CPU: Intel(R) Core(TM) i5-7200U CPU @ 2.50GHz, GPU: Intel(R) HD Graphics 620
LogInit: Compiled (64-bit): Aug 31 2019 02:04:44
LogInit: Compiled with Visual C++: 19.16.27030.01
LogInit: Build Configuration: Development
LogInit: Branch Name: ++UE4+Release-4.23
LogInit: Command Line: 
LogInit: Base Directory: C:/Program Files/Epic Games/UE_4.23/Engine/Binaries/Win64/
LogInit: Installed Engine Build: 1
LogDevObjectVersion: Number of dev versions registered: 23
LogDevObjectVersion:   Dev-Blueprints (B0D832E4-1F89-4F0D-ACCF-7EB736FD4AA2): 10
LogDevObjectVersion:   Dev-Build (E1C64328-A22C-4D53-A36C-8E866417BD8C): 0
LogDevObjectVersion:   Dev-Core (375EC13C-06E4-48FB-B500-84F0262A717E): 3
LogDevObjectVersion:   Dev-Editor (E4B068ED-F494-42E9-A231-DA0B2E46BB41): 34
LogDevObjectVersion:   Dev-Framework (CFFC743F-43B0-4480-9391-14DF171D2073): 35
LogDevObjectVersion:   Dev-Mobile (B02B49B5-BB20-44E9-A304-32B752E40360): 2
LogDevObjectVersion:   Dev-Networking (A4E4105C-59A1-49B5-A7C5-40C4547EDFEE): 0
LogDevObjectVersion:   Dev-Online (39C831C9-5AE6-47DC-9A44-9C173E1C8E7C): 0
LogDevObjectVersion:   Dev-Physics (78F01B33-EBEA-4F98-B9B4-84EACCB95AA2): 0
LogDevObjectVersion:   Dev-Platform (6631380F-2D4D-43E0-8009-CF276956A95A): 0
LogDevObjectVersion:   Dev-Rendering (12F88B9F-8875-4AFC-A67C-D90C383ABD29): 31
LogDevObjectVersion:   Dev-Sequencer (7B5AE74C-D270-4C10-A958-57980B212A5A): 11
LogDevObjectVersion:   Dev-VR (D7296918-1DD6-4BDD-9DE2-64A83CC13884): 2
LogDevObjectVersion:   Dev-LoadTimes (C2A15278-BFE7-4AFE-6C17-90FF531DF755): 1
LogDevObjectVersion:   Private-Geometry (6EACA3D4-40EC-4CC1-B786-8BED09428FC5): 3
LogDevObjectVersion:   Dev-AnimPhys (29E575DD-E0A3-4627-9D10-D276232CDCEA): 17
LogDevObjectVersion:   Dev-Anim (AF43A65D-7FD3-4947-9873-3E8ED9C1BB05): 2
LogDevObjectVersion:   Dev-ReflectionCapture (6B266CEC-1EC7-4B8F-A30B-E4D90942FC07): 1
LogDevObjectVersion:   Dev-Automation (0DF73D61-A23F-47EA-B727-89E90C41499A): 1
LogDevObjectVersion:   FortniteMain (601D1886-AC64-4F84-AA16-D3DE0DEAC7D6): 27
LogDevObjectVersion:   Dev-Enterprise (9DFFBCD6-494F-0158-E221-12823C92A888): 6
LogDevObjectVersion:   Dev-Niagara (F2AED0AC-9AFE-416F-8664-AA7FFA26D6FC): 1
LogDevObjectVersion:   Dev-Destruction (174F1F0B-B4C6-45A5-B13F-2EE8D0FB917D): 9
LogInit: Presizing for max 16777216 objects, including 0 objects not considered by GC, pre-allocating 0 bytes for permanent pool.
LogInit: Object subsystem initialized
LogConfig: Setting CVar [[con.DebugEarlyDefault:1]]
LogConfig: Setting CVar [[r.setres:1280x720]]
[2019.10.24-21.38.15:609][  0]LogConfig: Setting CVar [[r.VSync:0]]
[2019.10.24-21.38.15:609][  0]LogConfig: Setting CVar [[r.RHICmdBypass:0]]
[2019.10.24-21.38.15:611][  0]LogConfig: Applying CVar settings from Section [/Script/Engine.RendererSettings] File [C:/Users/ALE/Documents/GAME 3 sem/GAME 2332 PROJECT DEVEL/HW3 - GAME/AD_P_v0/Saved/Config/Windows/Engine.ini]
[2019.10.24-21.38.15:611][  0]LogConfig: Setting CVar [[r.GPUCrashDebugging:0]]
[2019.10.24-21.38.15:611][  0]LogConfig: Setting CVar [[r.MobileHDR:0]]
[2019.10.24-21.38.15:611][  0]LogConfig: Setting CVar [[r.Mobile.DisableVertexFog:1]]
[2019.10.24-21.38.15:611][  0]LogConfig: Setting CVar [[r.Shadow.CSM.MaxMobileCascades:2]]
[2019.10.24-21.38.15:611][  0]LogConfig: Setting CVar [[r.MobileMSAA:1]]
[2019.10.24-21.38.15:611][  0]LogConfig: Setting CVar [[r.Mobile.UseLegacyShadingModel:0]]
[2019.10.24-21.38.15:611][  0]LogConfig: Setting CVar [[r.Mobile.UseHWsRGBEncoding:0]]
[2019.10.24-21.38.15:611][  0]LogConfig: Setting CVar [[r.Mobile.AllowDitheredLODTransition:0]]
[2019.10.24-21.38.15:611][  0]LogConfig: Setting CVar [[r.Mobile.AllowSoftwareOcclusion:0]]
[2019.10.24-21.38.15:611][  0]LogConfig: Setting CVar [[r.DiscardUnusedQuality:0]]
[2019.10.24-21.38.15:611][  0]LogConfig: Setting CVar [[r.AllowOcclusionQueries:1]]
[2019.10.24-21.38.15:611][  0]LogConfig: Setting CVar [[r.MinScreenRadiusForLights:0.030000]]
[2019.10.24-21.38.15:611][  0]LogConfig: Setting CVar [[r.MinScreenRadiusForDepthPrepass:0.030000]]
[2019.10.24-21.38.15:611][  0]LogConfig: Setting CVar [[r.MinScreenRadiusForCSMDepth:0.010000]]
[2019.10.24-21.38.15:611][  0]LogConfig: Setting CVar [[r.PrecomputedVisibilityWarning:0]]
[2019.10.24-21.38.15:611][  0]LogConfig: Setting CVar [[r.TextureStreaming:1]]
[2019.10.24-21.38.15:611][  0]LogConfig: Setting CVar [[Compat.UseDXT5NormalMaps:0]]
[2019.10.24-21.38.15:611][  0]LogConfig: Setting CVar [[r.ClearCoatNormal:0]]
[2019.10.24-21.38.15:611][  0]LogConfig: Setting CVar [[r.ReflectionCaptureResolution:128]]
[2019.10.24-21.38.15:611][  0]LogConfig: Setting CVar [[r.ReflectionEnvironmentLightmapMixBasedOnRoughness:1]]
[2019.10.24-21.38.15:611][  0]LogConfig: Setting CVar [[r.ForwardShading:0]]
[2019.10.24-21.38.15:611][  0]LogConfig: Setting CVar [[r.VertexFoggingForOpaque:1]]
[2019.10.24-21.38.15:612][  0]LogConfig: Setting CVar [[r.AllowStaticLighting:1]]
[2019.10.24-21.38.15:612][  0]LogConfig: Setting CVar [[r.NormalMapsForStaticLighting:0]]
[2019.10.24-21.38.15:612][  0]LogConfig: Setting CVar [[r.GenerateMeshDistanceFields:0]]
[2019.10.24-21.38.15:612][  0]LogConfig: Setting CVar [[r.DistanceFieldBuild.EightBit:0]]
[2019.10.24-21.38.15:612][  0]LogConfig: Setting CVar [[r.GenerateLandscapeGIData:0]]
[2019.10.24-21.38.15:612][  0]LogConfig: Setting CVar [[r.DistanceFieldBuild.Compress:0]]
[2019.10.24-21.38.15:612][  0]LogConfig: Setting CVar [[r.TessellationAdaptivePixelsPerTriangle:48.000000]]
[2019.10.24-21.38.15:612][  0]LogConfig: Setting CVar [[r.SeparateTranslucency:0]]
[2019.10.24-21.38.15:612][  0]LogConfig: Setting CVar [[r.TranslucentSortPolicy:0]]
[2019.10.24-21.38.15:612][  0]LogConfig: Setting CVar [[r.CustomDepth:1]]
[2019.10.24-21.38.15:612][  0]LogConfig: Setting CVar [[r.CustomDepthTemporalAAJitter:1]]
[2019.10.24-21.38.15:612][  0]LogConfig: Setting CVar [[r.PostProcessing.PropagateAlpha:0]]
[2019.10.24-21.38.15:612][  0]LogConfig: Setting CVar [[r.DefaultFeature.Bloom:0]]
[2019.10.24-21.38.15:612][  0]LogConfig: Setting CVar [[r.DefaultFeature.AmbientOcclusion:0]]
[2019.10.24-21.38.15:612][  0]LogConfig: Setting CVar [[r.DefaultFeature.AmbientOcclusionStaticFraction:1]]
[2019.10.24-21.38.15:612][  0]LogConfig: Setting CVar [[r.DefaultFeature.AutoExposure:0]]
[2019.10.24-21.38.15:612][  0]LogConfig: Setting CVar [[r.DefaultFeature.AutoExposure.Method:0]]
[2019.10.24-21.38.15:612][  0]LogConfig: Setting CVar [[r.DefaultFeature.AutoExposure.ExtendDefaultLuminanceRange:1]]
[2019.10.24-21.38.15:612][  0]LogConfig: Setting CVar [[r.UsePreExposure:0]]
[2019.10.24-21.38.15:612][  0]LogConfig: Setting CVar [[r.DefaultFeature.MotionBlur:0]]
[2019.10.24-21.38.15:612][  0]LogConfig: Setting CVar [[r.DefaultFeature.LensFlare:0]]
[2019.10.24-21.38.15:612][  0]LogConfig: Setting CVar [[r.TemporalAA.Upsampling:0]]
[2019.10.24-21.38.15:612][  0]LogConfig: Setting CVar [[r.DefaultFeature.AntiAliasing:0]]
[2019.10.24-21.38.15:612][  0]LogConfig: Setting CVar [[r.DefaultFeature.LightUnits:1]]
[2019.10.24-21.38.15:612][  0]LogConfig: Setting CVar [[r.DefaultBackBufferPixelFormat:4]]
[2019.10.24-21.38.15:612][  0]LogConfig: Setting CVar [[r.Shadow.UnbuiltPreviewInGame:1]]
[2019.10.24-21.38.15:612][  0]LogConfig: Setting CVar [[r.StencilForLODDither:0]]
[2019.10.24-21.38.15:612][  0]LogConfig: Setting CVar [[r.EarlyZPass:3]]
[2019.10.24-21.38.15:640][  0]LogConfig: Setting CVar [[r.EarlyZPassOnlyMaterialMasking:0]]
[2019.10.24-21.38.15:640][  0]LogConfig: Setting CVar [[r.DBuffer:1]]
[2019.10.24-21.38.15:640][  0]LogConfig: Setting CVar [[r.ClearSceneMethod:1]]
[2019.10.24-21.38.15:640][  0]LogConfig: Setting CVar [[r.BasePassOutputsVelocity:0]]
[2019.10.24-21.38.15:640][  0]LogConfig: Setting CVar [[r.SelectiveBasePassOutputs:0]]
[2019.10.24-21.38.15:640][  0]LogConfig: Setting CVar [[fx.GPUSimulationTextureSizeX:1024]]
[2019.10.24-21.38.15:640][  0]LogConfig: Setting CVar [[fx.GPUSimulationTextureSizeY:1024]]
[2019.10.24-21.38.15:640][  0]LogConfig: Setting CVar [[r.AllowGlobalClipPlane:0]]
[2019.10.24-21.38.15:640][  0]LogConfig: Setting CVar [[r.GBufferFormat:1]]
[2019.10.24-21.38.15:640][  0]LogConfig: Setting CVar [[r.MorphTarget.Mode:1]]
[2019.10.24-21.38.15:640][  0]LogConfig: Setting CVar [[vr.InstancedStereo:0]]
[2019.10.24-21.38.15:640][  0]LogConfig: Setting CVar [[vr.MultiView:0]]
[2019.10.24-21.38.15:640][  0]LogConfig: Setting CVar [[vr.MobileMultiView:0]]
[2019.10.24-21.38.15:640][  0]LogConfig: Setting CVar [[vr.MobileMultiView.Direct:0]]
[2019.10.24-21.38.15:640][  0]LogConfig: Setting CVar [[vr.RoundRobinOcclusion:0]]
[2019.10.24-21.38.15:640][  0]LogConfig: Setting CVar [[vr.ODSCapture:0]]
[2019.10.24-21.38.15:640][  0]LogConfig: Setting CVar [[r.WireframeCullThreshold:5.000000]]
[2019.10.24-21.38.15:640][  0]LogConfig: Setting CVar [[r.RayTracing:0]]
[2019.10.24-21.38.15:640][  0]LogConfig: Setting CVar [[r.SupportStationarySkylight:1]]
[2019.10.24-21.38.15:640][  0]LogConfig: Setting CVar [[r.SupportLowQualityLightmaps:1]]
[2019.10.24-21.38.15:640][  0]LogConfig: Setting CVar [[r.SupportPointLightWholeSceneShadows:1]]
[2019.10.24-21.38.15:640][  0]LogConfig: Setting CVar [[r.SupportAtmosphericFog:1]]
[2019.10.24-21.38.15:640][  0]LogConfig: Setting CVar [[r.SkinCache.CompileShaders:0]]
[2019.10.24-21.38.15:640][  0]LogConfig: Setting CVar [[r.Mobile.EnableStaticAndCSMShadowReceivers:1]]
[2019.10.24-21.38.15:640][  0]LogConfig: Setting CVar [[r.Mobile.EnableMovableLightCSMShaderCulling:1]]
[2019.10.24-21.38.15:640][  0]LogConfig: Setting CVar [[r.Mobile.AllowDistanceFieldShadows:1]]
[2019.10.24-21.38.15:640][  0]LogConfig: Setting CVar [[r.Mobile.AllowMovableDirectionalLights:1]]
[2019.10.24-21.38.15:640][  0]LogConfig: Setting CVar [[r.MobileNumDynamicPointLights:4]]
[2019.10.24-21.38.15:640][  0]LogConfig: Setting CVar [[r.MobileDynamicPointLightsUseStaticBranch:1]]
[2019.10.24-21.38.15:640][  0]LogConfig: Setting CVar [[r.Mobile.EnableMovableSpotlights:0]]
[2019.10.24-21.38.15:640][  0]LogConfig: Setting CVar [[r.SkinCache.SceneMemoryLimitInMB:128.000000]]
[2019.10.24-21.38.15:640][  0]LogConfig: Setting CVar [[r.GPUSkin.Limit2BoneInfluences:0]]
[2019.10.24-21.38.15:640][  0]LogConfig: Setting CVar [[r.SupportDepthOnlyIndexBuffers:1]]
[2019.10.24-21.38.15:640][  0]LogConfig: Setting CVar [[r.SupportReversedIndexBuffers:1]]
[2019.10.24-21.38.15:640][  0]LogConfig: Setting CVar [[r.SupportMaterialLayers:0]]
[2019.10.24-21.38.15:640][  0]LogConfig: Applying CVar settings from Section [/Script/Engine.RendererOverrideSettings] File [C:/Users/ALE/Documents/GAME 3 sem/GAME 2332 PROJECT DEVEL/HW3 - GAME/AD_P_v0/Saved/Config/Windows/Engine.ini]
[2019.10.24-21.38.15:640][  0]LogConfig: Applying CVar settings from Section [/Script/Engine.StreamingSettings] File [C:/Users/ALE/Documents/GAME 3 sem/GAME 2332 PROJECT DEVEL/HW3 - GAME/AD_P_v0/Saved/Config/Windows/Engine.ini]
[2019.10.24-21.38.15:640][  0]LogConfig: Setting CVar [[s.MinBulkDataSizeForAsyncLoading:131072]]
[2019.10.24-21.38.15:640][  0]LogConfig: Setting CVar [[s.AsyncLoadingThreadEnabled:0]]
[2019.10.24-21.38.15:640][  0]LogConfig: Setting CVar [[s.EventDrivenLoaderEnabled:1]]
[2019.10.24-21.38.15:640][  0]LogConfig: Setting CVar [[s.WarnIfTimeLimitExceeded:0]]
[2019.10.24-21.38.15:641][  0]LogConfig: Setting CVar [[s.TimeLimitExceededMultiplier:1.5]]
[2019.10.24-21.38.15:641][  0]LogConfig: Setting CVar [[s.TimeLimitExceededMinTime:0.005]]
[2019.10.24-21.38.15:641][  0]LogConfig: Setting CVar [[s.UseBackgroundLevelStreaming:1]]
[2019.10.24-21.38.15:641][  0]LogConfig: Setting CVar [[s.PriorityAsyncLoadingExtraTime:15.0]]
[2019.10.24-21.38.15:641][  0]LogConfig: Setting CVar [[s.LevelStreamingActorsUpdateTimeLimit:5.0]]
[2019.10.24-21.38.15:641][  0]LogConfig: Setting CVar [[s.PriorityLevelStreamingActorsUpdateExtraTime:5.0]]
[2019.10.24-21.38.15:641][  0]LogConfig: Setting CVar [[s.LevelStreamingComponentsRegistrationGranularity:10]]
[2019.10.24-21.38.15:641][  0]LogConfig: Setting CVar [[s.UnregisterComponentsTimeLimit:1.0]]
[2019.10.24-21.38.15:641][  0]LogConfig: Setting CVar [[s.LevelStreamingComponentsUnregistrationGranularity:5]]
[2019.10.24-21.38.15:641][  0]LogConfig: Applying CVar settings from Section [/Script/Engine.GarbageCollectionSettings] File [C:/Users/ALE/Documents/GAME 3 sem/GAME 2332 PROJECT DEVEL/HW3 - GAME/AD_P_v0/Saved/Config/Windows/Engine.ini]
[2019.10.24-21.38.15:641][  0]LogConfig: Setting CVar [[gc.MaxObjectsNotConsideredByGC:1]]
[2019.10.24-21.38.15:641][  0]LogConfig: Setting CVar [[gc.SizeOfPermanentObjectPool:0]]
[2019.10.24-21.38.15:641][  0]LogConfig: Setting CVar [[gc.FlushStreamingOnGC:0]]
[2019.10.24-21.38.15:641][  0]LogConfig: Setting CVar [[gc.NumRetriesBeforeForcingGC:10]]
[2019.10.24-21.38.15:641][  0]LogConfig: Setting CVar [[gc.AllowParallelGC:1]]
[2019.10.24-21.38.15:641][  0]LogConfig: Setting CVar [[gc.TimeBetweenPurgingPendingKillObjects:61.1]]
[2019.10.24-21.38.15:641][  0]LogConfig: Setting CVar [[gc.MaxObjectsInEditor:16777216]]
[2019.10.24-21.38.15:641][  0]LogConfig: Setting CVar [[gc.IncrementalBeginDestroyEnabled:1]]
[2019.10.24-21.38.15:641][  0]LogConfig: Setting CVar [[gc.CreateGCClusters:1]]
[2019.10.24-21.38.15:641][  0]LogConfig: Setting CVar [[gc.MinGCClusterSize:5]]
[2019.10.24-21.38.15:641][  0]LogConfig: Setting CVar [[gc.ActorClusteringEnabled:0]]
[2019.10.24-21.38.15:641][  0]LogConfig: Setting CVar [[gc.BlueprintClusteringEnabled:0]]
[2019.10.24-21.38.15:641][  0]LogConfig: Setting CVar [[gc.UseDisregardForGCOnDedicatedServers:0]]
[2019.10.24-21.38.15:641][  0]LogConfig: Applying CVar settings from Section [/Script/Engine.NetworkSettings] File [C:/Users/ALE/Documents/GAME 3 sem/GAME 2332 PROJECT DEVEL/HW3 - GAME/AD_P_v0/Saved/Config/Windows/Engine.ini]
[2019.10.24-21.38.15:641][  0]LogConfig: Applying CVar settings from Section [/Script/UnrealEd.CookerSettings] File [C:/Users/ALE/Documents/GAME 3 sem/GAME 2332 PROJECT DEVEL/HW3 - GAME/AD_P_v0/Saved/Config/Windows/Engine.ini]
[2019.10.24-21.38.15:735][  0]LogConfig: Applying CVar settings from Section [ViewDistanceQuality@3] File [C:/Users/ALE/Documents/GAME 3 sem/GAME 2332 PROJECT DEVEL/HW3 - GAME/AD_P_v0/Saved/Config/Windows/Scalability.ini]
[2019.10.24-21.38.15:735][  0]LogConfig: Setting CVar [[r.SkeletalMeshLODBias:0]]
[2019.10.24-21.38.15:736][  0]LogConfig: Setting CVar [[r.ViewDistanceScale:1.0]]
[2019.10.24-21.38.15:736][  0]LogConfig: Applying CVar settings from Section [AntiAliasingQuality@3] File [C:/Users/ALE/Documents/GAME 3 sem/GAME 2332 PROJECT DEVEL/HW3 - GAME/AD_P_v0/Saved/Config/Windows/Scalability.ini]
[2019.10.24-21.38.15:736][  0]LogConfig: Setting CVar [[r.PostProcessAAQuality:4]]
[2019.10.24-21.38.15:736][  0]LogConfig: Applying CVar settings from Section [ShadowQuality@3] File [C:/Users/ALE/Documents/GAME 3 sem/GAME 2332 PROJECT DEVEL/HW3 - GAME/AD_P_v0/Saved/Config/Windows/Scalability.ini]
[2019.10.24-21.38.15:736][  0]LogConfig: Setting CVar [[r.LightFunctionQuality:1]]
[2019.10.24-21.38.15:736][  0]LogConfig: Setting CVar [[r.ShadowQuality:5]]
[2019.10.24-21.38.15:736][  0]LogConfig: Setting CVar [[r.Shadow.CSM.MaxCascades:10]]
[2019.10.24-21.38.15:736][  0]LogConfig: Setting CVar [[r.Shadow.MaxResolution:2048]]
[2019.10.24-21.38.15:736][  0]LogConfig: Setting CVar [[r.Shadow.MaxCSMResolution:2048]]
[2019.10.24-21.38.15:736][  0]LogConfig: Setting CVar [[r.Shadow.RadiusThreshold:0.01]]
[2019.10.24-21.38.15:737][  0]LogConfig: Setting CVar [[r.Shadow.DistanceScale:1.0]]
[2019.10.24-21.38.15:737][  0]LogConfig: Setting CVar [[r.Shadow.CSM.TransitionScale:1.0]]
[2019.10.24-21.38.15:737][  0]LogConfig: Setting CVar [[r.Shadow.PreShadowResolutionFactor:1.0]]
[2019.10.24-21.38.15:737][  0]LogConfig: Setting CVar [[r.DistanceFieldShadowing:1]]
[2019.10.24-21.38.15:737][  0]LogConfig: Setting CVar [[r.DistanceFieldAO:1]]
[2019.10.24-21.38.15:737][  0]LogConfig: Setting CVar [[r.AOQuality:2]]
[2019.10.24-21.38.15:737][  0]LogConfig: Setting CVar [[r.VolumetricFog:1]]
[2019.10.24-21.38.15:737][  0]LogConfig: Setting CVar [[r.VolumetricFog.GridPixelSize:8]]
[2019.10.24-21.38.15:737][  0]LogConfig: Setting CVar [[r.VolumetricFog.GridSizeZ:128]]
[2019.10.24-21.38.15:737][  0]LogConfig: Setting CVar [[r.VolumetricFog.HistoryMissSupersampleCount:4]]
[2019.10.24-21.38.15:738][  0]LogConfig: Setting CVar [[r.LightMaxDrawDistanceScale:1]]
[2019.10.24-21.38.15:738][  0]LogConfig: Setting CVar [[r.CapsuleShadows:1]]
[2019.10.24-21.38.15:738][  0]LogConfig: Applying CVar settings from Section [PostProcessQuality@3] File [C:/Users/ALE/Documents/GAME 3 sem/GAME 2332 PROJECT DEVEL/HW3 - GAME/AD_P_v0/Saved/Config/Windows/Scalability.ini]
[2019.10.24-21.38.15:738][  0]LogConfig: Setting CVar [[r.MotionBlurQuality:4]]
[2019.10.24-21.38.15:738][  0]LogConfig: Setting CVar [[r.AmbientOcclusionMipLevelFactor:0.4]]
[2019.10.24-21.38.15:738][  0]LogConfig: Setting CVar [[r.AmbientOcclusionMaxQuality:100]]
[2019.10.24-21.38.15:738][  0]LogConfig: Setting CVar [[r.AmbientOcclusionLevels:-1]]
[2019.10.24-21.38.15:739][  0]LogConfig: Setting CVar [[r.AmbientOcclusionRadiusScale:1.0]]
[2019.10.24-21.38.15:739][  0]LogConfig: Setting CVar [[r.DepthOfFieldQuality:2]]
[2019.10.24-21.38.15:739][  0]LogConfig: Setting CVar [[r.RenderTargetPoolMin:400]]
[2019.10.24-21.38.15:739][  0]LogConfig: Setting CVar [[r.LensFlareQuality:2]]
[2019.10.24-21.38.15:739][  0]LogConfig: Setting CVar [[r.SceneColorFringeQuality:1]]
[2019.10.24-21.38.15:739][  0]LogConfig: Setting CVar [[r.EyeAdaptationQuality:2]]
[2019.10.24-21.38.15:739][  0]LogConfig: Setting CVar [[r.BloomQuality:5]]
[2019.10.24-21.38.15:739][  0]LogConfig: Setting CVar [[r.FastBlurThreshold:100]]
[2019.10.24-21.38.15:740][  0]LogConfig: Setting CVar [[r.Upscale.Quality:3]]
[2019.10.24-21.38.15:740][  0]LogConfig: Setting CVar [[r.Tonemapper.GrainQuantization:1]]
[2019.10.24-21.38.15:740][  0]LogConfig: Setting CVar [[r.LightShaftQuality:1]]
[2019.10.24-21.38.15:740][  0]LogConfig: Setting CVar [[r.Filter.SizeScale:1]]
[2019.10.24-21.38.15:740][  0]LogConfig: Setting CVar [[r.Tonemapper.Quality:5]]
[2019.10.24-21.38.15:740][  0]LogConfig: Setting CVar [[r.DOF.Gather.AccumulatorQuality:1        ; higher gathering accumulator quality]]
[2019.10.24-21.38.15:740][  0]LogConfig: Setting CVar [[r.DOF.Gather.PostfilterMethod:1          ; Median3x3 postfilering method]]
[2019.10.24-21.38.15:740][  0]LogConfig: Setting CVar [[r.DOF.Gather.EnableBokehSettings:0       ; no bokeh simulation when gathering]]
[2019.10.24-21.38.15:740][  0]LogConfig: Setting CVar [[r.DOF.Gather.RingCount:4                 ; medium number of samples when gathering]]
[2019.10.24-21.38.15:740][  0]LogConfig: Setting CVar [[r.DOF.Scatter.ForegroundCompositing:1    ; additive foreground scattering]]
[2019.10.24-21.38.15:741][  0]LogConfig: Setting CVar [[r.DOF.Scatter.BackgroundCompositing:2    ; additive background scattering]]
[2019.10.24-21.38.15:741][  0]LogConfig: Setting CVar [[r.DOF.Scatter.EnableBokehSettings:1      ; bokeh simulation when scattering]]
[2019.10.24-21.38.15:741][  0]LogConfig: Setting CVar [[r.DOF.Scatter.MaxSpriteRatio:0.1         ; only a maximum of 10% of scattered bokeh]]
[2019.10.24-21.38.15:741][  0]LogConfig: Setting CVar [[r.DOF.Recombine.Quality:1                ; cheap slight out of focus]]
[2019.10.24-21.38.15:741][  0]LogConfig: Setting CVar [[r.DOF.Recombine.EnableBokehSettings:0    ; no bokeh simulation on slight out of focus]]
[2019.10.24-21.38.15:741][  0]LogConfig: Setting CVar [[r.DOF.TemporalAAQuality:1                ; more stable temporal accumulation]]
[2019.10.24-21.38.15:741][  0]LogConfig: Setting CVar [[r.DOF.Kernel.MaxForegroundRadius:0.025]]
[2019.10.24-21.38.15:741][  0]LogConfig: Setting CVar [[r.DOF.Kernel.MaxBackgroundRadius:0.025]]
[2019.10.24-21.38.15:741][  0]LogConfig: Applying CVar settings from Section [TextureQuality@3] File [C:/Users/ALE/Documents/GAME 3 sem/GAME 2332 PROJECT DEVEL/HW3 - GAME/AD_P_v0/Saved/Config/Windows/Scalability.ini]
[2019.10.24-21.38.15:742][  0]LogConfig: Setting CVar [[r.Streaming.MipBias:0]]
[2019.10.24-21.38.15:742][  0]LogConfig: Setting CVar [[r.Streaming.AmortizeCPUToGPUCopy:0]]
[2019.10.24-21.38.15:742][  0]LogConfig: Setting CVar [[r.Streaming.MaxNumTexturesToStreamPerFrame:0]]
[2019.10.24-21.38.15:742][  0]LogConfig: Setting CVar [[r.Streaming.Boost:1]]
[2019.10.24-21.38.15:742][  0]LogConfig: Setting CVar [[r.MaxAnisotropy:8]]
[2019.10.24-21.38.15:742][  0]LogConfig: Setting CVar [[r.Streaming.LimitPoolSizeToVRAM:0]]
[2019.10.24-21.38.15:742][  0]LogConfig: Setting CVar [[r.Streaming.PoolSize:1000]]
[2019.10.24-21.38.15:742][  0]LogConfig: Setting CVar [[r.Streaming.MaxEffectiveScreenSize:0]]
[2019.10.24-21.38.15:742][  0]LogConfig: Applying CVar settings from Section [EffectsQuality@3] File [C:/Users/ALE/Documents/GAME 3 sem/GAME 2332 PROJECT DEVEL/HW3 - GAME/AD_P_v0/Saved/Config/Windows/Scalability.ini]
[2019.10.24-21.38.15:742][  0]LogConfig: Setting CVar [[r.TranslucencyLightingVolumeDim:64]]
[2019.10.24-21.38.15:743][  0]LogConfig: Setting CVar [[r.RefractionQuality:2]]
[2019.10.24-21.38.15:743][  0]LogConfig: Setting CVar [[r.SSR.Quality:3]]
[2019.10.24-21.38.15:743][  0]LogConfig: Setting CVar [[r.SceneColorFormat:4]]
[2019.10.24-21.38.15:743][  0]LogConfig: Setting CVar [[r.DetailMode:2]]
[2019.10.24-21.38.15:743][  0]LogConfig: Setting CVar [[r.TranslucencyVolumeBlur:1]]
[2019.10.24-21.38.15:743][  0]LogConfig: Setting CVar [[r.MaterialQualityLevel:1 ; High quality]]
[2019.10.24-21.38.15:743][  0]LogConfig: Setting CVar [[r.SSS.Scale:1]]
[2019.10.24-21.38.15:743][  0]LogConfig: Setting CVar [[r.SSS.SampleSet:2]]
[2019.10.24-21.38.15:743][  0]LogConfig: Setting CVar [[r.SSS.Quality:1]]
[2019.10.24-21.38.15:743][  0]LogConfig: Setting CVar [[r.SSS.HalfRes:1]]
[2019.10.24-21.38.15:743][  0]LogConfig: Setting CVar [[r.EmitterSpawnRateScale:1.0]]
[2019.10.24-21.38.15:744][  0]LogConfig: Setting CVar [[r.ParticleLightQuality:2]]
[2019.10.24-21.38.15:744][  0]LogConfig: Applying CVar settings from Section [FoliageQuality@3] File [C:/Users/ALE/Documents/GAME 3 sem/GAME 2332 PROJECT DEVEL/HW3 - GAME/AD_P_v0/Saved/Config/Windows/Scalability.ini]
[2019.10.24-21.38.15:744][  0]LogConfig: Setting CVar [[foliage.DensityScale:1.0]]
[2019.10.24-21.38.15:744][  0]LogConfig: Setting CVar [[grass.DensityScale:1.0]]
[2019.10.24-21.38.15:838][  0]LogInit: Selected Device Profile: [Windows]
[2019.10.24-21.38.15:852][  0]LogInit: Applying CVar settings loaded from the selected device profile: [Windows]
[2019.10.24-21.38.15:940][  0]LogHAL: Display: Platform has ~ 12 GB [12764549120 / 17179869184 / 12], which maps to Larger [LargestMinGB=32, LargerMinGB=12, DefaultMinGB=8, SmallerMinGB=6, SmallestMinGB=0)
[2019.10.24-21.38.15:940][  0]LogInit: Going up to parent DeviceProfile []
[2019.10.24-21.38.15:940][  0]LogConfig: Applying CVar settings from Section [ViewDistanceQuality@3] File [C:/Users/ALE/Documents/GAME 3 sem/GAME 2332 PROJECT DEVEL/HW3 - GAME/AD_P_v0/Saved/Config/Windows/Scalability.ini]
[2019.10.24-21.38.15:940][  0]LogConfig: Setting CVar [[r.SkeletalMeshLODBias:0]]
[2019.10.24-21.38.15:940][  0]LogConfig: Setting CVar [[r.ViewDistanceScale:1.0]]
[2019.10.24-21.38.15:940][  0]LogConfig: Applying CVar settings from Section [AntiAliasingQuality@3] File [C:/Users/ALE/Documents/GAME 3 sem/GAME 2332 PROJECT DEVEL/HW3 - GAME/AD_P_v0/Saved/Config/Windows/Scalability.ini]
[2019.10.24-21.38.15:940][  0]LogConfig: Setting CVar [[r.PostProcessAAQuality:4]]
[2019.10.24-21.38.15:940][  0]LogConfig: Applying CVar settings from Section [ShadowQuality@3] File [C:/Users/ALE/Documents/GAME 3 sem/GAME 2332 PROJECT DEVEL/HW3 - GAME/AD_P_v0/Saved/Config/Windows/Scalability.ini]
[2019.10.24-21.38.15:940][  0]LogConfig: Setting CVar [[r.LightFunctionQuality:1]]
[2019.10.24-21.38.15:940][  0]LogConfig: Setting CVar [[r.ShadowQuality:5]]
[2019.10.24-21.38.15:940][  0]LogConfig: Setting CVar [[r.Shadow.CSM.MaxCascades:10]]
[2019.10.24-21.38.15:940][  0]LogConfig: Setting CVar [[r.Shadow.MaxResolution:2048]]
[2019.10.24-21.38.15:941][  0]LogConfig: Setting CVar [[r.Shadow.MaxCSMResolution:2048]]
[2019.10.24-21.38.15:941][  0]LogConfig: Setting CVar [[r.Shadow.RadiusThreshold:0.01]]
[2019.10.24-21.38.15:941][  0]LogConfig: Setting CVar [[r.Shadow.DistanceScale:1.0]]
[2019.10.24-21.38.15:941][  0]LogConfig: Setting CVar [[r.Shadow.CSM.TransitionScale:1.0]]
[2019.10.24-21.38.15:941][  0]LogConfig: Setting CVar [[r.Shadow.PreShadowResolutionFactor:1.0]]
[2019.10.24-21.38.15:941][  0]LogConfig: Setting CVar [[r.DistanceFieldShadowing:1]]
[2019.10.24-21.38.15:941][  0]LogConfig: Setting CVar [[r.DistanceFieldAO:1]]
[2019.10.24-21.38.15:941][  0]LogConfig: Setting CVar [[r.AOQuality:2]]
[2019.10.24-21.38.15:941][  0]LogConfig: Setting CVar [[r.VolumetricFog:1]]
[2019.10.24-21.38.15:941][  0]LogConfig: Setting CVar [[r.VolumetricFog.GridPixelSize:8]]
[2019.10.24-21.38.15:941][  0]LogConfig: Setting CVar [[r.VolumetricFog.GridSizeZ:128]]
[2019.10.24-21.38.15:941][  0]LogConfig: Setting CVar [[r.VolumetricFog.HistoryMissSupersampleCount:4]]
[2019.10.24-21.38.15:941][  0]LogConfig: Setting CVar [[r.LightMaxDrawDistanceScale:1]]
[2019.10.24-21.38.15:941][  0]LogConfig: Setting CVar [[r.CapsuleShadows:1]]
[2019.10.24-21.38.15:941][  0]LogConfig: Applying CVar settings from Section [PostProcessQuality@3] File [C:/Users/ALE/Documents/GAME 3 sem/GAME 2332 PROJECT DEVEL/HW3 - GAME/AD_P_v0/Saved/Config/Windows/Scalability.ini]
[2019.10.24-21.38.15:941][  0]LogConfig: Setting CVar [[r.MotionBlurQuality:4]]
[2019.10.24-21.38.15:941][  0]LogConfig: Setting CVar [[r.AmbientOcclusionMipLevelFactor:0.4]]
[2019.10.24-21.38.15:941][  0]LogConfig: Setting CVar [[r.AmbientOcclusionMaxQuality:100]]
[2019.10.24-21.38.15:941][  0]LogConfig: Setting CVar [[r.AmbientOcclusionLevels:-1]]
[2019.10.24-21.38.15:941][  0]LogConfig: Setting CVar [[r.AmbientOcclusionRadiusScale:1.0]]
[2019.10.24-21.38.15:941][  0]LogConfig: Setting CVar [[r.DepthOfFieldQuality:2]]
[2019.10.24-21.38.15:941][  0]LogConfig: Setting CVar [[r.RenderTargetPoolMin:400]]
[2019.10.24-21.38.15:941][  0]LogConfig: Setting CVar [[r.LensFlareQuality:2]]
[2019.10.24-21.38.15:941][  0]LogConfig: Setting CVar [[r.SceneColorFringeQuality:1]]
[2019.10.24-21.38.15:941][  0]LogConfig: Setting CVar [[r.EyeAdaptationQuality:2]]
[2019.10.24-21.38.15:941][  0]LogConfig: Setting CVar [[r.BloomQuality:5]]
[2019.10.24-21.38.15:941][  0]LogConfig: Setting CVar [[r.FastBlurThreshold:100]]
[2019.10.24-21.38.15:941][  0]LogConfig: Setting CVar [[r.Upscale.Quality:3]]
[2019.10.24-21.38.15:941][  0]LogConfig: Setting CVar [[r.Tonemapper.GrainQuantization:1]]
[2019.10.24-21.38.15:941][  0]LogConfig: Setting CVar [[r.LightShaftQuality:1]]
[2019.10.24-21.38.15:941][  0]LogConfig: Setting CVar [[r.Filter.SizeScale:1]]
[2019.10.24-21.38.15:941][  0]LogConfig: Setting CVar [[r.Tonemapper.Quality:5]]
[2019.10.24-21.38.15:941][  0]LogConfig: Setting CVar [[r.DOF.Gather.AccumulatorQuality:1        ; higher gathering accumulator quality]]
[2019.10.24-21.38.15:941][  0]LogConfig: Setting CVar [[r.DOF.Gather.PostfilterMethod:1          ; Median3x3 postfilering method]]
[2019.10.24-21.38.15:941][  0]LogConfig: Setting CVar [[r.DOF.Gather.EnableBokehSettings:0       ; no bokeh simulation when gathering]]
[2019.10.24-21.38.15:941][  0]LogConfig: Setting CVar [[r.DOF.Gather.RingCount:4                 ; medium number of samples when gathering]]
[2019.10.24-21.38.15:941][  0]LogConfig: Setting CVar [[r.DOF.Scatter.ForegroundCompositing:1    ; additive foreground scattering]]
[2019.10.24-21.38.15:941][  0]LogConfig: Setting CVar [[r.DOF.Scatter.BackgroundCompositing:2    ; additive background scattering]]
[2019.10.24-21.38.15:941][  0]LogConfig: Setting CVar [[r.DOF.Scatter.EnableBokehSettings:1      ; bokeh simulation when scattering]]
[2019.10.24-21.38.15:941][  0]LogConfig: Setting CVar [[r.DOF.Scatter.MaxSpriteRatio:0.1         ; only a maximum of 10% of scattered bokeh]]
[2019.10.24-21.38.15:941][  0]LogConfig: Setting CVar [[r.DOF.Recombine.Quality:1                ; cheap slight out of focus]]
[2019.10.24-21.38.15:941][  0]LogConfig: Setting CVar [[r.DOF.Recombine.EnableBokehSettings:0    ; no bokeh simulation on slight out of focus]]
[2019.10.24-21.38.15:941][  0]LogConfig: Setting CVar [[r.DOF.TemporalAAQuality:1                ; more stable temporal accumulation]]
[2019.10.24-21.38.15:941][  0]LogConfig: Setting CVar [[r.DOF.Kernel.MaxForegroundRadius:0.025]]
[2019.10.24-21.38.15:941][  0]LogConfig: Setting CVar [[r.DOF.Kernel.MaxBackgroundRadius:0.025]]
[2019.10.24-21.38.15:941][  0]LogConfig: Applying CVar settings from Section [TextureQuality@3] File [C:/Users/ALE/Documents/GAME 3 sem/GAME 2332 PROJECT DEVEL/HW3 - GAME/AD_P_v0/Saved/Config/Windows/Scalability.ini]
[2019.10.24-21.38.15:941][  0]LogConfig: Setting CVar [[r.Streaming.MipBias:0]]
[2019.10.24-21.38.15:941][  0]LogConfig: Setting CVar [[r.Streaming.AmortizeCPUToGPUCopy:0]]
[2019.10.24-21.38.15:941][  0]LogConfig: Setting CVar [[r.Streaming.MaxNumTexturesToStreamPerFrame:0]]
[2019.10.24-21.38.15:941][  0]LogConfig: Setting CVar [[r.Streaming.Boost:1]]
[2019.10.24-21.38.15:941][  0]LogConfig: Setting CVar [[r.MaxAnisotropy:8]]
[2019.10.24-21.38.15:942][  0]LogConfig: Setting CVar [[r.Streaming.LimitPoolSizeToVRAM:0]]
[2019.10.24-21.38.15:942][  0]LogConfig: Setting CVar [[r.Streaming.PoolSize:1000]]
[2019.10.24-21.38.15:942][  0]LogConfig: Setting CVar [[r.Streaming.MaxEffectiveScreenSize:0]]
[2019.10.24-21.38.15:942][  0]LogConfig: Applying CVar settings from Section [EffectsQuality@3] File [C:/Users/ALE/Documents/GAME 3 sem/GAME 2332 PROJECT DEVEL/HW3 - GAME/AD_P_v0/Saved/Config/Windows/Scalability.ini]
[2019.10.24-21.38.15:942][  0]LogConfig: Setting CVar [[r.TranslucencyLightingVolumeDim:64]]
[2019.10.24-21.38.15:942][  0]LogConfig: Setting CVar [[r.RefractionQuality:2]]
[2019.10.24-21.38.15:942][  0]LogConfig: Setting CVar [[r.SSR.Quality:3]]
[2019.10.24-21.38.15:942][  0]LogConfig: Setting CVar [[r.SceneColorFormat:4]]
[2019.10.24-21.38.15:942][  0]LogConfig: Setting CVar [[r.DetailMode:2]]
[2019.10.24-21.38.15:942][  0]LogConfig: Setting CVar [[r.TranslucencyVolumeBlur:1]]
[2019.10.24-21.38.15:942][  0]LogConfig: Setting CVar [[r.MaterialQualityLevel:1 ; High quality]]
[2019.10.24-21.38.15:942][  0]LogConfig: Setting CVar [[r.SSS.Scale:1]]
[2019.10.24-21.38.15:942][  0]LogConfig: Setting CVar [[r.SSS.SampleSet:2]]
[2019.10.24-21.38.15:942][  0]LogConfig: Setting CVar [[r.SSS.Quality:1]]
[2019.10.24-21.38.15:942][  0]LogConfig: Setting CVar [[r.SSS.HalfRes:1]]
[2019.10.24-21.38.15:942][  0]LogConfig: Setting CVar [[r.EmitterSpawnRateScale:1.0]]
[2019.10.24-21.38.15:942][  0]LogConfig: Setting CVar [[r.ParticleLightQuality:2]]
[2019.10.24-21.38.15:942][  0]LogConfig: Applying CVar settings from Section [FoliageQuality@3] File [C:/Users/ALE/Documents/GAME 3 sem/GAME 2332 PROJECT DEVEL/HW3 - GAME/AD_P_v0/Saved/Config/Windows/Scalability.ini]
[2019.10.24-21.38.15:942][  0]LogConfig: Setting CVar [[foliage.DensityScale:1.0]]
[2019.10.24-21.38.15:942][  0]LogConfig: Setting CVar [[grass.DensityScale:1.0]]
[2019.10.24-21.38.15:942][  0]LogConfig: Applying CVar settings from Section [Startup] File [../../../Engine/Config/ConsoleVariables.ini]
[2019.10.24-21.38.15:958][  0]LogConfig: Setting CVar [[net.UseAdaptiveNetUpdateFrequency:0]]
[2019.10.24-21.38.15:958][  0]LogConfig: Setting CVar [[p.chaos.AllowCreatePhysxBodies:1]]
[2019.10.24-21.38.15:958][  0]LogConfig: Applying CVar settings from Section [ConsoleVariables] File [C:/Users/ALE/Documents/GAME 3 sem/GAME 2332 PROJECT DEVEL/HW3 - GAME/AD_P_v0/Saved/Config/Windows/Engine.ini]
[2019.10.24-21.38.15:999][  0]LogInit: Computer: ALE-CP
[2019.10.24-21.38.15:999][  0]LogInit: User: ALE
[2019.10.24-21.38.15:999][  0]LogInit: CPU Page size=4096, Cores=2
[2019.10.24-21.38.15:999][  0]LogInit: High frequency timer resolution =10.000000 MHz
[2019.10.24-21.38.16:021][  0]LogMemory: Memory total: Physical=11.9GB (12GB approx)
[2019.10.24-21.38.16:021][  0]LogMemory: Platform Memory Stats for Windows
[2019.10.24-21.38.16:021][  0]LogMemory: Process Physical Memory: 101.08 MB used, 101.09 MB peak
[2019.10.24-21.38.16:021][  0]LogMemory: Process Virtual Memory: 98.38 MB used, 98.38 MB peak
[2019.10.24-21.38.16:021][  0]LogMemory: Physical Memory: 5514.08 MB used,  6659.14 MB free, 12173.22 MB total
[2019.10.24-21.38.16:021][  0]LogMemory: Virtual Memory: 4649.92 MB used,  134213080.00 MB free, 134217728.00 MB total
[2019.10.24-21.38.16:030][  0]LogWindows: WindowsPlatformFeatures enabled
[2019.10.24-21.38.17:858][  0]LogInit: Using OS detected language (en-US).
[2019.10.24-21.38.17:858][  0]LogInit: Using OS detected locale (en-US).
[2019.10.24-21.38.18:128][  0]LogTextLocalizationManager: No specific localization for 'en-US' exists, so the 'en' localization will be used.
[2019.10.24-21.38.20:564][  0]LogInit: Setting process to per monitor DPI aware
[2019.10.24-21.38.21:753][  0]LogSlate: New Slate User Created.  User Index 0, Is Virtual User: 0
[2019.10.24-21.38.21:753][  0]LogSlate: Slate User Registered.  User Index 0, Is Virtual User: 0
[2019.10.24-21.38.35:664][  0]LogHMD: Failed to initialize OpenVR with code 110
[2019.10.24-21.38.35:664][  0]LogD3D11RHI: D3D11 adapters:
[2019.10.24-21.38.35:903][  0]LogD3D11RHI:    0. 'Intel(R) HD Graphics 620' (Feature Level 11_0)
[2019.10.24-21.38.35:903][  0]LogD3D11RHI:       128/0/6086 MB DedicatedVideo/DedicatedSystem/SharedSystem, Outputs:1, VendorId:0x8086
[2019.10.24-21.38.35:906][  0]LogD3D11RHI:    1. 'Microsoft Basic Render Driver' (Feature Level 11_0)
[2019.10.24-21.38.35:906][  0]LogD3D11RHI:       0/0/6086 MB DedicatedVideo/DedicatedSystem/SharedSystem, Outputs:0, VendorId:0x1414
[2019.10.24-21.38.35:906][  0]LogD3D11RHI: Chosen D3D11 Adapter: 0
[2019.10.24-21.38.35:920][  0]LogD3D11RHI: Creating new Direct3DDevice
[2019.10.24-21.38.35:920][  0]LogD3D11RHI:     GPU DeviceId: 0x5916 (for the marketing name, search the web for "GPU Device Id")
[2019.10.24-21.38.35:920][  0]LogWindows: EnumDisplayDevices:
[2019.10.24-21.38.35:920][  0]LogWindows:    0. 'Intel(R) HD Graphics 620' (P:1 D:1)
[2019.10.24-21.38.35:920][  0]LogWindows:    1. 'Intel(R) HD Graphics 620' (P:0 D:0)
[2019.10.24-21.38.35:921][  0]LogWindows:    2. 'Intel(R) HD Graphics 620' (P:0 D:0)
[2019.10.24-21.38.35:921][  0]LogWindows: DebugString: FoundDriverCount:3 
[2019.10.24-21.38.35:921][  0]LogD3D11RHI:     Adapter Name: Intel(R) HD Graphics 620
[2019.10.24-21.38.35:921][  0]LogD3D11RHI:   Driver Version: 23.20.16.4973 (internal:23.20.16.4973, unified:23.20.16.4973)
[2019.10.24-21.38.35:922][  0]LogD3D11RHI:      Driver Date: 2-28-2018
[2019.10.24-21.38.35:922][  0]LogRHI: Texture pool is 1523 MB (70% of 2176 MB)
[2019.10.24-21.38.36:183][  0]LogD3D11RHI: Async texture creation enabled
[2019.10.24-21.38.36:400][  0]LogD3D11RHI: GPU Timing Frequency: 12.000048 (Debug: 2 0)
[2019.10.24-21.38.38:423][  0]LogTemp: Display: Module 'AllDesktopTargetPlatform' loaded TargetPlatform 'AllDesktop'
[2019.10.24-21.38.38:450][  0]LogTemp: Display: Module 'MacClientTargetPlatform' loaded TargetPlatform 'MacClient'
[2019.10.24-21.38.38:492][  0]LogTemp: Display: Module 'MacNoEditorTargetPlatform' loaded TargetPlatform 'MacNoEditor'
[2019.10.24-21.38.38:542][  0]LogTemp: Display: Module 'MacServerTargetPlatform' loaded TargetPlatform 'MacServer'
[2019.10.24-21.38.38:755][  0]LogTemp: Display: Module 'MacTargetPlatform' loaded TargetPlatform 'Mac'
[2019.10.24-21.38.39:103][  0]LogTemp: Display: Module 'WindowsClientTargetPlatform' loaded TargetPlatform 'WindowsClient'
[2019.10.24-21.38.39:170][  0]LogTemp: Display: Module 'WindowsNoEditorTargetPlatform' loaded TargetPlatform 'WindowsNoEditor'
[2019.10.24-21.38.39:222][  0]LogTemp: Display: Module 'WindowsServerTargetPlatform' loaded TargetPlatform 'WindowsServer'
[2019.10.24-21.38.39:245][  0]LogTemp: Display: Module 'WindowsTargetPlatform' loaded TargetPlatform 'Windows'
[2019.10.24-21.38.39:478][  0]LogTemp: Display: Module 'AndroidTargetPlatform' loaded TargetPlatform 'Android'
[2019.10.24-21.38.39:478][  0]LogTemp: Display: Module 'AndroidTargetPlatform' loaded TargetPlatform 'Android_ASTC'
[2019.10.24-21.38.39:478][  0]LogTemp: Display: Module 'AndroidTargetPlatform' loaded TargetPlatform 'Android_ATC'
[2019.10.24-21.38.39:478][  0]LogTemp: Display: Module 'AndroidTargetPlatform' loaded TargetPlatform 'Android_DXT'
[2019.10.24-21.38.39:478][  0]LogTemp: Display: Module 'AndroidTargetPlatform' loaded TargetPlatform 'Android_ETC1'
[2019.10.24-21.38.39:478][  0]LogTemp: Display: Module 'AndroidTargetPlatform' loaded TargetPlatform 'Android_ETC1a'
[2019.10.24-21.38.39:478][  0]LogTemp: Display: Module 'AndroidTargetPlatform' loaded TargetPlatform 'Android_ETC2'
[2019.10.24-21.38.39:478][  0]LogTemp: Display: Module 'AndroidTargetPlatform' loaded TargetPlatform 'Android_PVRTC'
[2019.10.24-21.38.39:478][  0]LogTemp: Display: Module 'AndroidTargetPlatform' loaded TargetPlatform 'AndroidClient'
[2019.10.24-21.38.39:478][  0]LogTemp: Display: Module 'AndroidTargetPlatform' loaded TargetPlatform 'Android_ASTCClient'
[2019.10.24-21.38.39:478][  0]LogTemp: Display: Module 'AndroidTargetPlatform' loaded TargetPlatform 'Android_ATCClient'
[2019.10.24-21.38.39:478][  0]LogTemp: Display: Module 'AndroidTargetPlatform' loaded TargetPlatform 'Android_DXTClient'
[2019.10.24-21.38.39:478][  0]LogTemp: Display: Module 'AndroidTargetPlatform' loaded TargetPlatform 'Android_ETC1Client'
[2019.10.24-21.38.39:478][  0]LogTemp: Display: Module 'AndroidTargetPlatform' loaded TargetPlatform 'Android_ETC1aClient'
[2019.10.24-21.38.39:478][  0]LogTemp: Display: Module 'AndroidTargetPlatform' loaded TargetPlatform 'Android_ETC2Client'
[2019.10.24-21.38.39:478][  0]LogTemp: Display: Module 'AndroidTargetPlatform' loaded TargetPlatform 'Android_PVRTCClient'
[2019.10.24-21.38.39:478][  0]LogTemp: Display: Module 'AndroidTargetPlatform' loaded TargetPlatform 'Android_Multi'
[2019.10.24-21.38.39:478][  0]LogTemp: Display: Module 'AndroidTargetPlatform' loaded TargetPlatform 'Android_MultiClient'
[2019.10.24-21.38.39:513][  0]LogTemp: Display: Module 'HTML5TargetPlatform' loaded TargetPlatform 'HTML5'
[2019.10.24-21.38.39:926][  0]LogTemp: Display: Module 'IOSTargetPlatform' loaded TargetPlatform 'IOSClient'
[2019.10.24-21.38.39:926][  0]LogTemp: Display: Module 'IOSTargetPlatform' loaded TargetPlatform 'IOS'
[2019.10.24-21.38.39:960][  0]LogTemp: Display: Module 'TVOSTargetPlatform' loaded TargetPlatform 'TVOSClient'
[2019.10.24-21.38.39:960][  0]LogTemp: Display: Module 'TVOSTargetPlatform' loaded TargetPlatform 'TVOS'
[2019.10.24-21.38.39:987][  0]LogTemp: Display: Module 'LinuxClientTargetPlatform' loaded TargetPlatform 'LinuxClient'
[2019.10.24-21.38.40:087][  0]LogTemp: Display: Module 'LinuxNoEditorTargetPlatform' loaded TargetPlatform 'LinuxNoEditor'
[2019.10.24-21.38.40:199][  0]LogTemp: Display: Module 'LinuxServerTargetPlatform' loaded TargetPlatform 'LinuxServer'
[2019.10.24-21.38.40:260][  0]LogTemp: Display: Module 'LinuxTargetPlatform' loaded TargetPlatform 'Linux'
[2019.10.24-21.38.40:412][  0]LogTemp: Display: Module 'LuminTargetPlatform' loaded TargetPlatform 'Lumin'
[2019.10.24-21.38.40:412][  0]LogTemp: Display: Module 'LuminTargetPlatform' loaded TargetPlatform 'LuminClient'
[2019.10.24-21.38.40:413][  0]LogTargetPlatformManager: Display: Building Assets For Windows
[2019.10.24-21.38.40:861][  0]LogAudioDebug: Display: Lib vorbis DLL was dynamically loaded.
[2019.10.24-21.38.41:940][  0]LogShaderCompilers: Guid format shader working directory is -48 characters bigger than the processId version (../../../../../../Users/ALE/Documents/GAME 3 sem/GAME 2332 PROJECT DEVEL/HW3 - GAME/AD_P_v0/Intermediate/Shaders/WorkingDirectory/17044/).
[2019.10.24-21.38.41:941][  0]LogShaderCompilers: Cleaned the shader compiler working directory 'C:/Users/ALE/AppData/Local/Temp/UnrealShaderWorkingDir/88E3CF2746A774C151A652A9F526A37D/'.
[2019.10.24-21.38.42:049][  0]LogXGEController: Cannot use XGE Controller as Incredibuild is not installed on this machine.
[2019.10.24-21.38.42:050][  0]LogShaderCompilers: Cannot use XGE Shader Compiler as Incredibuild is not installed on this machine.
[2019.10.24-21.38.42:050][  0]LogShaderCompilers: Display: Using Local Shader Compiler.
[2019.10.24-21.38.59:366][  0]LogDerivedDataCache: Display: Max Cache Size: 512 MB
[2019.10.24-21.39.00:346][  0]LogDerivedDataCache: Loaded boot cache 0.97s 76MB C:/Users/ALE/AppData/Local/UnrealEngine/4.23/DerivedDataCache/Boot.ddc.
[2019.10.24-21.39.00:346][  0]LogDerivedDataCache: Display: Loaded Boot cache: C:/Users/ALE/AppData/Local/UnrealEngine/4.23/DerivedDataCache/Boot.ddc
[2019.10.24-21.39.00:347][  0]LogDerivedDataCache: FDerivedDataBackendGraph:  Pak pak cache file ../../../../../../Users/ALE/Documents/GAME 3 sem/GAME 2332 PROJECT DEVEL/HW3 - GAME/AD_P_v0/DerivedDataCache/DDC.ddp not found, will not use a pak cache.
[2019.10.24-21.39.00:347][  0]LogDerivedDataCache: Unable to find inner node Pak for hierarchical cache Hierarchy.
[2019.10.24-21.39.00:347][  0]LogDerivedDataCache: FDerivedDataBackendGraph:  CompressedPak pak cache file ../../../../../../Users/ALE/Documents/GAME 3 sem/GAME 2332 PROJECT DEVEL/HW3 - GAME/AD_P_v0/DerivedDataCache/Compressed.ddp not found, will not use a pak cache.
[2019.10.24-21.39.00:347][  0]LogDerivedDataCache: Unable to find inner node CompressedPak for hierarchical cache Hierarchy.
[2019.10.24-21.39.00:615][  0]LogDerivedDataCache: Display: Pak cache opened for reading ../../../Engine/DerivedDataCache/Compressed.ddp.
[2019.10.24-21.39.00:616][  0]LogDerivedDataCache: FDerivedDataBackendGraph:  EnterprisePak pak cache file ../../../Enterprise/DerivedDataCache/Compressed.ddp not found, will not use a pak cache.
[2019.10.24-21.39.00:616][  0]LogDerivedDataCache: Unable to find inner node EnterprisePak for hierarchical cache Hierarchy.
[2019.10.24-21.39.00:618][  0]LogDerivedDataCache: Using Local data cache path C:/Users/ALE/AppData/Local/UnrealEngine/Common/DerivedDataCache: Writable
[2019.10.24-21.39.00:619][  0]LogDerivedDataCache: Shared data cache path not found in *engine.ini, will not use an Shared cache.
[2019.10.24-21.39.00:619][  0]LogDerivedDataCache: Unable to find inner node Shared for hierarchical cache Hierarchy.
[2019.10.24-21.39.00:877][  0]LogMaterial: Verifying Global Shaders for PCD3D_SM5
[2019.10.24-21.39.00:962][  0]LogSlate: Using FreeType 2.6.0
[2019.10.24-21.39.01:183][  0]LogSlate: SlateFontServices - WITH_FREETYPE: 1, WITH_HARFBUZZ: 1
[2019.10.24-21.39.04:212][  0]LogAssetRegistry: FAssetRegistry took 0.0077 seconds to start up
[2019.10.24-21.39.09:638][  0]LogInit: Selected Device Profile: [Windows]
[2019.10.24-21.39.12:657][  0]LogMaterial: Display: Missing cached shader map for material DefaultDeferredDecalMaterial, compiling. 
[2019.10.24-21.43.03:816][  0]LogShaderCompilers: Display: Worker (1/3): shaders left to compile 184
[2019.10.24-21.43.03:816][  0]LogShaderCompilers: Display: Worker (2/3): shaders left to compile 183
[2019.10.24-21.43.03:816][  0]LogShaderCompilers: Display: Worker (3/3): shaders left to compile 182
[2019.10.24-21.43.03:816][  0]LogShaderCompilers: Display: Worker (3/3): shaders left to compile 181
[2019.10.24-21.43.03:816][  0]LogShaderCompilers: Display: Worker (1/3): shaders left to compile 180
[2019.10.24-21.43.03:816][  0]LogShaderCompilers: Display: Worker (2/3): shaders left to compile 179
[2019.10.24-21.43.03:816][  0]LogShaderCompilers: Display: Worker (3/3): shaders left to compile 178
[2019.10.24-21.43.03:816][  0]LogShaderCompilers: Display: Worker (1/3): shaders left to compile 177
[2019.10.24-21.43.03:816][  0]LogShaderCompilers: Display: Worker (3/3): shaders left to compile 176
[2019.10.24-21.43.03:816][  0]LogShaderCompilers: Display: Worker (2/3): shaders left to compile 175
[2019.10.24-21.43.03:816][  0]LogShaderCompilers: Display: Worker (3/3): shaders left to compile 174
[2019.10.24-21.43.03:816][  0]LogShaderCompilers: Display: Worker (1/3): shaders left to compile 173
[2019.10.24-21.43.03:816][  0]LogShaderCompilers: Display: Worker (3/3): shaders left to compile 172
[2019.10.24-21.43.03:816][  0]LogShaderCompilers: Display: Worker (2/3): shaders left to compile 171
[2019.10.24-21.43.03:816][  0]LogShaderCompilers: Display: Worker (1/3): shaders left to compile 170
[2019.10.24-21.43.03:816][  0]LogShaderCompilers: Display: Worker (3/3): shaders left to compile 169
[2019.10.24-21.43.03:816][  0]LogShaderCompilers: Display: Worker (2/3): shaders left to compile 168
[2019.10.24-21.43.03:816][  0]LogShaderCompilers: Display: Worker (1/3): shaders left to compile 167
[2019.10.24-21.43.03:816][  0]LogShaderCompilers: Display: Worker (3/3): shaders left to compile 166
[2019.10.24-21.43.03:816][  0]LogShaderCompilers: Display: Worker (1/3): shaders left to compile 165
[2019.10.24-21.43.03:816][  0]LogShaderCompilers: Display: Worker (2/3): shaders left to compile 164
[2019.10.24-21.43.03:816][  0]LogShaderCompilers: Display: Worker (3/3): shaders left to compile 163
[2019.10.24-21.43.03:816][  0]LogShaderCompilers: Display: Worker (1/3): shaders left to compile 162
[2019.10.24-21.43.03:816][  0]LogShaderCompilers: Display: Worker (3/3): shaders left to compile 161
[2019.10.24-21.43.03:816][  0]LogShaderCompilers: Display: Worker (2/3): shaders left to compile 160
[2019.10.24-21.43.03:816][  0]LogShaderCompilers: Display: Worker (1/3): shaders left to compile 159
[2019.10.24-21.43.03:817][  0]LogShaderCompilers: Display: Worker (3/3): shaders left to compile 158
[2019.10.24-21.43.03:817][  0]LogShaderCompilers: Display: Worker (1/3): shaders left to compile 157
[2019.10.24-21.43.03:817][  0]LogShaderCompilers: Display: Worker (3/3): shaders left to compile 156
[2019.10.24-21.43.03:817][  0]LogShaderCompilers: Display: Worker (2/3): shaders left to compile 155
[2019.10.24-21.43.03:817][  0]LogShaderCompilers: Display: Worker (1/3): shaders left to compile 154
[2019.10.24-21.43.03:817][  0]LogShaderCompilers: Display: Worker (2/3): shaders left to compile 153
[2019.10.24-21.43.03:817][  0]LogShaderCompilers: Display: Worker (3/3): shaders left to compile 152
[2019.10.24-21.43.03:817][  0]LogShaderCompilers: Display: Worker (2/3): shaders left to compile 151
[2019.10.24-21.43.03:817][  0]LogShaderCompilers: Display: Worker (1/3): shaders left to compile 150
[2019.10.24-21.43.03:817][  0]LogShaderCompilers: Display: Worker (2/3): shaders left to compile 149
[2019.10.24-21.43.03:817][  0]LogShaderCompilers: Display: Worker (1/3): shaders left to compile 148
[2019.10.24-21.43.03:817][  0]LogShaderCompilers: Display: Worker (3/3): shaders left to compile 147
[2019.10.24-21.43.03:817][  0]LogShaderCompilers: Display: Worker (2/3): shaders left to compile 146
[2019.10.24-21.43.03:817][  0]LogShaderCompilers: Display: Worker (3/3): shaders left to compile 145
[2019.10.24-21.43.03:817][  0]LogShaderCompilers: Display: Worker (1/3): shaders left to compile 144
[2019.10.24-21.43.03:817][  0]LogShaderCompilers: Display: Worker (2/3): shaders left to compile 143
[2019.10.24-21.43.03:817][  0]LogShaderCompilers: Display: Worker (3/3): shaders left to compile 142
[2019.10.24-21.43.03:817][  0]LogShaderCompilers: Display: Worker (2/3): shaders left to compile 141
[2019.10.24-21.43.03:817][  0]LogShaderCompilers: Display: Worker (1/3): shaders left to compile 140
[2019.10.24-21.43.03:817][  0]LogShaderCompilers: Display: Worker (3/3): shaders left to compile 139
[2019.10.24-21.43.03:817][  0]LogShaderCompilers: Display: Worker (2/3): shaders left to compile 138
[2019.10.24-21.43.03:817][  0]LogShaderCompilers: Display: Worker (3/3): shaders left to compile 137
[2019.10.24-21.43.03:817][  0]LogShaderCompilers: Display: Worker (1/3): shaders left to compile 136
[2019.10.24-21.43.03:817][  0]LogShaderCompilers: Display: Worker (2/3): shaders left to compile 135
[2019.10.24-21.43.03:817][  0]LogShaderCompilers: Display: Worker (3/3): shaders left to compile 134
[2019.10.24-21.43.03:817][  0]LogShaderCompilers: Display: Worker (2/3): shaders left to compile 133
[2019.10.24-21.43.03:817][  0]LogShaderCompilers: Display: Worker (1/3): shaders left to compile 132
[2019.10.24-21.43.03:817][  0]LogShaderCompilers: Display: Worker (3/3): shaders left to compile 131
[2019.10.24-21.43.03:817][  0]LogShaderCompilers: Display: Worker (2/3): shaders left to compile 130
[2019.10.24-21.43.03:817][  0]LogShaderCompilers: Display: Worker (1/3): shaders left to compile 129
[2019.10.24-21.43.03:817][  0]LogShaderCompilers: Display: Worker (3/3): shaders left to compile 128
[2019.10.24-21.43.03:817][  0]LogShaderCompilers: Display: Worker (1/3): shaders left to compile 127
[2019.10.24-21.43.03:817][  0]LogShaderCompilers: Display: Worker (3/3): shaders left to compile 126
[2019.10.24-21.43.03:817][  0]LogShaderCompilers: Display: Worker (2/3): shaders left to compile 125
[2019.10.24-21.43.03:817][  0]LogShaderCompilers: Display: Worker (1/3): shaders left to compile 124
[2019.10.24-21.43.03:817][  0]LogShaderCompilers: Display: Worker (2/3): shaders left to compile 123
[2019.10.24-21.43.03:817][  0]LogShaderCompilers: Display: Worker (3/3): shaders left to compile 122
[2019.10.24-21.43.03:818][  0]LogShaderCompilers: Display: Worker (1/3): shaders left to compile 121
[2019.10.24-21.43.03:818][  0]LogShaderCompilers: Display: Worker (2/3): shaders left to compile 120
[2019.10.24-21.43.03:818][  0]LogShaderCompilers: Display: Worker (3/3): shaders left to compile 119
[2019.10.24-21.43.03:818][  0]LogShaderCompilers: Display: Worker (1/3): shaders left to compile 118
[2019.10.24-21.43.03:818][  0]LogShaderCompilers: Display: Worker (2/3): shaders left to compile 117
[2019.10.24-21.43.03:818][  0]LogShaderCompilers: Display: Worker (3/3): shaders left to compile 116
[2019.10.24-21.43.03:818][  0]LogShaderCompilers: Display: Worker (1/3): shaders left to compile 115
[2019.10.24-21.43.03:818][  0]LogShaderCompilers: Display: Worker (3/3): shaders left to compile 114
[2019.10.24-21.43.03:818][  0]LogShaderCompilers: Display: Worker (1/3): shaders left to compile 113
[2019.10.24-21.43.03:818][  0]LogShaderCompilers: Display: Worker (2/3): shaders left to compile 112
[2019.10.24-21.43.03:818][  0]LogShaderCompilers: Display: Worker (3/3): shaders left to compile 111
[2019.10.24-21.43.03:818][  0]LogShaderCompilers: Display: Worker (2/3): shaders left to compile 110
[2019.10.24-21.43.03:818][  0]LogShaderCompilers: Display: Worker (3/3): shaders left to compile 109
[2019.10.24-21.43.03:818][  0]LogShaderCompilers: Display: Worker (1/3): shaders left to compile 108
[2019.10.24-21.43.03:818][  0]LogShaderCompilers: Display: Worker (2/3): shaders left to compile 107
[2019.10.24-21.43.03:818][  0]LogShaderCompilers: Display: Worker (1/3): shaders left to compile 106
[2019.10.24-21.43.03:818][  0]LogShaderCompilers: Display: Worker (2/3): shaders left to compile 105
[2019.10.24-21.43.03:818][  0]LogShaderCompilers: Display: Worker (3/3): shaders left to compile 104
[2019.10.24-21.43.03:818][  0]LogShaderCompilers: Display: Worker (1/3): shaders left to compile 103
[2019.10.24-21.43.03:818][  0]LogShaderCompilers: Display: Worker (3/3): shaders left to compile 102
[2019.10.24-21.43.03:818][  0]LogShaderCompilers: Display: Worker (2/3): shaders left to compile 101
[2019.10.24-21.43.03:818][  0]LogShaderCompilers: Display: Worker (1/3): shaders left to compile 100
[2019.10.24-21.43.03:818][  0]LogShaderCompilers: Display: Worker (3/3): shaders left to compile 99
[2019.10.24-21.43.03:818][  0]LogShaderCompilers: Display: Worker (1/3): shaders left to compile 98
[2019.10.24-21.43.03:818][  0]LogShaderCompilers: Display: Worker (3/3): shaders left to compile 97
[2019.10.24-21.43.03:818][  0]LogShaderCompilers: Display: Worker (2/3): shaders left to compile 96
[2019.10.24-21.43.03:818][  0]LogShaderCompilers: Display: Worker (1/3): shaders left to compile 95
[2019.10.24-21.43.03:818][  0]LogShaderCompilers: Display: Worker (2/3): shaders left to compile 94
[2019.10.24-21.43.03:818][  0]LogShaderCompilers: Display: Worker (1/3): shaders left to compile 93
[2019.10.24-21.43.03:818][  0]LogShaderCompilers: Display: Worker (3/3): shaders left to compile 92
[2019.10.24-21.43.03:818][  0]LogShaderCompilers: Display: Worker (2/3): shaders left to compile 91
[2019.10.24-21.43.03:818][  0]LogShaderCompilers: Display: Worker (3/3): shaders left to compile 90
[2019.10.24-21.43.03:818][  0]LogShaderCompilers: Display: Worker (1/3): shaders left to compile 89
[2019.10.24-21.43.03:818][  0]LogShaderCompilers: Display: Worker (3/3): shaders left to compile 88
[2019.10.24-21.43.03:818][  0]LogShaderCompilers: Display: Worker (1/3): shaders left to compile 87
[2019.10.24-21.43.03:818][  0]LogShaderCompilers: Display: Worker (2/3): shaders left to compile 86
[2019.10.24-21.43.03:818][  0]LogShaderCompilers: Display: Worker (3/3): shaders left to compile 85
[2019.10.24-21.43.03:818][  0]LogShaderCompilers: Display: Worker (2/3): shaders left to compile 84
[2019.10.24-21.43.03:818][  0]LogShaderCompilers: Display: Worker (1/3): shaders left to compile 83
[2019.10.24-21.43.03:818][  0]LogShaderCompilers: Display: Worker (3/3): shaders left to compile 82
[2019.10.24-21.43.03:818][  0]LogShaderCompilers: Display: Worker (2/3): shaders left to compile 81
[2019.10.24-21.43.03:819][  0]LogShaderCompilers: Display: Worker (3/3): shaders left to compile 80
[2019.10.24-21.43.03:819][  0]LogShaderCompilers: Display: Worker (1/3): shaders left to compile 79
[2019.10.24-21.43.03:819][  0]LogShaderCompilers: Display: Worker (2/3): shaders left to compile 78
[2019.10.24-21.43.03:819][  0]LogShaderCompilers: Display: Worker (3/3): shaders left to compile 77
[2019.10.24-21.43.03:819][  0]LogShaderCompilers: Display: Worker (1/3): shaders left to compile 76
[2019.10.24-21.43.03:819][  0]LogShaderCompilers: Display: Worker (3/3): shaders left to compile 75
[2019.10.24-21.43.03:819][  0]LogShaderCompilers: Display: Worker (1/3): shaders left to compile 74
[2019.10.24-21.43.03:819][  0]LogShaderCompilers: Display: Worker (2/3): shaders left to compile 73
[2019.10.24-21.43.03:819][  0]LogShaderCompilers: Display: Worker (3/3): shaders left to compile 72
[2019.10.24-21.43.03:819][  0]LogShaderCompilers: Display: Worker (2/3): shaders left to compile 71
[2019.10.24-21.43.03:819][  0]LogShaderCompilers: Display: Worker (1/3): shaders left to compile 70
[2019.10.24-21.43.03:819][  0]LogShaderCompilers: Display: Worker (3/3): shaders left to compile 69
[2019.10.24-21.43.03:819][  0]LogShaderCompilers: Display: Worker (2/3): shaders left to compile 68
[2019.10.24-21.43.03:819][  0]LogShaderCompilers: Display: Worker (3/3): shaders left to compile 67
[2019.10.24-21.43.03:819][  0]LogShaderCompilers: Display: Worker (2/3): shaders left to compile 66
[2019.10.24-21.43.03:819][  0]LogShaderCompilers: Display: Worker (1/3): shaders left to compile 65
[2019.10.24-21.43.03:819][  0]LogShaderCompilers: Display: Worker (3/3): shaders left to compile 64
[2019.10.24-21.43.03:819][  0]LogShaderCompilers: Display: Worker (1/3): shaders left to compile 63
[2019.10.24-21.43.03:819][  0]LogShaderCompilers: Display: Worker (3/3): shaders left to compile 62
[2019.10.24-21.43.03:819][  0]LogShaderCompilers: Display: Worker (2/3): shaders left to compile 61
[2019.10.24-21.43.03:819][  0]LogShaderCompilers: Display: Worker (1/3): shaders left to compile 60
[2019.10.24-21.43.03:819][  0]LogShaderCompilers: Display: Worker (2/3): shaders left to compile 59
[2019.10.24-21.43.03:819][  0]LogShaderCompilers: Display: Worker (3/3): shaders left to compile 58
[2019.10.24-21.43.03:819][  0]LogShaderCompilers: Display: Worker (1/3): shaders left to compile 57
[2019.10.24-21.43.03:819][  0]LogShaderCompilers: Display: Worker (2/3): shaders left to compile 56
[2019.10.24-21.43.03:819][  0]LogShaderCompilers: Display: Worker (1/3): shaders left to compile 55
[2019.10.24-21.43.03:819][  0]LogShaderCompilers: Display: Worker (3/3): shaders left to compile 54
[2019.10.24-21.43.03:819][  0]LogShaderCompilers: Display: Worker (2/3): shaders left to compile 53
[2019.10.24-21.43.03:819][  0]LogShaderCompilers: Display: Worker (1/3): shaders left to compile 52
[2019.10.24-21.43.03:819][  0]LogShaderCompilers: Display: Worker (2/3): shaders left to compile 51
[2019.10.24-21.43.03:819][  0]LogShaderCompilers: Display: Worker (3/3): shaders left to compile 50
[2019.10.24-21.43.03:819][  0]LogShaderCompilers: Display: Worker (2/3): shaders left to compile 49
[2019.10.24-21.43.03:819][  0]LogShaderCompilers: Display: Worker (3/3): shaders left to compile 48
[2019.10.24-21.43.03:820][  0]LogShaderCompilers: Display: Worker (1/3): shaders left to compile 47
[2019.10.24-21.43.03:820][  0]LogShaderCompilers: Display: Worker (1/3): shaders left to compile 46
[2019.10.24-21.43.03:820][  0]LogShaderCompilers: Display: Worker (2/3): shaders left to compile 45
[2019.10.24-21.43.03:820][  0]LogShaderCompilers: Display: Worker (3/3): shaders left to compile 44
[2019.10.24-21.43.03:820][  0]LogShaderCompilers: Display: Worker (2/3): shaders left to compile 43
[2019.10.24-21.43.03:820][  0]LogShaderCompilers: Display: Worker (1/3): shaders left to compile 42
[2019.10.24-21.43.03:820][  0]LogShaderCompilers: Display: Worker (3/3): shaders left to compile 41
[2019.10.24-21.43.03:820][  0]LogShaderCompilers: Display: Worker (2/3): shaders left to compile 40
[2019.10.24-21.43.03:820][  0]LogShaderCompilers: Display: Worker (1/3): shaders left to compile 39
[2019.10.24-21.43.03:820][  0]LogShaderCompilers: Display: Worker (3/3): shaders left to compile 38
[2019.10.24-21.43.03:820][  0]LogShaderCompilers: Display: Worker (2/3): shaders left to compile 37
[2019.10.24-21.43.03:820][  0]LogShaderCompilers: Display: Worker (3/3): shaders left to compile 36
[2019.10.24-21.43.03:820][  0]LogShaderCompilers: Display: Worker (2/3): shaders left to compile 35
[2019.10.24-21.43.03:820][  0]LogShaderCompilers: Display: Worker (1/3): shaders left to compile 34
[2019.10.24-21.43.03:820][  0]LogShaderCompilers: Display: Worker (3/3): shaders left to compile 33
[2019.10.24-21.43.03:820][  0]LogShaderCompilers: Display: Worker (1/3): shaders left to compile 32
[2019.10.24-21.43.03:820][  0]LogShaderCompilers: Display: Worker (3/3): shaders left to compile 31
[2019.10.24-21.43.03:820][  0]LogShaderCompilers: Display: Worker (1/3): shaders left to compile 30
[2019.10.24-21.43.03:820][  0]LogShaderCompilers: Display: Worker (2/3): shaders left to compile 29
[2019.10.24-21.43.03:820][  0]LogShaderCompilers: Display: Worker (1/3): shaders left to compile 28
[2019.10.24-21.43.03:820][  0]LogShaderCompilers: Display: Worker (2/3): shaders left to compile 27
[2019.10.24-21.43.03:820][  0]LogShaderCompilers: Display: Worker (3/3): shaders left to compile 26
[2019.10.24-21.43.03:820][  0]LogShaderCompilers: Display: Worker (1/3): shaders left to compile 25
[2019.10.24-21.43.03:820][  0]LogShaderCompilers: Display: Worker (1/3): shaders left to compile 24
[2019.10.24-21.43.03:820][  0]LogShaderCompilers: Display: Worker (3/3): shaders left to compile 23
[2019.10.24-21.43.03:820][  0]LogShaderCompilers: Display: Worker (2/3): shaders left to compile 22
[2019.10.24-21.43.03:820][  0]LogShaderCompilers: Display: Worker (2/3): shaders left to compile 21
[2019.10.24-21.43.03:820][  0]LogShaderCompilers: Display: Worker (1/3): shaders left to compile 20
[2019.10.24-21.43.03:820][  0]LogShaderCompilers: Display: Worker (2/3): shaders left to compile 19
[2019.10.24-21.43.03:820][  0]LogShaderCompilers: Display: Worker (3/3): shaders left to compile 18
[2019.10.24-21.43.03:820][  0]LogShaderCompilers: Display: Worker (1/3): shaders left to compile 17
[2019.10.24-21.43.03:820][  0]LogShaderCompilers: Display: Worker (3/3): shaders left to compile 16
[2019.10.24-21.43.03:820][  0]LogShaderCompilers: Display: Worker (1/3): shaders left to compile 15
[2019.10.24-21.43.03:820][  0]LogShaderCompilers: Display: Worker (2/3): shaders left to compile 14
[2019.10.24-21.43.03:820][  0]LogShaderCompilers: Display: Worker (3/3): shaders left to compile 13
[2019.10.24-21.43.03:820][  0]LogShaderCompilers: Display: Worker (2/3): shaders left to compile 12
[2019.10.24-21.43.03:820][  0]LogShaderCompilers: Display: Worker (1/3): shaders left to compile 11
[2019.10.24-21.43.03:820][  0]LogShaderCompilers: Display: Worker (3/3): shaders left to compile 10
[2019.10.24-21.43.03:820][  0]LogShaderCompilers: Display: Worker (3/3): shaders left to compile 9
[2019.10.24-21.43.03:820][  0]LogShaderCompilers: Display: Worker (2/3): shaders left to compile 8
[2019.10.24-21.43.03:821][  0]LogShaderCompilers: Display: Worker (1/3): shaders left to compile 7
[2019.10.24-21.43.03:821][  0]LogShaderCompilers: Display: Worker (3/3): shaders left to compile 6
[2019.10.24-21.43.03:821][  0]LogShaderCompilers: Display: Worker (2/3): shaders left to compile 5
[2019.10.24-21.43.03:821][  0]LogShaderCompilers: Display: Worker (3/3): shaders left to compile 4
[2019.10.24-21.43.03:821][  0]LogShaderCompilers: Display: Worker (2/3): shaders left to compile 3
[2019.10.24-21.43.03:821][  0]LogShaderCompilers: Display: Worker (1/3): shaders left to compile 2
[2019.10.24-21.43.03:821][  0]LogShaderCompilers: Display: Worker (3/3): shaders left to compile 1
[2019.10.24-21.43.03:821][  0]LogMaterial: Display: Missing cached shader map for material DefaultLightFunctionMaterial, compiling. 
[2019.10.24-21.43.16:075][  0]LogShaderCompilers: Display: Worker (1/3): shaders left to compile 21
[2019.10.24-21.43.16:075][  0]LogShaderCompilers: Display: Worker (2/3): shaders left to compile 20
[2019.10.24-21.43.16:075][  0]LogShaderCompilers: Display: Worker (3/3): shaders left to compile 19
[2019.10.24-21.43.16:075][  0]LogShaderCompilers: Display: Worker (1/3): shaders left to compile 18
[2019.10.24-21.43.16:075][  0]LogShaderCompilers: Display: Worker (2/3): shaders left to compile 17
[2019.10.24-21.43.16:075][  0]LogShaderCompilers: Display: Worker (3/3): shaders left to compile 16
[2019.10.24-21.43.16:075][  0]LogShaderCompilers: Display: Worker (2/3): shaders left to compile 15
[2019.10.24-21.43.16:075][  0]LogShaderCompilers: Display: Worker (3/3): shaders left to compile 14
[2019.10.24-21.43.16:075][  0]LogShaderCompilers: Display: Worker (1/3): shaders left to compile 13
[2019.10.24-21.43.16:076][  0]LogShaderCompilers: Display: Worker (2/3): shaders left to compile 12
[2019.10.24-21.43.16:076][  0]LogShaderCompilers: Display: Worker (3/3): shaders left to compile 11
[2019.10.24-21.43.16:076][  0]LogShaderCompilers: Display: Worker (1/3): shaders left to compile 10
[2019.10.24-21.43.16:076][  0]LogShaderCompilers: Display: Worker (2/3): shaders left to compile 9
[2019.10.24-21.43.16:076][  0]LogShaderCompilers: Display: Worker (3/3): shaders left to compile 8
[2019.10.24-21.43.16:076][  0]LogShaderCompilers: Display: Worker (1/3): shaders left to compile 7
[2019.10.24-21.43.16:076][  0]LogShaderCompilers: Display: Worker (2/3): shaders left to compile 6
[2019.10.24-21.43.16:076][  0]LogShaderCompilers: Display: Worker (3/3): shaders left to compile 5
[2019.10.24-21.43.16:076][  0]LogShaderCompilers: Display: Worker (2/3): shaders left to compile 4
[2019.10.24-21.43.16:076][  0]LogShaderCompilers: Display: Worker (1/3): shaders left to compile 3
[2019.10.24-21.43.16:076][  0]LogShaderCompilers: Display: Worker (2/3): shaders left to compile 2
[2019.10.24-21.43.16:076][  0]LogShaderCompilers: Display: Worker (1/3): shaders left to compile 1
[2019.10.24-21.43.16:076][  0]LogMaterial: Display: Missing cached shader map for material DefaultPostProcessMaterial, compiling. 
[2019.10.24-21.43.21:733][  0]LogShaderCompilers: Display: Worker (1/3): shaders left to compile 12
[2019.10.24-21.43.21:733][  0]LogShaderCompilers: Display: Worker (2/3): shaders left to compile 11
[2019.10.24-21.43.21:733][  0]LogShaderCompilers: Display: Worker (3/3): shaders left to compile 10
[2019.10.24-21.43.21:733][  0]LogShaderCompilers: Display: Worker (1/3): shaders left to compile 9
[2019.10.24-21.43.21:733][  0]LogShaderCompilers: Display: Worker (2/3): shaders left to compile 8
[2019.10.24-21.43.21:733][  0]LogShaderCompilers: Display: Worker (3/3): shaders left to compile 7
[2019.10.24-21.43.21:733][  0]LogShaderCompilers: Display: Worker (1/3): shaders left to compile 6
[2019.10.24-21.43.21:733][  0]LogShaderCompilers: Display: Worker (2/3): shaders left to compile 5
[2019.10.24-21.43.21:733][  0]LogShaderCompilers: Display: Worker (3/3): shaders left to compile 4
[2019.10.24-21.43.21:733][  0]LogShaderCompilers: Display: Worker (1/3): shaders left to compile 3
[2019.10.24-21.43.21:733][  0]LogShaderCompilers: Display: Worker (3/3): shaders left to compile 2
[2019.10.24-21.43.21:733][  0]LogShaderCompilers: Display: Worker (2/3): shaders left to compile 1
[2019.10.24-21.43.21:733][  0]LogMaterial: Display: Missing cached shader map for material DefaultVirtualTextureMaterial, compiling. 
[2019.10.24-21.45.01:692][  0]LogShaderCompilers: Display: Worker (1/3): shaders left to compile 107
[2019.10.24-21.45.01:692][  0]LogShaderCompilers: Display: Worker (2/3): shaders left to compile 106
[2019.10.24-21.45.01:692][  0]LogShaderCompilers: Display: Worker (3/3): shaders left to compile 105
[2019.10.24-21.45.01:692][  0]LogShaderCompilers: Display: Worker (3/3): shaders left to compile 104
[2019.10.24-21.45.01:692][  0]LogShaderCompilers: Display: Worker (1/3): shaders left to compile 103
[2019.10.24-21.45.01:693][  0]LogShaderCompilers: Display: Worker (2/3): shaders left to compile 102
[2019.10.24-21.45.01:693][  0]LogShaderCompilers: Display: Worker (1/3): shaders left to compile 101
[2019.10.24-21.45.01:693][  0]LogShaderCompilers: Display: Worker (3/3): shaders left to compile 100
[2019.10.24-21.45.01:693][  0]LogShaderCompilers: Display: Worker (2/3): shaders left to compile 99
[2019.10.24-21.45.01:693][  0]LogShaderCompilers: Display: Worker (1/3): shaders left to compile 98
[2019.10.24-21.45.01:693][  0]LogShaderCompilers: Display: Worker (2/3): shaders left to compile 97
[2019.10.24-21.45.01:693][  0]LogShaderCompilers: Display: Worker (3/3): shaders left to compile 96
[2019.10.24-21.45.01:693][  0]LogShaderCompilers: Display: Worker (1/3): shaders left to compile 95
[2019.10.24-21.45.01:693][  0]LogShaderCompilers: Display: Worker (3/3): shaders left to compile 94
[2019.10.24-21.45.01:693][  0]LogShaderCompilers: Display: Worker (2/3): shaders left to compile 93
[2019.10.24-21.45.01:693][  0]LogShaderCompilers: Display: Worker (3/3): shaders left to compile 92
[2019.10.24-21.45.01:693][  0]LogShaderCompilers: Display: Worker (2/3): shaders left to compile 91
[2019.10.24-21.45.01:693][  0]LogShaderCompilers: Display: Worker (1/3): shaders left to compile 90
[2019.10.24-21.45.01:693][  0]LogShaderCompilers: Display: Worker (3/3): shaders left to compile 89
[2019.10.24-21.45.01:693][  0]LogShaderCompilers: Display: Worker (1/3): shaders left to compile 88
[2019.10.24-21.45.01:693][  0]LogShaderCompilers: Display: Worker (2/3): shaders left to compile 87
[2019.10.24-21.45.01:693][  0]LogShaderCompilers: Display: Worker (3/3): shaders left to compile 86
[2019.10.24-21.45.01:693][  0]LogShaderCompilers: Display: Worker (1/3): shaders left to compile 85
[2019.10.24-21.45.01:693][  0]LogShaderCompilers: Display: Worker (2/3): shaders left to compile 84
[2019.10.24-21.45.01:693][  0]LogShaderCompilers: Display: Worker (3/3): shaders left to compile 83
[2019.10.24-21.45.01:693][  0]LogShaderCompilers: Display: Worker (2/3): shaders left to compile 82
[2019.10.24-21.45.01:693][  0]LogShaderCompilers: Display: Worker (1/3): shaders left to compile 81
[2019.10.24-21.45.01:693][  0]LogShaderCompilers: Display: Worker (3/3): shaders left to compile 80
[2019.10.24-21.45.01:693][  0]LogShaderCompilers: Display: Worker (1/3): shaders left to compile 79
[2019.10.24-21.45.01:693][  0]LogShaderCompilers: Display: Worker (2/3): shaders left to compile 78
[2019.10.24-21.45.01:693][  0]LogShaderCompilers: Display: Worker (2/3): shaders left to compile 77
[2019.10.24-21.45.01:693][  0]LogShaderCompilers: Display: Worker (3/3): shaders left to compile 76
[2019.10.24-21.45.01:693][  0]LogShaderCompilers: Display: Worker (1/3): shaders left to compile 75
[2019.10.24-21.45.01:693][  0]LogShaderCompilers: Display: Worker (1/3): shaders left to compile 74
[2019.10.24-21.45.01:693][  0]LogShaderCompilers: Display: Worker (2/3): shaders left to compile 73
[2019.10.24-21.45.01:693][  0]LogShaderCompilers: Display: Worker (3/3): shaders left to compile 72
[2019.10.24-21.45.01:693][  0]LogShaderCompilers: Display: Worker (1/3): shaders left to compile 71
[2019.10.24-21.45.01:693][  0]LogShaderCompilers: Display: Worker (3/3): shaders left to compile 70
[2019.10.24-21.45.01:693][  0]LogShaderCompilers: Display: Worker (2/3): shaders left to compile 69
[2019.10.24-21.45.01:693][  0]LogShaderCompilers: Display: Worker (1/3): shaders left to compile 68
[2019.10.24-21.45.01:693][  0]LogShaderCompilers: Display: Worker (3/3): shaders left to compile 67
[2019.10.24-21.45.01:693][  0]LogShaderCompilers: Display: Worker (2/3): shaders left to compile 66
[2019.10.24-21.45.01:693][  0]LogShaderCompilers: Display: Worker (1/3): shaders left to compile 65
[2019.10.24-21.45.01:693][  0]LogShaderCompilers: Display: Worker (3/3): shaders left to compile 64
[2019.10.24-21.45.01:693][  0]LogShaderCompilers: Display: Worker (2/3): shaders left to compile 63
[2019.10.24-21.45.01:693][  0]LogShaderCompilers: Display: Worker (1/3): shaders left to compile 62
[2019.10.24-21.45.01:694][  0]LogShaderCompilers: Display: Worker (3/3): shaders left to compile 61
[2019.10.24-21.45.01:694][  0]LogShaderCompilers: Display: Worker (2/3): shaders left to compile 60
[2019.10.24-21.45.01:694][  0]LogShaderCompilers: Display: Worker (1/3): shaders left to compile 59
[2019.10.24-21.45.01:694][  0]LogShaderCompilers: Display: Worker (3/3): shaders left to compile 58
[2019.10.24-21.45.01:694][  0]LogShaderCompilers: Display: Worker (2/3): shaders left to compile 57
[2019.10.24-21.45.01:694][  0]LogShaderCompilers: Display: Worker (3/3): shaders left to compile 56
[2019.10.24-21.45.01:694][  0]LogShaderCompilers: Display: Worker (1/3): shaders left to compile 55
[2019.10.24-21.45.01:694][  0]LogShaderCompilers: Display: Worker (2/3): shaders left to compile 54
[2019.10.24-21.45.01:694][  0]LogShaderCompilers: Display: Worker (3/3): shaders left to compile 53
[2019.10.24-21.45.01:694][  0]LogShaderCompilers: Display: Worker (1/3): shaders left to compile 52
[2019.10.24-21.45.01:694][  0]LogShaderCompilers: Display: Worker (2/3): shaders left to compile 51
[2019.10.24-21.45.01:694][  0]LogShaderCompilers: Display: Worker (2/3): shaders left to compile 50
[2019.10.24-21.45.01:694][  0]LogShaderCompilers: Display: Worker (3/3): shaders left to compile 49
[2019.10.24-21.45.01:694][  0]LogShaderCompilers: Display: Worker (1/3): shaders left to compile 48
[2019.10.24-21.45.01:694][  0]LogShaderCompilers: Display: Worker (1/3): shaders left to compile 47
[2019.10.24-21.45.01:694][  0]LogShaderCompilers: Display: Worker (2/3): shaders left to compile 46
[2019.10.24-21.45.01:694][  0]LogShaderCompilers: Display: Worker (3/3): shaders left to compile 45
[2019.10.24-21.45.01:694][  0]LogShaderCompilers: Display: Worker (3/3): shaders left to compile 44
[2019.10.24-21.45.01:694][  0]LogShaderCompilers: Display: Worker (1/3): shaders left to compile 43
[2019.10.24-21.45.01:694][  0]LogShaderCompilers: Display: Worker (2/3): shaders left to compile 42
[2019.10.24-21.45.01:694][  0]LogShaderCompilers: Display: Worker (2/3): shaders left to compile 41
[2019.10.24-21.45.01:694][  0]LogShaderCompilers: Display: Worker (3/3): shaders left to compile 40
[2019.10.24-21.45.01:694][  0]LogShaderCompilers: Display: Worker (1/3): shaders left to compile 39
[2019.10.24-21.45.01:694][  0]LogShaderCompilers: Display: Worker (2/3): shaders left to compile 38
[2019.10.24-21.45.01:694][  0]LogShaderCompilers: Display: Worker (1/3): shaders left to compile 37
[2019.10.24-21.45.01:694][  0]LogShaderCompilers: Display: Worker (3/3): shaders left to compile 36
[2019.10.24-21.45.01:694][  0]LogShaderCompilers: Display: Worker (2/3): shaders left to compile 35
[2019.10.24-21.45.01:694][  0]LogShaderCompilers: Display: Worker (1/3): shaders left to compile 34
[2019.10.24-21.45.01:694][  0]LogShaderCompilers: Display: Worker (2/3): shaders left to compile 33
[2019.10.24-21.45.01:694][  0]LogShaderCompilers: Display: Worker (3/3): shaders left to compile 32
[2019.10.24-21.45.01:694][  0]LogShaderCompilers: Display: Worker (1/3): shaders left to compile 31
[2019.10.24-21.45.01:694][  0]LogShaderCompilers: Display: Worker (2/3): shaders left to compile 30
[2019.10.24-21.45.01:694][  0]LogShaderCompilers: Display: Worker (3/3): shaders left to compile 29
[2019.10.24-21.45.01:694][  0]LogShaderCompilers: Display: Worker (1/3): shaders left to compile 28
[2019.10.24-21.45.01:694][  0]LogShaderCompilers: Display: Worker (2/3): shaders left to compile 27
[2019.10.24-21.45.01:694][  0]LogShaderCompilers: Display: Worker (3/3): shaders left to compile 26
[2019.10.24-21.45.01:694][  0]LogShaderCompilers: Display: Worker (2/3): shaders left to compile 25
[2019.10.24-21.45.01:694][  0]LogShaderCompilers: Display: Worker (1/3): shaders left to compile 24
[2019.10.24-21.45.01:694][  0]LogShaderCompilers: Display: Worker (3/3): shaders left to compile 23
[2019.10.24-21.45.01:694][  0]LogShaderCompilers: Display: Worker (1/3): shaders left to compile 22
[2019.10.24-21.45.01:695][  0]LogShaderCompilers: Display: Worker (2/3): shaders left to compile 21
[2019.10.24-21.45.01:695][  0]LogShaderCompilers: Display: Worker (3/3): shaders left to compile 20
[2019.10.24-21.45.01:695][  0]LogShaderCompilers: Display: Worker (1/3): shaders left to compile 19
[2019.10.24-21.45.01:695][  0]LogShaderCompilers: Display: Worker (2/3): shaders left to compile 18
[2019.10.24-21.45.01:695][  0]LogShaderCompilers: Display: Worker (3/3): shaders left to compile 17
[2019.10.24-21.45.01:695][  0]LogShaderCompilers: Display: Worker (1/3): shaders left to compile 16
[2019.10.24-21.45.01:695][  0]LogShaderCompilers: Display: Worker (3/3): shaders left to compile 15
[2019.10.24-21.45.01:695][  0]LogShaderCompilers: Display: Worker (2/3): shaders left to compile 14
[2019.10.24-21.45.01:695][  0]LogShaderCompilers: Display: Worker (1/3): shaders left to compile 13
[2019.10.24-21.45.01:695][  0]LogShaderCompilers: Display: Worker (2/3): shaders left to compile 12
[2019.10.24-21.45.01:695][  0]LogShaderCompilers: Display: Worker (3/3): shaders left to compile 11
[2019.10.24-21.45.01:695][  0]LogShaderCompilers: Display: Worker (3/3): shaders left to compile 10
[2019.10.24-21.45.01:695][  0]LogShaderCompilers: Display: Worker (1/3): shaders left to compile 9
[2019.10.24-21.45.01:695][  0]LogShaderCompilers: Display: Worker (2/3): shaders left to compile 8
[2019.10.24-21.45.01:695][  0]LogShaderCompilers: Display: Worker (3/3): shaders left to compile 7
[2019.10.24-21.45.01:695][  0]LogShaderCompilers: Display: Worker (2/3): shaders left to compile 6
[2019.10.24-21.45.01:695][  0]LogShaderCompilers: Display: Worker (1/3): shaders left to compile 5
[2019.10.24-21.45.01:695][  0]LogShaderCompilers: Display: Worker (3/3): shaders left to compile 4
[2019.10.24-21.45.01:695][  0]LogShaderCompilers: Display: Worker (1/3): shaders left to compile 3
[2019.10.24-21.45.01:695][  0]LogShaderCompilers: Display: Worker (2/3): shaders left to compile 2
[2019.10.24-21.45.01:695][  0]LogShaderCompilers: Display: Worker (3/3): shaders left to compile 1
[2019.10.24-21.45.01:695][  0]LogMaterial: Display: Missing cached shader map for material WorldGridMaterial, compiling. Is special engine material.
