Log file open, 10/25/19 23:30:32
LogWindows: Failed to load 'aqProf.dll' (GetLastError=126)
LogWindows: File 'aqProf.dll' does not exist
LogWindows: Failed to load 'VtuneApi.dll' (GetLastError=126)
LogWindows: File 'VtuneApi.dll' does not exist
LogWindows: Failed to load 'VtuneApi32e.dll' (GetLastError=126)
LogWindows: File 'VtuneApi32e.dll' does not exist
LogConsoleResponse: Display: Failed to find resolution value strings in scalability ini. Falling back to default.
LogInit: Display: Running engine for game: AD_P_v0
LogPlatformFile: Not using cached read wrapper
LogTaskGraph: Started task graph with 5 named threads and 11 total threads with 3 sets of task threads.
LogStats: Stats thread started at 0.471589
LogD3D11RHI: Loaded GFSDK_Aftermath_Lib.x64.dll
LogICUInternationalization: ICU TimeZone Detection - Raw Offset: -6:00, Platform Override: ''
LogPluginManager: Mounting plugin Paper2D
LogPluginManager: Mounting plugin AISupport
LogPluginManager: Mounting plugin LightPropagationVolume
LogPluginManager: Mounting plugin ActorLayerUtilities
LogPluginManager: Mounting plugin AnimationSharing
LogPluginManager: Mounting plugin CLionSourceCodeAccess
LogPluginManager: Mounting plugin CodeLiteSourceCodeAccess
LogPluginManager: Mounting plugin GitSourceControl
LogPluginManager: Mounting plugin KDevelopSourceCodeAccess
LogPluginManager: Mounting plugin NullSourceCodeAccess
LogPluginManager: Mounting plugin PerforceSourceControl
LogPluginManager: Mounting plugin SubversionSourceControl
LogPluginManager: Mounting plugin UObjectPlugin
LogPluginManager: Mounting plugin VisualStudioCodeSourceCodeAccess
LogPluginManager: Mounting plugin VisualStudioSourceCodeAccess
LogPluginManager: Mounting plugin XCodeSourceCodeAccess
LogPluginManager: Mounting plugin AssetManagerEditor
LogPluginManager: Mounting plugin CryptoKeys
LogPluginManager: Mounting plugin CurveEditorTools
LogPluginManager: Mounting plugin DataValidation
LogPluginManager: Mounting plugin FacialAnimation
LogPluginManager: Mounting plugin GameplayTagsEditor
LogPluginManager: Mounting plugin MacGraphicsSwitching
LogPluginManager: Mounting plugin MaterialAnalyzer
LogPluginManager: Mounting plugin MobileLauncherProfileWizard
LogPluginManager: Mounting plugin PluginBrowser
LogPluginManager: Mounting plugin SpeedTreeImporter
LogPluginManager: Mounting plugin DatasmithContent
LogPluginManager: Mounting plugin VariantManagerContent
LogPluginManager: Mounting plugin AlembicImporter
LogPluginManager: Mounting plugin AutomationUtils
LogPluginManager: Mounting plugin BackChannel
LogPluginManager: Mounting plugin CharacterAI
LogPluginManager: Mounting plugin GeometryCache
LogPluginManager: Mounting plugin HTML5Networking
LogPluginManager: Mounting plugin PlatformCrypto
LogPluginManager: Mounting plugin ProxyLODPlugin
LogPluginManager: Mounting plugin SkeletalReduction
LogPluginManager: Mounting plugin MagicLeap
LogPluginManager: Mounting plugin MagicLeapMedia
LogPluginManager: Mounting plugin AndroidMedia
LogPluginManager: Mounting plugin AvfMedia
LogPluginManager: Mounting plugin ImgMedia
LogPluginManager: Mounting plugin MediaCompositing
LogPluginManager: Mounting plugin MediaPlayerEditor
LogPluginManager: Mounting plugin WebMMedia
LogPluginManager: Mounting plugin WmfMedia
LogPluginManager: Mounting plugin TcpMessaging
LogPluginManager: Mounting plugin UdpMessaging
LogPluginManager: Mounting plugin ActorSequence
LogPluginManager: Mounting plugin LevelSequenceEditor
LogPluginManager: Mounting plugin MatineeToLevelSequence
LogPluginManager: Mounting plugin NetcodeUnitTest
LogPluginManager: Mounting plugin NUTUnrealEngine4
LogPluginManager: Mounting plugin OnlineSubsystemGooglePlay
LogPluginManager: Mounting plugin OnlineSubsystemIOS
LogPluginManager: Mounting plugin OnlineSubsystem
LogPluginManager: Mounting plugin OnlineSubsystemNull
LogPluginManager: Mounting plugin OnlineSubsystemSteam
LogPluginManager: Mounting plugin OnlineSubsystemUtils
LogPluginManager: Mounting plugin LauncherChunkInstaller
LogPluginManager: Mounting plugin AndroidDeviceProfileSelector
LogPluginManager: Mounting plugin AndroidMoviePlayer
LogPluginManager: Mounting plugin AndroidPermission
LogPluginManager: Mounting plugin AppleImageUtils
LogPluginManager: Mounting plugin AppleMoviePlayer
LogPluginManager: Mounting plugin ArchVisCharacter
LogPluginManager: Mounting plugin AudioCapture
LogPluginManager: Mounting plugin CableComponent
LogPluginManager: Mounting plugin CustomMeshComponent
LogPluginManager: Mounting plugin EditableMesh
LogPluginManager: Mounting plugin ExampleDeviceProfileSelector
LogPluginManager: Mounting plugin GoogleCloudMessaging
LogPluginManager: Mounting plugin IOSDeviceProfileSelector
LogPluginManager: Mounting plugin LinuxDeviceProfileSelector
LogPluginManager: Mounting plugin LocationServicesBPLibrary
LogPluginManager: Mounting plugin MobilePatchingUtils
LogPluginManager: Mounting plugin OculusVR
LogPluginManager: Mounting plugin PhysXVehicles
LogPluginManager: Mounting plugin ProceduralMeshComponent
LogPluginManager: Mounting plugin RuntimePhysXCooking
LogPluginManager: Mounting plugin SignificanceManager
LogPluginManager: Mounting plugin SteamVR
LogPluginManager: Mounting plugin WebMMoviePlayer
LogPluginManager: Mounting plugin WindowsMoviePlayer
LogPluginManager: Mounting plugin ScreenshotTools
LogInit: Using libcurl 7.55.1-DEV
LogInit:  - built for x86_64-pc-win32
LogInit:  - supports SSL with OpenSSL/1.1.1
LogInit:  - supports HTTP deflate (compression) using libz 1.2.8
LogInit:  - other features:
LogInit:      CURL_VERSION_SSL
LogInit:      CURL_VERSION_LIBZ
LogInit:      CURL_VERSION_IPV6
LogInit:      CURL_VERSION_ASYNCHDNS
LogInit:      CURL_VERSION_LARGEFILE
LogInit:      CURL_VERSION_IDN
LogInit:  CurlRequestOptions (configurable via config and command line):
LogInit:  - bVerifyPeer = true  - Libcurl will verify peer certificate
LogInit:  - bUseHttpProxy = false  - Libcurl will NOT use HTTP proxy
LogInit:  - bDontReuseConnections = false  - Libcurl will reuse connections
LogInit:  - MaxHostConnections = 16  - Libcurl will limit the number of connections to a host
LogInit:  - LocalHostAddr = Default
LogInit:  - BufferSize = 65536
LogOnline: Display: STEAM: Loading Steam SDK 1.42
LogOnline: OSS: Creating online subsystem instance for: Steam
LogOnline: STEAM: Steam User is subscribed 1
LogOnline: STEAM: [AppId: 480] Client API initialized 1
LogOnline: STEAM: [AppId: 480] Game Server API initialized 1
LogOnline: STEAM: Missing P2PCleanupTimeout key in OnlineSubsystemSteam of DefaultEngine.ini, using default
LogInit: WinSock: version 1.1 (2.2), MaxSocks=32767, MaxUdp=65467
LogInit: Build: ++UE4+Release-4.23-CL-8386587
LogInit: Engine Version: 4.23.0-8386587+++UE4+Release-4.23
LogInit: Compatible Engine Version: 4.23.0-8386587+++UE4+Release-4.23
LogInit: Net CL: 8386587
LogInit: OS: Windows 10 (Release 1903) (), CPU: Intel(R) Core(TM) i5-7200U CPU @ 2.50GHz, GPU: Intel(R) HD Graphics 620
LogInit: Compiled (64-bit): Aug 31 2019 02:04:44
LogInit: Compiled with Visual C++: 19.16.27030.01
LogInit: Build Configuration: Development
LogInit: Branch Name: ++UE4+Release-4.23
LogInit: Command Line:  /Game/MAPS/Main_Menu -game -PIEVIACONSOLE -ResX=1280 -ResY=720 -Multiprocess -messaging -SessionName="Play in Standalone Game" -windowed
LogInit: Base Directory: C:/Program Files/Epic Games/UE_4.23/Engine/Binaries/Win64/
LogInit: Installed Engine Build: 1
LogDevObjectVersion: Number of dev versions registered: 23
LogDevObjectVersion:   Dev-Blueprints (B0D832E4-1F89-4F0D-ACCF-7EB736FD4AA2): 10
LogDevObjectVersion:   Dev-Build (E1C64328-A22C-4D53-A36C-8E866417BD8C): 0
LogDevObjectVersion:   Dev-Core (375EC13C-06E4-48FB-B500-84F0262A717E): 3
LogDevObjectVersion:   Dev-Editor (E4B068ED-F494-42E9-A231-DA0B2E46BB41): 34
LogDevObjectVersion:   Dev-Framework (CFFC743F-43B0-4480-9391-14DF171D2073): 35
LogDevObjectVersion:   Dev-Mobile (B02B49B5-BB20-44E9-A304-32B752E40360): 2
LogDevObjectVersion:   Dev-Networking (A4E4105C-59A1-49B5-A7C5-40C4547EDFEE): 0
LogDevObjectVersion:   Dev-Online (39C831C9-5AE6-47DC-9A44-9C173E1C8E7C): 0
LogDevObjectVersion:   Dev-Physics (78F01B33-EBEA-4F98-B9B4-84EACCB95AA2): 0
LogDevObjectVersion:   Dev-Platform (6631380F-2D4D-43E0-8009-CF276956A95A): 0
LogDevObjectVersion:   Dev-Rendering (12F88B9F-8875-4AFC-A67C-D90C383ABD29): 31
LogDevObjectVersion:   Dev-Sequencer (7B5AE74C-D270-4C10-A958-57980B212A5A): 11
LogDevObjectVersion:   Dev-VR (D7296918-1DD6-4BDD-9DE2-64A83CC13884): 2
LogDevObjectVersion:   Dev-LoadTimes (C2A15278-BFE7-4AFE-6C17-90FF531DF755): 1
LogDevObjectVersion:   Private-Geometry (6EACA3D4-40EC-4CC1-B786-8BED09428FC5): 3
LogDevObjectVersion:   Dev-AnimPhys (29E575DD-E0A3-4627-9D10-D276232CDCEA): 17
LogDevObjectVersion:   Dev-Anim (AF43A65D-7FD3-4947-9873-3E8ED9C1BB05): 2
LogDevObjectVersion:   Dev-ReflectionCapture (6B266CEC-1EC7-4B8F-A30B-E4D90942FC07): 1
LogDevObjectVersion:   Dev-Automation (0DF73D61-A23F-47EA-B727-89E90C41499A): 1
LogDevObjectVersion:   FortniteMain (601D1886-AC64-4F84-AA16-D3DE0DEAC7D6): 27
LogDevObjectVersion:   Dev-Enterprise (9DFFBCD6-494F-0158-E221-12823C92A888): 6
LogDevObjectVersion:   Dev-Niagara (F2AED0AC-9AFE-416F-8664-AA7FFA26D6FC): 1
LogDevObjectVersion:   Dev-Destruction (174F1F0B-B4C6-45A5-B13F-2EE8D0FB917D): 9
LogInit: Presizing for max 16777216 objects, including 0 objects not considered by GC, pre-allocating 0 bytes for permanent pool.
LogInit: Object subsystem initialized
LogConfig: Setting CVar [[con.DebugEarlyDefault:1]]
LogConfig: Setting CVar [[r.setres:1280x720]]
[2019.10.26-04.30.38:475][  0]LogConfig: Setting CVar [[con.DebugEarlyDefault:1]]
[2019.10.26-04.30.38:475][  0]LogConfig: Setting CVar [[r.setres:1280x720]]
[2019.10.26-04.30.38:475][  0]LogConfig: Applying CVar settings from Section [/Script/Engine.RendererSettings] File [C:/Users/ALE/Documents/GAME 3 sem/GAME 2332 PROJECT DEVEL/HW3 - GAME/AD_P_v0/Saved/Config/Windows/Engine.ini]
[2019.10.26-04.30.38:475][  0]LogConfig: Setting CVar [[r.GPUCrashDebugging:0]]
[2019.10.26-04.30.38:475][  0]LogConfig: Setting CVar [[r.MobileHDR:0]]
[2019.10.26-04.30.38:476][  0]LogConfig: Setting CVar [[r.Mobile.DisableVertexFog:1]]
[2019.10.26-04.30.38:476][  0]LogConfig: Setting CVar [[r.Shadow.CSM.MaxMobileCascades:2]]
[2019.10.26-04.30.38:476][  0]LogConfig: Setting CVar [[r.MobileMSAA:1]]
[2019.10.26-04.30.38:476][  0]LogConfig: Setting CVar [[r.Mobile.UseLegacyShadingModel:0]]
[2019.10.26-04.30.38:476][  0]LogConfig: Setting CVar [[r.Mobile.UseHWsRGBEncoding:0]]
[2019.10.26-04.30.38:476][  0]LogConfig: Setting CVar [[r.Mobile.AllowDitheredLODTransition:0]]
[2019.10.26-04.30.38:476][  0]LogConfig: Setting CVar [[r.Mobile.AllowSoftwareOcclusion:0]]
[2019.10.26-04.30.38:476][  0]LogConfig: Setting CVar [[r.DiscardUnusedQuality:0]]
[2019.10.26-04.30.38:476][  0]LogConfig: Setting CVar [[r.AllowOcclusionQueries:1]]
[2019.10.26-04.30.38:476][  0]LogConfig: Setting CVar [[r.MinScreenRadiusForLights:0.030000]]
[2019.10.26-04.30.38:476][  0]LogConfig: Setting CVar [[r.MinScreenRadiusForDepthPrepass:0.030000]]
[2019.10.26-04.30.38:476][  0]LogConfig: Setting CVar [[r.MinScreenRadiusForCSMDepth:0.010000]]
[2019.10.26-04.30.38:476][  0]LogConfig: Setting CVar [[r.PrecomputedVisibilityWarning:0]]
[2019.10.26-04.30.38:476][  0]LogConfig: Setting CVar [[r.TextureStreaming:1]]
[2019.10.26-04.30.38:476][  0]LogConfig: Setting CVar [[Compat.UseDXT5NormalMaps:0]]
[2019.10.26-04.30.38:476][  0]LogConfig: Setting CVar [[r.ClearCoatNormal:0]]
[2019.10.26-04.30.38:476][  0]LogConfig: Setting CVar [[r.ReflectionCaptureResolution:128]]
[2019.10.26-04.30.38:476][  0]LogConfig: Setting CVar [[r.ReflectionEnvironmentLightmapMixBasedOnRoughness:1]]
[2019.10.26-04.30.38:476][  0]LogConfig: Setting CVar [[r.ForwardShading:0]]
[2019.10.26-04.30.38:476][  0]LogConfig: Setting CVar [[r.VertexFoggingForOpaque:1]]
[2019.10.26-04.30.38:477][  0]LogConfig: Setting CVar [[r.AllowStaticLighting:1]]
[2019.10.26-04.30.38:477][  0]LogConfig: Setting CVar [[r.NormalMapsForStaticLighting:0]]
[2019.10.26-04.30.38:477][  0]LogConfig: Setting CVar [[r.GenerateMeshDistanceFields:0]]
[2019.10.26-04.30.38:477][  0]LogConfig: Setting CVar [[r.DistanceFieldBuild.EightBit:0]]
[2019.10.26-04.30.38:477][  0]LogConfig: Setting CVar [[r.GenerateLandscapeGIData:0]]
[2019.10.26-04.30.38:477][  0]LogConfig: Setting CVar [[r.DistanceFieldBuild.Compress:0]]
[2019.10.26-04.30.38:477][  0]LogConfig: Setting CVar [[r.TessellationAdaptivePixelsPerTriangle:48.000000]]
[2019.10.26-04.30.38:477][  0]LogConfig: Setting CVar [[r.SeparateTranslucency:0]]
[2019.10.26-04.30.38:477][  0]LogConfig: Setting CVar [[r.TranslucentSortPolicy:0]]
[2019.10.26-04.30.38:477][  0]LogConfig: Setting CVar [[r.CustomDepth:1]]
[2019.10.26-04.30.38:477][  0]LogConfig: Setting CVar [[r.CustomDepthTemporalAAJitter:1]]
[2019.10.26-04.30.38:477][  0]LogConfig: Setting CVar [[r.PostProcessing.PropagateAlpha:0]]
[2019.10.26-04.30.38:477][  0]LogConfig: Setting CVar [[r.DefaultFeature.Bloom:0]]
[2019.10.26-04.30.38:477][  0]LogConfig: Setting CVar [[r.DefaultFeature.AmbientOcclusion:0]]
[2019.10.26-04.30.38:477][  0]LogConfig: Setting CVar [[r.DefaultFeature.AmbientOcclusionStaticFraction:1]]
[2019.10.26-04.30.38:478][  0]LogConfig: Setting CVar [[r.DefaultFeature.AutoExposure:0]]
[2019.10.26-04.30.38:478][  0]LogConfig: Setting CVar [[r.DefaultFeature.AutoExposure.Method:0]]
[2019.10.26-04.30.38:478][  0]LogConfig: Setting CVar [[r.DefaultFeature.AutoExposure.ExtendDefaultLuminanceRange:1]]
[2019.10.26-04.30.38:478][  0]LogConfig: Setting CVar [[r.UsePreExposure:0]]
[2019.10.26-04.30.38:478][  0]LogConfig: Setting CVar [[r.DefaultFeature.MotionBlur:0]]
[2019.10.26-04.30.38:478][  0]LogConfig: Setting CVar [[r.DefaultFeature.LensFlare:0]]
[2019.10.26-04.30.38:478][  0]LogConfig: Setting CVar [[r.TemporalAA.Upsampling:0]]
[2019.10.26-04.30.38:479][  0]LogConfig: Setting CVar [[r.DefaultFeature.AntiAliasing:0]]
[2019.10.26-04.30.38:479][  0]LogConfig: Setting CVar [[r.DefaultFeature.LightUnits:1]]
[2019.10.26-04.30.38:479][  0]LogConfig: Setting CVar [[r.DefaultBackBufferPixelFormat:4]]
[2019.10.26-04.30.38:479][  0]LogConfig: Setting CVar [[r.Shadow.UnbuiltPreviewInGame:1]]
[2019.10.26-04.30.38:479][  0]LogConfig: Setting CVar [[r.StencilForLODDither:0]]
[2019.10.26-04.30.38:479][  0]LogConfig: Setting CVar [[r.EarlyZPass:3]]
[2019.10.26-04.30.38:479][  0]LogConfig: Setting CVar [[r.EarlyZPassOnlyMaterialMasking:0]]
[2019.10.26-04.30.38:479][  0]LogConfig: Setting CVar [[r.DBuffer:1]]
[2019.10.26-04.30.38:479][  0]LogConfig: Setting CVar [[r.ClearSceneMethod:1]]
[2019.10.26-04.30.38:480][  0]LogConfig: Setting CVar [[r.BasePassOutputsVelocity:0]]
[2019.10.26-04.30.38:480][  0]LogConfig: Setting CVar [[r.SelectiveBasePassOutputs:0]]
[2019.10.26-04.30.38:480][  0]LogConfig: Setting CVar [[fx.GPUSimulationTextureSizeX:1024]]
[2019.10.26-04.30.38:480][  0]LogConfig: Setting CVar [[fx.GPUSimulationTextureSizeY:1024]]
[2019.10.26-04.30.38:480][  0]LogConfig: Setting CVar [[r.AllowGlobalClipPlane:0]]
[2019.10.26-04.30.38:480][  0]LogConfig: Setting CVar [[r.GBufferFormat:1]]
[2019.10.26-04.30.38:480][  0]LogConfig: Setting CVar [[r.MorphTarget.Mode:1]]
[2019.10.26-04.30.38:480][  0]LogConfig: Setting CVar [[vr.InstancedStereo:0]]
[2019.10.26-04.30.38:480][  0]LogConfig: Setting CVar [[vr.MultiView:0]]
[2019.10.26-04.30.38:480][  0]LogConfig: Setting CVar [[vr.MobileMultiView:0]]
[2019.10.26-04.30.38:480][  0]LogConfig: Setting CVar [[vr.MobileMultiView.Direct:0]]
[2019.10.26-04.30.38:480][  0]LogConfig: Setting CVar [[vr.RoundRobinOcclusion:0]]
[2019.10.26-04.30.38:480][  0]LogConfig: Setting CVar [[vr.ODSCapture:0]]
[2019.10.26-04.30.38:480][  0]LogConfig: Setting CVar [[r.WireframeCullThreshold:5.000000]]
[2019.10.26-04.30.38:480][  0]LogConfig: Setting CVar [[r.RayTracing:0]]
[2019.10.26-04.30.38:480][  0]LogConfig: Setting CVar [[r.SupportStationarySkylight:1]]
[2019.10.26-04.30.38:480][  0]LogConfig: Setting CVar [[r.SupportLowQualityLightmaps:1]]
[2019.10.26-04.30.38:481][  0]LogConfig: Setting CVar [[r.SupportPointLightWholeSceneShadows:1]]
[2019.10.26-04.30.38:481][  0]LogConfig: Setting CVar [[r.SupportAtmosphericFog:1]]
[2019.10.26-04.30.38:481][  0]LogConfig: Setting CVar [[r.SkinCache.CompileShaders:0]]
[2019.10.26-04.30.38:481][  0]LogConfig: Setting CVar [[r.Mobile.EnableStaticAndCSMShadowReceivers:1]]
[2019.10.26-04.30.38:481][  0]LogConfig: Setting CVar [[r.Mobile.EnableMovableLightCSMShaderCulling:1]]
[2019.10.26-04.30.38:481][  0]LogConfig: Setting CVar [[r.Mobile.AllowDistanceFieldShadows:1]]
[2019.10.26-04.30.38:481][  0]LogConfig: Setting CVar [[r.Mobile.AllowMovableDirectionalLights:1]]
[2019.10.26-04.30.38:481][  0]LogConfig: Setting CVar [[r.MobileNumDynamicPointLights:4]]
[2019.10.26-04.30.38:481][  0]LogConfig: Setting CVar [[r.MobileDynamicPointLightsUseStaticBranch:1]]
[2019.10.26-04.30.38:481][  0]LogConfig: Setting CVar [[r.Mobile.EnableMovableSpotlights:0]]
[2019.10.26-04.30.38:481][  0]LogConfig: Setting CVar [[r.SkinCache.SceneMemoryLimitInMB:128.000000]]
[2019.10.26-04.30.38:481][  0]LogConfig: Setting CVar [[r.GPUSkin.Limit2BoneInfluences:0]]
[2019.10.26-04.30.38:481][  0]LogConfig: Setting CVar [[r.SupportDepthOnlyIndexBuffers:1]]
[2019.10.26-04.30.38:481][  0]LogConfig: Setting CVar [[r.SupportReversedIndexBuffers:1]]
[2019.10.26-04.30.38:481][  0]LogConfig: Setting CVar [[r.SupportMaterialLayers:0]]
[2019.10.26-04.30.38:481][  0]LogConfig: Applying CVar settings from Section [/Script/Engine.RendererOverrideSettings] File [C:/Users/ALE/Documents/GAME 3 sem/GAME 2332 PROJECT DEVEL/HW3 - GAME/AD_P_v0/Saved/Config/Windows/Engine.ini]
[2019.10.26-04.30.38:481][  0]LogConfig: Applying CVar settings from Section [/Script/Engine.StreamingSettings] File [C:/Users/ALE/Documents/GAME 3 sem/GAME 2332 PROJECT DEVEL/HW3 - GAME/AD_P_v0/Saved/Config/Windows/Engine.ini]
[2019.10.26-04.30.38:481][  0]LogConfig: Setting CVar [[s.MinBulkDataSizeForAsyncLoading:131072]]
[2019.10.26-04.30.38:481][  0]LogConfig: Setting CVar [[s.AsyncLoadingThreadEnabled:0]]
[2019.10.26-04.30.38:482][  0]LogConfig: Setting CVar [[s.EventDrivenLoaderEnabled:1]]
[2019.10.26-04.30.38:482][  0]LogConfig: Setting CVar [[s.WarnIfTimeLimitExceeded:0]]
[2019.10.26-04.30.38:482][  0]LogConfig: Setting CVar [[s.TimeLimitExceededMultiplier:1.5]]
[2019.10.26-04.30.38:482][  0]LogConfig: Setting CVar [[s.TimeLimitExceededMinTime:0.005]]
[2019.10.26-04.30.38:482][  0]LogConfig: Setting CVar [[s.UseBackgroundLevelStreaming:1]]
[2019.10.26-04.30.38:482][  0]LogConfig: Setting CVar [[s.PriorityAsyncLoadingExtraTime:15.0]]
[2019.10.26-04.30.38:482][  0]LogConfig: Setting CVar [[s.LevelStreamingActorsUpdateTimeLimit:5.0]]
[2019.10.26-04.30.38:482][  0]LogConfig: Setting CVar [[s.PriorityLevelStreamingActorsUpdateExtraTime:5.0]]
[2019.10.26-04.30.38:482][  0]LogConfig: Setting CVar [[s.LevelStreamingComponentsRegistrationGranularity:10]]
[2019.10.26-04.30.38:482][  0]LogConfig: Setting CVar [[s.UnregisterComponentsTimeLimit:1.0]]
[2019.10.26-04.30.38:482][  0]LogConfig: Setting CVar [[s.LevelStreamingComponentsUnregistrationGranularity:5]]
[2019.10.26-04.30.38:482][  0]LogConfig: Applying CVar settings from Section [/Script/Engine.GarbageCollectionSettings] File [C:/Users/ALE/Documents/GAME 3 sem/GAME 2332 PROJECT DEVEL/HW3 - GAME/AD_P_v0/Saved/Config/Windows/Engine.ini]
[2019.10.26-04.30.38:482][  0]LogConfig: Setting CVar [[gc.MaxObjectsNotConsideredByGC:1]]
[2019.10.26-04.30.38:482][  0]LogConfig: Setting CVar [[gc.SizeOfPermanentObjectPool:0]]
[2019.10.26-04.30.38:482][  0]LogConfig: Setting CVar [[gc.FlushStreamingOnGC:0]]
[2019.10.26-04.30.38:483][  0]LogConfig: Setting CVar [[gc.NumRetriesBeforeForcingGC:10]]
[2019.10.26-04.30.38:483][  0]LogConfig: Setting CVar [[gc.AllowParallelGC:1]]
[2019.10.26-04.30.38:483][  0]LogConfig: Setting CVar [[gc.TimeBetweenPurgingPendingKillObjects:61.1]]
[2019.10.26-04.30.38:483][  0]LogConfig: Setting CVar [[gc.MaxObjectsInEditor:16777216]]
[2019.10.26-04.30.38:483][  0]LogConfig: Setting CVar [[gc.IncrementalBeginDestroyEnabled:1]]
[2019.10.26-04.30.38:483][  0]LogConfig: Setting CVar [[gc.CreateGCClusters:1]]
[2019.10.26-04.30.38:483][  0]LogConfig: Setting CVar [[gc.MinGCClusterSize:5]]
[2019.10.26-04.30.38:483][  0]LogConfig: Setting CVar [[gc.ActorClusteringEnabled:0]]
[2019.10.26-04.30.38:483][  0]LogConfig: Setting CVar [[gc.BlueprintClusteringEnabled:0]]
[2019.10.26-04.30.38:483][  0]LogConfig: Setting CVar [[gc.UseDisregardForGCOnDedicatedServers:0]]
[2019.10.26-04.30.38:484][  0]LogConfig: Applying CVar settings from Section [/Script/Engine.NetworkSettings] File [C:/Users/ALE/Documents/GAME 3 sem/GAME 2332 PROJECT DEVEL/HW3 - GAME/AD_P_v0/Saved/Config/Windows/Engine.ini]
[2019.10.26-04.30.38:484][  0]LogConfig: Applying CVar settings from Section [/Script/UnrealEd.CookerSettings] File [C:/Users/ALE/Documents/GAME 3 sem/GAME 2332 PROJECT DEVEL/HW3 - GAME/AD_P_v0/Saved/Config/Windows/Engine.ini]
[2019.10.26-04.30.38:493][  0]LogConfig: Applying CVar settings from Section [ViewDistanceQuality@3] File [C:/Users/ALE/Documents/GAME 3 sem/GAME 2332 PROJECT DEVEL/HW3 - GAME/AD_P_v0/Saved/Config/Windows/Scalability.ini]
[2019.10.26-04.30.38:493][  0]LogConfig: Setting CVar [[r.SkeletalMeshLODBias:0]]
[2019.10.26-04.30.38:494][  0]LogConfig: Setting CVar [[r.ViewDistanceScale:1.0]]
[2019.10.26-04.30.38:494][  0]LogConfig: Applying CVar settings from Section [AntiAliasingQuality@3] File [C:/Users/ALE/Documents/GAME 3 sem/GAME 2332 PROJECT DEVEL/HW3 - GAME/AD_P_v0/Saved/Config/Windows/Scalability.ini]
[2019.10.26-04.30.38:494][  0]LogConfig: Setting CVar [[r.PostProcessAAQuality:4]]
[2019.10.26-04.30.38:495][  0]LogConfig: Applying CVar settings from Section [ShadowQuality@3] File [C:/Users/ALE/Documents/GAME 3 sem/GAME 2332 PROJECT DEVEL/HW3 - GAME/AD_P_v0/Saved/Config/Windows/Scalability.ini]
[2019.10.26-04.30.38:495][  0]LogConfig: Setting CVar [[r.LightFunctionQuality:1]]
[2019.10.26-04.30.38:495][  0]LogConfig: Setting CVar [[r.ShadowQuality:5]]
[2019.10.26-04.30.38:495][  0]LogConfig: Setting CVar [[r.Shadow.CSM.MaxCascades:10]]
[2019.10.26-04.30.38:495][  0]LogConfig: Setting CVar [[r.Shadow.MaxResolution:2048]]
[2019.10.26-04.30.38:495][  0]LogConfig: Setting CVar [[r.Shadow.MaxCSMResolution:2048]]
[2019.10.26-04.30.38:495][  0]LogConfig: Setting CVar [[r.Shadow.RadiusThreshold:0.01]]
[2019.10.26-04.30.38:495][  0]LogConfig: Setting CVar [[r.Shadow.DistanceScale:1.0]]
[2019.10.26-04.30.38:495][  0]LogConfig: Setting CVar [[r.Shadow.CSM.TransitionScale:1.0]]
[2019.10.26-04.30.38:495][  0]LogConfig: Setting CVar [[r.Shadow.PreShadowResolutionFactor:1.0]]
[2019.10.26-04.30.38:495][  0]LogConfig: Setting CVar [[r.DistanceFieldShadowing:1]]
[2019.10.26-04.30.38:495][  0]LogConfig: Setting CVar [[r.DistanceFieldAO:1]]
[2019.10.26-04.30.38:495][  0]LogConfig: Setting CVar [[r.AOQuality:2]]
[2019.10.26-04.30.38:495][  0]LogConfig: Setting CVar [[r.VolumetricFog:1]]
[2019.10.26-04.30.38:495][  0]LogConfig: Setting CVar [[r.VolumetricFog.GridPixelSize:8]]
[2019.10.26-04.30.38:495][  0]LogConfig: Setting CVar [[r.VolumetricFog.GridSizeZ:128]]
[2019.10.26-04.30.38:496][  0]LogConfig: Setting CVar [[r.VolumetricFog.HistoryMissSupersampleCount:4]]
[2019.10.26-04.30.38:496][  0]LogConfig: Setting CVar [[r.LightMaxDrawDistanceScale:1]]
[2019.10.26-04.30.38:496][  0]LogConfig: Setting CVar [[r.CapsuleShadows:1]]
[2019.10.26-04.30.38:496][  0]LogConfig: Applying CVar settings from Section [PostProcessQuality@3] File [C:/Users/ALE/Documents/GAME 3 sem/GAME 2332 PROJECT DEVEL/HW3 - GAME/AD_P_v0/Saved/Config/Windows/Scalability.ini]
[2019.10.26-04.30.38:496][  0]LogConfig: Setting CVar [[r.MotionBlurQuality:4]]
[2019.10.26-04.30.38:496][  0]LogConfig: Setting CVar [[r.AmbientOcclusionMipLevelFactor:0.4]]
[2019.10.26-04.30.38:496][  0]LogConfig: Setting CVar [[r.AmbientOcclusionMaxQuality:100]]
[2019.10.26-04.30.38:496][  0]LogConfig: Setting CVar [[r.AmbientOcclusionLevels:-1]]
[2019.10.26-04.30.38:496][  0]LogConfig: Setting CVar [[r.AmbientOcclusionRadiusScale:1.0]]
[2019.10.26-04.30.38:496][  0]LogConfig: Setting CVar [[r.DepthOfFieldQuality:2]]
[2019.10.26-04.30.38:496][  0]LogConfig: Setting CVar [[r.RenderTargetPoolMin:400]]
[2019.10.26-04.30.38:496][  0]LogConfig: Setting CVar [[r.LensFlareQuality:2]]
[2019.10.26-04.30.38:496][  0]LogConfig: Setting CVar [[r.SceneColorFringeQuality:1]]
[2019.10.26-04.30.38:496][  0]LogConfig: Setting CVar [[r.EyeAdaptationQuality:2]]
[2019.10.26-04.30.38:496][  0]LogConfig: Setting CVar [[r.BloomQuality:5]]
[2019.10.26-04.30.38:496][  0]LogConfig: Setting CVar [[r.FastBlurThreshold:100]]
[2019.10.26-04.30.38:496][  0]LogConfig: Setting CVar [[r.Upscale.Quality:3]]
[2019.10.26-04.30.38:497][  0]LogConfig: Setting CVar [[r.Tonemapper.GrainQuantization:1]]
[2019.10.26-04.30.38:497][  0]LogConfig: Setting CVar [[r.LightShaftQuality:1]]
[2019.10.26-04.30.38:497][  0]LogConfig: Setting CVar [[r.Filter.SizeScale:1]]
[2019.10.26-04.30.38:497][  0]LogConfig: Setting CVar [[r.Tonemapper.Quality:5]]
[2019.10.26-04.30.38:497][  0]LogConfig: Setting CVar [[r.DOF.Gather.AccumulatorQuality:1        ; higher gathering accumulator quality]]
[2019.10.26-04.30.38:497][  0]LogConfig: Setting CVar [[r.DOF.Gather.PostfilterMethod:1          ; Median3x3 postfilering method]]
[2019.10.26-04.30.38:497][  0]LogConfig: Setting CVar [[r.DOF.Gather.EnableBokehSettings:0       ; no bokeh simulation when gathering]]
[2019.10.26-04.30.38:497][  0]LogConfig: Setting CVar [[r.DOF.Gather.RingCount:4                 ; medium number of samples when gathering]]
[2019.10.26-04.30.38:497][  0]LogConfig: Setting CVar [[r.DOF.Scatter.ForegroundCompositing:1    ; additive foreground scattering]]
[2019.10.26-04.30.38:497][  0]LogConfig: Setting CVar [[r.DOF.Scatter.BackgroundCompositing:2    ; additive background scattering]]
[2019.10.26-04.30.38:497][  0]LogConfig: Setting CVar [[r.DOF.Scatter.EnableBokehSettings:1      ; bokeh simulation when scattering]]
[2019.10.26-04.30.38:497][  0]LogConfig: Setting CVar [[r.DOF.Scatter.MaxSpriteRatio:0.1         ; only a maximum of 10% of scattered bokeh]]
[2019.10.26-04.30.38:497][  0]LogConfig: Setting CVar [[r.DOF.Recombine.Quality:1                ; cheap slight out of focus]]
[2019.10.26-04.30.38:497][  0]LogConfig: Setting CVar [[r.DOF.Recombine.EnableBokehSettings:0    ; no bokeh simulation on slight out of focus]]
[2019.10.26-04.30.38:497][  0]LogConfig: Setting CVar [[r.DOF.TemporalAAQuality:1                ; more stable temporal accumulation]]
[2019.10.26-04.30.38:498][  0]LogConfig: Setting CVar [[r.DOF.Kernel.MaxForegroundRadius:0.025]]
[2019.10.26-04.30.38:498][  0]LogConfig: Setting CVar [[r.DOF.Kernel.MaxBackgroundRadius:0.025]]
[2019.10.26-04.30.38:498][  0]LogConfig: Applying CVar settings from Section [TextureQuality@3] File [C:/Users/ALE/Documents/GAME 3 sem/GAME 2332 PROJECT DEVEL/HW3 - GAME/AD_P_v0/Saved/Config/Windows/Scalability.ini]
[2019.10.26-04.30.38:498][  0]LogConfig: Setting CVar [[r.Streaming.MipBias:0]]
[2019.10.26-04.30.38:498][  0]LogConfig: Setting CVar [[r.Streaming.AmortizeCPUToGPUCopy:0]]
[2019.10.26-04.30.38:498][  0]LogConfig: Setting CVar [[r.Streaming.MaxNumTexturesToStreamPerFrame:0]]
[2019.10.26-04.30.38:498][  0]LogConfig: Setting CVar [[r.Streaming.Boost:1]]
[2019.10.26-04.30.38:498][  0]LogConfig: Setting CVar [[r.MaxAnisotropy:8]]
[2019.10.26-04.30.38:498][  0]LogConfig: Setting CVar [[r.Streaming.LimitPoolSizeToVRAM:0]]
[2019.10.26-04.30.38:498][  0]LogConfig: Setting CVar [[r.Streaming.PoolSize:1000]]
[2019.10.26-04.30.38:498][  0]LogConfig: Setting CVar [[r.Streaming.MaxEffectiveScreenSize:0]]
[2019.10.26-04.30.38:498][  0]LogConfig: Applying CVar settings from Section [EffectsQuality@3] File [C:/Users/ALE/Documents/GAME 3 sem/GAME 2332 PROJECT DEVEL/HW3 - GAME/AD_P_v0/Saved/Config/Windows/Scalability.ini]
[2019.10.26-04.30.38:499][  0]LogConfig: Setting CVar [[r.TranslucencyLightingVolumeDim:64]]
[2019.10.26-04.30.38:499][  0]LogConfig: Setting CVar [[r.RefractionQuality:2]]
[2019.10.26-04.30.38:499][  0]LogConfig: Setting CVar [[r.SSR.Quality:3]]
[2019.10.26-04.30.38:499][  0]LogConfig: Setting CVar [[r.SceneColorFormat:4]]
[2019.10.26-04.30.38:500][  0]LogConfig: Setting CVar [[r.DetailMode:2]]
[2019.10.26-04.30.38:500][  0]LogConfig: Setting CVar [[r.TranslucencyVolumeBlur:1]]
[2019.10.26-04.30.38:500][  0]LogConfig: Setting CVar [[r.MaterialQualityLevel:1 ; High quality]]
[2019.10.26-04.30.38:500][  0]LogConfig: Setting CVar [[r.SSS.Scale:1]]
[2019.10.26-04.30.38:500][  0]LogConfig: Setting CVar [[r.SSS.SampleSet:2]]
[2019.10.26-04.30.38:501][  0]LogConfig: Setting CVar [[r.SSS.Quality:1]]
[2019.10.26-04.30.38:501][  0]LogConfig: Setting CVar [[r.SSS.HalfRes:1]]
[2019.10.26-04.30.38:501][  0]LogConfig: Setting CVar [[r.EmitterSpawnRateScale:1.0]]
[2019.10.26-04.30.38:501][  0]LogConfig: Setting CVar [[r.ParticleLightQuality:2]]
[2019.10.26-04.30.38:501][  0]LogConfig: Applying CVar settings from Section [FoliageQuality@3] File [C:/Users/ALE/Documents/GAME 3 sem/GAME 2332 PROJECT DEVEL/HW3 - GAME/AD_P_v0/Saved/Config/Windows/Scalability.ini]
[2019.10.26-04.30.38:501][  0]LogConfig: Setting CVar [[foliage.DensityScale:1.0]]
[2019.10.26-04.30.38:501][  0]LogConfig: Setting CVar [[grass.DensityScale:1.0]]
[2019.10.26-04.30.38:502][  0]LogInit: Selected Device Profile: [Windows]
[2019.10.26-04.30.38:502][  0]LogInit: Applying CVar settings loaded from the selected device profile: [Windows]
[2019.10.26-04.30.38:520][  0]LogHAL: Display: Platform has ~ 12 GB [12764549120 / 17179869184 / 12], which maps to Larger [LargestMinGB=32, LargerMinGB=12, DefaultMinGB=8, SmallerMinGB=6, SmallestMinGB=0)
[2019.10.26-04.30.38:520][  0]LogInit: Going up to parent DeviceProfile []
[2019.10.26-04.30.38:520][  0]LogConfig: Applying CVar settings from Section [ViewDistanceQuality@3] File [C:/Users/ALE/Documents/GAME 3 sem/GAME 2332 PROJECT DEVEL/HW3 - GAME/AD_P_v0/Saved/Config/Windows/Scalability.ini]
[2019.10.26-04.30.38:520][  0]LogConfig: Setting CVar [[r.SkeletalMeshLODBias:0]]
[2019.10.26-04.30.38:520][  0]LogConfig: Setting CVar [[r.ViewDistanceScale:1.0]]
[2019.10.26-04.30.38:520][  0]LogConfig: Applying CVar settings from Section [AntiAliasingQuality@3] File [C:/Users/ALE/Documents/GAME 3 sem/GAME 2332 PROJECT DEVEL/HW3 - GAME/AD_P_v0/Saved/Config/Windows/Scalability.ini]
[2019.10.26-04.30.38:520][  0]LogConfig: Setting CVar [[r.PostProcessAAQuality:4]]
[2019.10.26-04.30.38:520][  0]LogConfig: Applying CVar settings from Section [ShadowQuality@3] File [C:/Users/ALE/Documents/GAME 3 sem/GAME 2332 PROJECT DEVEL/HW3 - GAME/AD_P_v0/Saved/Config/Windows/Scalability.ini]
[2019.10.26-04.30.38:520][  0]LogConfig: Setting CVar [[r.LightFunctionQuality:1]]
[2019.10.26-04.30.38:520][  0]LogConfig: Setting CVar [[r.ShadowQuality:5]]
[2019.10.26-04.30.38:520][  0]LogConfig: Setting CVar [[r.Shadow.CSM.MaxCascades:10]]
[2019.10.26-04.30.38:520][  0]LogConfig: Setting CVar [[r.Shadow.MaxResolution:2048]]
[2019.10.26-04.30.38:520][  0]LogConfig: Setting CVar [[r.Shadow.MaxCSMResolution:2048]]
[2019.10.26-04.30.38:520][  0]LogConfig: Setting CVar [[r.Shadow.RadiusThreshold:0.01]]
[2019.10.26-04.30.38:520][  0]LogConfig: Setting CVar [[r.Shadow.DistanceScale:1.0]]
[2019.10.26-04.30.38:521][  0]LogConfig: Setting CVar [[r.Shadow.CSM.TransitionScale:1.0]]
[2019.10.26-04.30.38:521][  0]LogConfig: Setting CVar [[r.Shadow.PreShadowResolutionFactor:1.0]]
[2019.10.26-04.30.38:521][  0]LogConfig: Setting CVar [[r.DistanceFieldShadowing:1]]
[2019.10.26-04.30.38:521][  0]LogConfig: Setting CVar [[r.DistanceFieldAO:1]]
[2019.10.26-04.30.38:521][  0]LogConfig: Setting CVar [[r.AOQuality:2]]
[2019.10.26-04.30.38:521][  0]LogConfig: Setting CVar [[r.VolumetricFog:1]]
[2019.10.26-04.30.38:521][  0]LogConfig: Setting CVar [[r.VolumetricFog.GridPixelSize:8]]
[2019.10.26-04.30.38:521][  0]LogConfig: Setting CVar [[r.VolumetricFog.GridSizeZ:128]]
[2019.10.26-04.30.38:521][  0]LogConfig: Setting CVar [[r.VolumetricFog.HistoryMissSupersampleCount:4]]
[2019.10.26-04.30.38:521][  0]LogConfig: Setting CVar [[r.LightMaxDrawDistanceScale:1]]
[2019.10.26-04.30.38:521][  0]LogConfig: Setting CVar [[r.CapsuleShadows:1]]
[2019.10.26-04.30.38:521][  0]LogConfig: Applying CVar settings from Section [PostProcessQuality@3] File [C:/Users/ALE/Documents/GAME 3 sem/GAME 2332 PROJECT DEVEL/HW3 - GAME/AD_P_v0/Saved/Config/Windows/Scalability.ini]
[2019.10.26-04.30.38:521][  0]LogConfig: Setting CVar [[r.MotionBlurQuality:4]]
[2019.10.26-04.30.38:521][  0]LogConfig: Setting CVar [[r.AmbientOcclusionMipLevelFactor:0.4]]
[2019.10.26-04.30.38:521][  0]LogConfig: Setting CVar [[r.AmbientOcclusionMaxQuality:100]]
[2019.10.26-04.30.38:521][  0]LogConfig: Setting CVar [[r.AmbientOcclusionLevels:-1]]
[2019.10.26-04.30.38:521][  0]LogConfig: Setting CVar [[r.AmbientOcclusionRadiusScale:1.0]]
[2019.10.26-04.30.38:521][  0]LogConfig: Setting CVar [[r.DepthOfFieldQuality:2]]
[2019.10.26-04.30.38:521][  0]LogConfig: Setting CVar [[r.RenderTargetPoolMin:400]]
[2019.10.26-04.30.38:521][  0]LogConfig: Setting CVar [[r.LensFlareQuality:2]]
[2019.10.26-04.30.38:521][  0]LogConfig: Setting CVar [[r.SceneColorFringeQuality:1]]
[2019.10.26-04.30.38:521][  0]LogConfig: Setting CVar [[r.EyeAdaptationQuality:2]]
[2019.10.26-04.30.38:522][  0]LogConfig: Setting CVar [[r.BloomQuality:5]]
[2019.10.26-04.30.38:522][  0]LogConfig: Setting CVar [[r.FastBlurThreshold:100]]
[2019.10.26-04.30.38:522][  0]LogConfig: Setting CVar [[r.Upscale.Quality:3]]
[2019.10.26-04.30.38:522][  0]LogConfig: Setting CVar [[r.Tonemapper.GrainQuantization:1]]
[2019.10.26-04.30.38:522][  0]LogConfig: Setting CVar [[r.LightShaftQuality:1]]
[2019.10.26-04.30.38:522][  0]LogConfig: Setting CVar [[r.Filter.SizeScale:1]]
[2019.10.26-04.30.38:522][  0]LogConfig: Setting CVar [[r.Tonemapper.Quality:5]]
[2019.10.26-04.30.38:522][  0]LogConfig: Setting CVar [[r.DOF.Gather.AccumulatorQuality:1        ; higher gathering accumulator quality]]
[2019.10.26-04.30.38:522][  0]LogConfig: Setting CVar [[r.DOF.Gather.PostfilterMethod:1          ; Median3x3 postfilering method]]
[2019.10.26-04.30.38:522][  0]LogConfig: Setting CVar [[r.DOF.Gather.EnableBokehSettings:0       ; no bokeh simulation when gathering]]
[2019.10.26-04.30.38:522][  0]LogConfig: Setting CVar [[r.DOF.Gather.RingCount:4                 ; medium number of samples when gathering]]
[2019.10.26-04.30.38:522][  0]LogConfig: Setting CVar [[r.DOF.Scatter.ForegroundCompositing:1    ; additive foreground scattering]]
[2019.10.26-04.30.38:522][  0]LogConfig: Setting CVar [[r.DOF.Scatter.BackgroundCompositing:2    ; additive background scattering]]
[2019.10.26-04.30.38:522][  0]LogConfig: Setting CVar [[r.DOF.Scatter.EnableBokehSettings:1      ; bokeh simulation when scattering]]
[2019.10.26-04.30.38:522][  0]LogConfig: Setting CVar [[r.DOF.Scatter.MaxSpriteRatio:0.1         ; only a maximum of 10% of scattered bokeh]]
[2019.10.26-04.30.38:522][  0]LogConfig: Setting CVar [[r.DOF.Recombine.Quality:1                ; cheap slight out of focus]]
[2019.10.26-04.30.38:522][  0]LogConfig: Setting CVar [[r.DOF.Recombine.EnableBokehSettings:0    ; no bokeh simulation on slight out of focus]]
[2019.10.26-04.30.38:522][  0]LogConfig: Setting CVar [[r.DOF.TemporalAAQuality:1                ; more stable temporal accumulation]]
[2019.10.26-04.30.38:522][  0]LogConfig: Setting CVar [[r.DOF.Kernel.MaxForegroundRadius:0.025]]
[2019.10.26-04.30.38:522][  0]LogConfig: Setting CVar [[r.DOF.Kernel.MaxBackgroundRadius:0.025]]
[2019.10.26-04.30.38:523][  0]LogConfig: Applying CVar settings from Section [TextureQuality@3] File [C:/Users/ALE/Documents/GAME 3 sem/GAME 2332 PROJECT DEVEL/HW3 - GAME/AD_P_v0/Saved/Config/Windows/Scalability.ini]
[2019.10.26-04.30.38:523][  0]LogConfig: Setting CVar [[r.Streaming.MipBias:0]]
[2019.10.26-04.30.38:523][  0]LogConfig: Setting CVar [[r.Streaming.AmortizeCPUToGPUCopy:0]]
[2019.10.26-04.30.38:523][  0]LogConfig: Setting CVar [[r.Streaming.MaxNumTexturesToStreamPerFrame:0]]
[2019.10.26-04.30.38:523][  0]LogConfig: Setting CVar [[r.Streaming.Boost:1]]
[2019.10.26-04.30.38:523][  0]LogConfig: Setting CVar [[r.MaxAnisotropy:8]]
[2019.10.26-04.30.38:523][  0]LogConfig: Setting CVar [[r.Streaming.LimitPoolSizeToVRAM:0]]
[2019.10.26-04.30.38:523][  0]LogConfig: Setting CVar [[r.Streaming.PoolSize:1000]]
[2019.10.26-04.30.38:523][  0]LogConfig: Setting CVar [[r.Streaming.MaxEffectiveScreenSize:0]]
[2019.10.26-04.30.38:523][  0]LogConfig: Applying CVar settings from Section [EffectsQuality@3] File [C:/Users/ALE/Documents/GAME 3 sem/GAME 2332 PROJECT DEVEL/HW3 - GAME/AD_P_v0/Saved/Config/Windows/Scalability.ini]
[2019.10.26-04.30.38:523][  0]LogConfig: Setting CVar [[r.TranslucencyLightingVolumeDim:64]]
[2019.10.26-04.30.38:523][  0]LogConfig: Setting CVar [[r.RefractionQuality:2]]
[2019.10.26-04.30.38:523][  0]LogConfig: Setting CVar [[r.SSR.Quality:3]]
[2019.10.26-04.30.38:523][  0]LogConfig: Setting CVar [[r.SceneColorFormat:4]]
[2019.10.26-04.30.38:523][  0]LogConfig: Setting CVar [[r.DetailMode:2]]
[2019.10.26-04.30.38:523][  0]LogConfig: Setting CVar [[r.TranslucencyVolumeBlur:1]]
[2019.10.26-04.30.38:523][  0]LogConfig: Setting CVar [[r.MaterialQualityLevel:1 ; High quality]]
[2019.10.26-04.30.38:524][  0]LogConfig: Setting CVar [[r.SSS.Scale:1]]
[2019.10.26-04.30.38:524][  0]LogConfig: Setting CVar [[r.SSS.SampleSet:2]]
[2019.10.26-04.30.38:524][  0]LogConfig: Setting CVar [[r.SSS.Quality:1]]
[2019.10.26-04.30.38:524][  0]LogConfig: Setting CVar [[r.SSS.HalfRes:1]]
[2019.10.26-04.30.38:524][  0]LogConfig: Setting CVar [[r.EmitterSpawnRateScale:1.0]]
[2019.10.26-04.30.38:524][  0]LogConfig: Setting CVar [[r.ParticleLightQuality:2]]
[2019.10.26-04.30.38:524][  0]LogConfig: Applying CVar settings from Section [FoliageQuality@3] File [C:/Users/ALE/Documents/GAME 3 sem/GAME 2332 PROJECT DEVEL/HW3 - GAME/AD_P_v0/Saved/Config/Windows/Scalability.ini]
[2019.10.26-04.30.38:524][  0]LogConfig: Setting CVar [[foliage.DensityScale:1.0]]
[2019.10.26-04.30.38:524][  0]LogConfig: Setting CVar [[grass.DensityScale:1.0]]
[2019.10.26-04.30.38:524][  0]LogConfig: Applying CVar settings from Section [Startup] File [../../../Engine/Config/ConsoleVariables.ini]
[2019.10.26-04.30.38:525][  0]LogConfig: Setting CVar [[net.UseAdaptiveNetUpdateFrequency:0]]
[2019.10.26-04.30.38:525][  0]LogConfig: Setting CVar [[p.chaos.AllowCreatePhysxBodies:1]]
[2019.10.26-04.30.38:525][  0]LogConfig: Applying CVar settings from Section [ConsoleVariables] File [C:/Users/ALE/Documents/GAME 3 sem/GAME 2332 PROJECT DEVEL/HW3 - GAME/AD_P_v0/Saved/Config/Windows/Engine.ini]
[2019.10.26-04.30.38:526][  0]LogInit: Computer: ALE-CP
[2019.10.26-04.30.38:526][  0]LogInit: User: ALE
[2019.10.26-04.30.38:526][  0]LogInit: CPU Page size=4096, Cores=2
[2019.10.26-04.30.38:526][  0]LogInit: High frequency timer resolution =10.000000 MHz
[2019.10.26-04.30.38:526][  0]LogMemory: Memory total: Physical=11.9GB (12GB approx)
[2019.10.26-04.30.38:526][  0]LogMemory: Platform Memory Stats for Windows
[2019.10.26-04.30.38:526][  0]LogMemory: Process Physical Memory: 131.52 MB used, 131.80 MB peak
[2019.10.26-04.30.38:526][  0]LogMemory: Process Virtual Memory: 108.91 MB used, 108.91 MB peak
[2019.10.26-04.30.38:527][  0]LogMemory: Physical Memory: 6550.04 MB used,  5623.18 MB free, 12173.22 MB total
[2019.10.26-04.30.38:527][  0]LogMemory: Virtual Memory: 4780.65 MB used,  134212944.00 MB free, 134217728.00 MB total
[2019.10.26-04.30.38:538][  0]LogWindows: WindowsPlatformFeatures enabled
[2019.10.26-04.30.38:723][  0]LogInit: Using OS detected language (en-US).
[2019.10.26-04.30.38:723][  0]LogInit: Using OS detected locale (en-US).
[2019.10.26-04.30.38:730][  0]LogTextLocalizationManager: No specific localization for 'en-US' exists, so the 'en' localization will be used.
[2019.10.26-04.30.39:712][  0]LogSlate: New Slate User Created.  User Index 0, Is Virtual User: 0
[2019.10.26-04.30.39:712][  0]LogSlate: Slate User Registered.  User Index 0, Is Virtual User: 0
[2019.10.26-04.30.39:739][  0]LogHMD: Failed to initialize OpenVR with code 110
[2019.10.26-04.30.39:739][  0]LogD3D11RHI: D3D11 adapters:
[2019.10.26-04.30.40:177][  0]LogD3D11RHI:    0. 'Intel(R) HD Graphics 620' (Feature Level 11_0)
[2019.10.26-04.30.40:177][  0]LogD3D11RHI:       128/0/6086 MB DedicatedVideo/DedicatedSystem/SharedSystem, Outputs:1, VendorId:0x8086
[2019.10.26-04.30.40:185][  0]LogD3D11RHI:    1. 'Microsoft Basic Render Driver' (Feature Level 11_0)
[2019.10.26-04.30.40:185][  0]LogD3D11RHI:       0/0/6086 MB DedicatedVideo/DedicatedSystem/SharedSystem, Outputs:0, VendorId:0x1414
[2019.10.26-04.30.40:185][  0]LogD3D11RHI: Chosen D3D11 Adapter: 0
[2019.10.26-04.30.40:198][  0]LogD3D11RHI: Creating new Direct3DDevice
[2019.10.26-04.30.40:199][  0]LogD3D11RHI:     GPU DeviceId: 0x5916 (for the marketing name, search the web for "GPU Device Id")
[2019.10.26-04.30.40:199][  0]LogWindows: EnumDisplayDevices:
[2019.10.26-04.30.40:199][  0]LogWindows:    0. 'Intel(R) HD Graphics 620' (P:1 D:1)
[2019.10.26-04.30.40:199][  0]LogWindows:    1. 'Intel(R) HD Graphics 620' (P:0 D:0)
[2019.10.26-04.30.40:200][  0]LogWindows:    2. 'Intel(R) HD Graphics 620' (P:0 D:0)
[2019.10.26-04.30.40:200][  0]LogWindows: DebugString: FoundDriverCount:3 
[2019.10.26-04.30.40:200][  0]LogD3D11RHI:     Adapter Name: Intel(R) HD Graphics 620
[2019.10.26-04.30.40:200][  0]LogD3D11RHI:   Driver Version: 23.20.16.4973 (internal:23.20.16.4973, unified:23.20.16.4973)
[2019.10.26-04.30.40:200][  0]LogD3D11RHI:      Driver Date: 2-28-2018
[2019.10.26-04.30.40:201][  0]LogRHI: Texture pool is 1523 MB (70% of 2176 MB)
[2019.10.26-04.30.40:488][  0]LogD3D11RHI: Async texture creation enabled
[2019.10.26-04.30.40:494][  0]LogD3D11RHI: GPU Timing Frequency: 12.000048 (Debug: 2 0)
[2019.10.26-04.30.42:155][  0]LogTemp: Display: Module 'WindowsClientTargetPlatform' loaded TargetPlatform 'WindowsClient'
[2019.10.26-04.30.42:168][  0]LogTemp: Display: Module 'WindowsNoEditorTargetPlatform' loaded TargetPlatform 'WindowsNoEditor'
[2019.10.26-04.30.42:183][  0]LogTemp: Display: Module 'WindowsServerTargetPlatform' loaded TargetPlatform 'WindowsServer'
[2019.10.26-04.30.42:191][  0]LogTemp: Display: Module 'WindowsTargetPlatform' loaded TargetPlatform 'Windows'
[2019.10.26-04.30.42:191][  0]LogTargetPlatformManager: Display: Building Assets For Windows
[2019.10.26-04.30.42:208][  0]LogAudioDebug: Display: Lib vorbis DLL was dynamically loaded.
[2019.10.26-04.30.42:308][  0]LogShaderCompilers: Guid format shader working directory is -48 characters bigger than the processId version (../../../../../../Users/ALE/Documents/GAME 3 sem/GAME 2332 PROJECT DEVEL/HW3 - GAME/AD_P_v0/Intermediate/Shaders/WorkingDirectory/19188/).
[2019.10.26-04.30.42:308][  0]LogShaderCompilers: Cleaned the shader compiler working directory 'C:/Users/ALE/AppData/Local/Temp/UnrealShaderWorkingDir/FE28B1FA4CB6683A998E869835E56D57/'.
[2019.10.26-04.30.42:312][  0]LogXGEController: Cannot use XGE Controller as Incredibuild is not installed on this machine.
[2019.10.26-04.30.42:312][  0]LogShaderCompilers: Cannot use XGE Shader Compiler as Incredibuild is not installed on this machine.
[2019.10.26-04.30.42:312][  0]LogShaderCompilers: Display: Using Local Shader Compiler.
[2019.10.26-04.30.43:136][  0]LogDerivedDataCache: Display: Max Cache Size: 512 MB
[2019.10.26-04.30.43:196][  0]LogDerivedDataCache: Loaded boot cache 0.06s 73MB C:/Users/ALE/AppData/Local/UnrealEngine/4.23/DerivedDataCache/Boot.ddc.
[2019.10.26-04.30.43:196][  0]LogDerivedDataCache: Display: Loaded Boot cache: C:/Users/ALE/AppData/Local/UnrealEngine/4.23/DerivedDataCache/Boot.ddc
[2019.10.26-04.30.43:196][  0]LogDerivedDataCache: FDerivedDataBackendGraph:  Pak pak cache file ../../../../../../Users/ALE/Documents/GAME 3 sem/GAME 2332 PROJECT DEVEL/HW3 - GAME/AD_P_v0/DerivedDataCache/DDC.ddp not found, will not use a pak cache.
[2019.10.26-04.30.43:196][  0]LogDerivedDataCache: Unable to find inner node Pak for hierarchical cache Hierarchy.
[2019.10.26-04.30.43:196][  0]LogDerivedDataCache: FDerivedDataBackendGraph:  CompressedPak pak cache file ../../../../../../Users/ALE/Documents/GAME 3 sem/GAME 2332 PROJECT DEVEL/HW3 - GAME/AD_P_v0/DerivedDataCache/Compressed.ddp not found, will not use a pak cache.
[2019.10.26-04.30.43:196][  0]LogDerivedDataCache: Unable to find inner node CompressedPak for hierarchical cache Hierarchy.
[2019.10.26-04.30.43:210][  0]LogDerivedDataCache: Display: Pak cache opened for reading ../../../Engine/DerivedDataCache/Compressed.ddp.
[2019.10.26-04.30.43:210][  0]LogDerivedDataCache: FDerivedDataBackendGraph:  EnterprisePak pak cache file ../../../Enterprise/DerivedDataCache/Compressed.ddp not found, will not use a pak cache.
[2019.10.26-04.30.43:210][  0]LogDerivedDataCache: Unable to find inner node EnterprisePak for hierarchical cache Hierarchy.
[2019.10.26-04.30.43:212][  0]LogDerivedDataCache: Using Local data cache path C:/Users/ALE/AppData/Local/UnrealEngine/Common/DerivedDataCache: Writable
[2019.10.26-04.30.43:212][  0]LogDerivedDataCache: Shared data cache path not found in *engine.ini, will not use an Shared cache.
[2019.10.26-04.30.43:212][  0]LogDerivedDataCache: Unable to find inner node Shared for hierarchical cache Hierarchy.
[2019.10.26-04.30.43:241][  0]LogMaterial: Verifying Global Shaders for PCD3D_SM5
[2019.10.26-04.30.43:244][  0]LogSlate: Using FreeType 2.6.0
[2019.10.26-04.30.43:245][  0]LogSlate: SlateFontServices - WITH_FREETYPE: 1, WITH_HARFBUZZ: 1
[2019.10.26-04.30.43:395][  0]LogInit: Using OS detected language (en-US).
[2019.10.26-04.30.43:395][  0]LogInit: Using OS detected locale (en-US).
[2019.10.26-04.30.43:396][  0]LogTextLocalizationManager: No localization for 'en-US' exists, so 'en' will be used for the language.
[2019.10.26-04.30.43:396][  0]LogTextLocalizationManager: No localization for 'en-US' exists, so 'en' will be used for the locale.
[2019.10.26-04.30.43:396][  0]LogSlate: FontCache flush requested. Reason: Culture for localization was changed
[2019.10.26-04.30.43:396][  0]LogSlate: FontCache flush requested. Reason: Culture for localization was changed
[2019.10.26-04.30.43:397][  0]LogTextLocalizationManager: Compacting localization data took   0.00ms
[2019.10.26-04.30.43:404][  0]LogAssetRegistry: FAssetRegistry took 0.0020 seconds to start up
[2019.10.26-04.30.43:713][  0]LogPackageLocalizationCache: Processed 12 localized package path(s) for 1 prioritized culture(s) in 0.000948 seconds
[2019.10.26-04.30.43:804][  0]LogInit: Selected Device Profile: [Windows]
[2019.10.26-04.30.43:899][  0]LogMeshReduction: Using QuadricMeshReduction for automatic static mesh reduction
[2019.10.26-04.30.43:899][  0]LogMeshReduction: Using SimplygonMeshReduction for automatic skeletal mesh reduction
[2019.10.26-04.30.43:899][  0]LogMeshReduction: Using ProxyLODMeshReduction for automatic mesh merging
[2019.10.26-04.30.43:899][  0]LogMeshReduction: No distributed automatic mesh merging module available
[2019.10.26-04.30.43:899][  0]LogMeshMerging: No distributed automatic mesh merging module available
[2019.10.26-04.30.44:084][  0]LogNetVersion: AD_P_v0 1.0.0, NetCL: 8386587, EngineNetVer: 11, GameNetVer: 0 (Checksum: 2112676147)
[2019.10.26-04.30.44:910][  0]LogMoviePlayer: Initializing movie player
[2019.10.26-04.30.45:033][  0]LogTcpMessaging: Initializing TcpMessaging bridge
[2019.10.26-04.30.45:037][  0]LogUdpMessaging: Initializing bridge on interface 0.0.0.0:0 to multicast group 230.0.0.1:6666.
[2019.10.26-04.30.45:089][  0]SourceControl: Source control is disabled
[2019.10.26-04.30.45:089][  0]SourceControl: Source control is disabled
[2019.10.26-04.30.45:092][  0]SourceControl: Source control is disabled
[2019.10.26-04.30.45:196][  0]LogAndroidPermission: UAndroidPermissionCallbackProxy::GetInstance
[2019.10.26-04.30.46:348][  0]LogOcInput: OculusInput pre-init called
[2019.10.26-04.30.46:361][  0]LogUObjectArray: 48875 objects as part of root set at end of initial load.
[2019.10.26-04.30.46:361][  0]LogUObjectAllocator: 8620872 out of 0 bytes used by permanent object pool.
[2019.10.26-04.30.46:361][  0]LogUObjectArray: CloseDisregardForGC: 0/0 objects in disregard for GC pool
[2019.10.26-04.30.46:444][  0]LogEngine: Initializing Engine...
[2019.10.26-04.30.46:446][  0]LogHMD: Failed to initialize OpenVR with code 110
[2019.10.26-04.30.46:447][  0]LogStats: UGameplayTagsManager::InitializeManager -  0.000 s
[2019.10.26-04.30.46:657][  0]LogInit: Initializing FReadOnlyCVARCache
[2019.10.26-04.30.46:676][  0]LogInit: XAudio2 using 'Speaker/Headphone (Realtek High Definition Audio)' : 2 channels at 48 kHz using 32 bits per sample (channel mask 0x3)
[2019.10.26-04.30.46:706][  0]LogInit: FAudioDevice initialized.
[2019.10.26-04.30.46:707][  0]LogNetVersion: Set ProjectVersion to 1.0.0.0. Version Checksum will be recalculated on next use.
[2019.10.26-04.30.46:714][  0]LogInit: Texture streaming: Enabled
[2019.10.26-04.30.47:108][  0]LogSlate: Updating window title bar state: overlay mode, drag disabled, window buttons hidden, title bar hidden
[2019.10.26-04.30.47:110][  0]LogInit: Display: Game Engine Initialized.
[2019.10.26-04.30.47:189][  0]LogInit: Display: Starting Game.
[2019.10.26-04.30.47:189][  0]LogNet: Browse: /Game/MAPS/Main_Menu?Name=Player
[2019.10.26-04.30.47:190][  0]LogLoad: LoadMap: /Game/MAPS/Main_Menu?Name=Player
[2019.10.26-04.30.47:190][  0]LogWorld: BeginTearingDown for /Temp/Untitled_0
[2019.10.26-04.30.47:191][  0]LogWorld: UWorld::CleanupWorld for Untitled, bSessionEnded=true, bCleanupResources=true
[2019.10.26-04.30.47:214][  0]LogUObjectHash: Compacting FUObjectHashTables data took   2.28ms
[2019.10.26-04.30.47:243][  0]LogAIModule: Creating AISystem for world Main_Menu
[2019.10.26-04.30.47:243][  0]LogLoad: Game class is 'GameModeBase'
[2019.10.26-04.30.47:244][  0]LogWorld: Bringing World /Game/MAPS/Main_Menu.Main_Menu up for play (max tick rate 0) at 2019.10.25-23.30.47
[2019.10.26-04.30.47:244][  0]LogWorld: Bringing up level for play took: 0.000480
[2019.10.26-04.30.47:245][  0]LogGameMode: FindPlayerStart: PATHS NOT DEFINED or NO PLAYERSTART with positive rating
[2019.10.26-04.30.48:603][  0]LogLoad: Took 1.413064 seconds to LoadMap(/Game/MAPS/Main_Menu)
[2019.10.26-04.30.48:649][  0]LogRenderer: Reallocating scene render targets to support 1280x720 Format 10 NumSamples 1 (Frame:1).
[2019.10.26-04.30.48:649][  0]LogLoad: (Engine Initialization) Total time: 23.23 seconds
[2019.10.26-04.30.48:649][  0]LogLoad: (Engine Initialization) Total Blueprint compile time: 0.00 seconds
[2019.10.26-04.30.48:869][  0]LogContentStreaming: Texture pool size now 1000 MB
[2019.10.26-04.31.05:834][ 14]LogAudio: Warning: Waited 35.941502 ms for audio thread.
[2019.10.26-04.31.05:855][ 14]LogAudio: Warning: Waited 56.515701 ms for audio thread.
[2019.10.26-04.31.05:927][ 17]LogAudio: Warning: Waited 35.357502 ms for audio thread.
[2019.10.26-04.31.05:929][ 17]LogAudio: Warning: Waited 38.095100 ms for audio thread.
[2019.10.26-04.31.16:662][668]LogAudio: Warning: Waited 35.535000 ms for audio thread.
[2019.10.26-04.31.16:928][677]LogAudio: Warning: Waited 35.256100 ms for audio thread.
[2019.10.26-04.31.16:930][677]LogAudio: Warning: Waited 38.020802 ms for audio thread.
[2019.10.26-04.31.25:402][194]LogSlate: FSceneViewport::OnFocusLost() reason 0
[2019.10.26-04.31.26:010][199]LogSlate: Took 0.000340 seconds to synchronously load lazily loaded font '../../../Engine/Content/Slate/Fonts/Roboto-Regular.ttf' (155K)
[2019.10.26-04.31.34:434][693]LogSlate: FSceneViewport::OnFocusLost() reason 0
[2019.10.26-04.31.35:443][755]LogOnlineSession: Verbose: OSS: dumping NamedSession: 
[2019.10.26-04.31.35:443][755]LogOnlineSession: Verbose: OSS: 	SessionName: GameSession
[2019.10.26-04.31.35:444][755]LogOnlineSession: Verbose: OSS: 	HostingPlayerNum: 0
[2019.10.26-04.31.35:444][755]LogOnlineSession: Verbose: OSS: 	SessionState: Pending
[2019.10.26-04.31.35:444][755]LogOnlineSession: Verbose: OSS: 	RegisteredPlayers: 
[2019.10.26-04.31.35:444][755]LogOnlineSession: Verbose: OSS: 	    0 registered players
[2019.10.26-04.31.35:444][755]LogOnlineSession: Verbose: OSS: dumping Session: 
[2019.10.26-04.31.35:444][755]LogOnlineSession: Verbose: OSS: 	OwningPlayerName: alejandralilian
[2019.10.26-04.31.35:444][755]LogOnlineSession: Verbose: OSS: 	OwningPlayerId: alejandralilian [0x2270BE35FC0]
[2019.10.26-04.31.35:445][755]LogOnlineSession: Verbose: OSS: 	NumOpenPrivateConnections: 0
[2019.10.26-04.31.35:445][755]LogOnlineSession: Verbose: OSS: 	NumOpenPublicConnections: 2
[2019.10.26-04.31.35:445][755]LogOnlineSession: Verbose: OSS: 	SessionInfo: HostIP: INVALID SteamP2P: 76561198999316247:7777 Type: Lobby session SessionId: Lobby[0x18600000BF3C5F6]
[2019.10.26-04.31.35:445][755]LogOnlineSession: Verbose: OSS: dumping SessionSettings: 
[2019.10.26-04.31.35:445][755]LogOnlineSession: Verbose: OSS: 	NumPublicConnections: 3
[2019.10.26-04.31.35:445][755]LogOnlineSession: Verbose: OSS: 	NumPrivateConnections: 0
[2019.10.26-04.31.35:445][755]LogOnlineSession: Verbose: OSS: 	bIsLanMatch: false
[2019.10.26-04.31.35:445][755]LogOnlineSession: Verbose: OSS: 	bIsDedicated: false
[2019.10.26-04.31.35:445][755]LogOnlineSession: Verbose: OSS: 	bUsesStats: false
[2019.10.26-04.31.35:445][755]LogOnlineSession: Verbose: OSS: 	bShouldAdvertise: true
[2019.10.26-04.31.35:445][755]LogOnlineSession: Verbose: OSS: 	bAllowJoinInProgress: true
[2019.10.26-04.31.35:445][755]LogOnlineSession: Verbose: OSS: 	bAllowInvites: false
[2019.10.26-04.31.35:445][755]LogOnlineSession: Verbose: OSS: 	bUsesPresence: true
[2019.10.26-04.31.35:445][755]LogOnlineSession: Verbose: OSS: 	bAllowJoinViaPresence: true
[2019.10.26-04.31.35:446][755]LogOnlineSession: Verbose: OSS: 	bAllowJoinViaPresenceFriendsOnly: false
[2019.10.26-04.31.35:446][755]LogOnlineSession: Verbose: OSS: 	BuildUniqueId: 0x007ff81b
[2019.10.26-04.31.35:446][755]LogOnlineSession: Verbose: OSS: 	Settings:
[2019.10.26-04.31.35:698][755]LogPackageName: SearchForPackageOnDisk took   0.239s to resolve Lobby.umap.
[2019.10.26-04.31.35:920][755]LogPackageName: SearchForPackageOnDisk took   0.221s to resolve Lobby.umap.
[2019.10.26-04.31.35:920][755]LogNet: Browse: /Game/MAPS/Lobby?listen
[2019.10.26-04.31.35:920][755]LogLoad: LoadMap: /Game/MAPS/Lobby?listen
[2019.10.26-04.31.35:920][755]LogWorld: BeginTearingDown for /Game/MAPS/Main_Menu
[2019.10.26-04.31.35:923][755]LogWorld: UWorld::CleanupWorld for Main_Menu, bSessionEnded=true, bCleanupResources=true
[2019.10.26-04.31.35:955][755]LogUObjectHash: Compacting FUObjectHashTables data took   3.79ms
[2019.10.26-04.31.36:820][755]LogAIModule: Creating AISystem for world Lobby
[2019.10.26-04.31.36:821][755]LogLoad: Game class is 'Lobby_GM_C'
[2019.10.26-04.31.36:833][755]LogTemp: Display: ParseSettings for GameNetDriver
[2019.10.26-04.31.36:835][755]LogTemp: Display: ParseSettings for SteamNetDriver_0
[2019.10.26-04.31.36:835][755]LogTemp: Display: ParseSettings for GameNetDriver
[2019.10.26-04.31.36:856][755]LogNet: ReplicationDriverClass is null! Not using ReplicationDriver.
[2019.10.26-04.31.36:856][755]PacketHandlerLog: DDoS detection status: detection enabled: 0 analytics enabled: 0
[2019.10.26-04.31.36:857][755]LogNet: Display: SteamNetDriver_0 bound to port 7777
[2019.10.26-04.31.36:878][755]PacketHandlerLog: Loaded PacketHandler component: Engine.EngineHandlerComponentFactory (StatelessConnectHandlerComponent)
[2019.10.26-04.31.36:879][755]LogNet: GameNetDriver SteamNetDriver_0 IpNetDriver listening on port 7777
[2019.10.26-04.31.36:880][755]LogWorld: Bringing World /Game/MAPS/Lobby.Lobby up for play (max tick rate 0) at 2019.10.25-23.31.36
[2019.10.26-04.31.36:880][755]LogWorld: Bringing up level for play took: 0.001205
[2019.10.26-04.31.36:883][755]LogLoad: Took 0.963002 seconds to LoadMap(/Game/MAPS/Lobby)
[2019.10.26-04.31.36:907][756]LogCharacterMovement: Warning: GetSimulationTimeStep() - Max iterations 8 hit while remaining time 0.100000 > MaxSimulationTimeStep (0.050) for 'Base_0_C_0', movement 'Walking'
[2019.10.26-04.31.56:093][924]LogAudio: Warning: Waited 45.971901 ms for audio thread.
[2019.10.26-04.32.09:597][730]Closing by request
[2019.10.26-04.32.09:597][730]LogWindows: FPlatformMisc::RequestExit(0)
[2019.10.26-04.32.09:597][730]LogSlate: FSceneViewport::OnFocusLost() reason 2
[2019.10.26-04.32.09:616][731]LogWorld: BeginTearingDown for /Game/MAPS/Lobby
[2019.10.26-04.32.09:616][731]LogNet: World NetDriver shutdown SteamNetDriver_0 [GameNetDriver]
[2019.10.26-04.32.09:616][731]LogNet: DestroyNamedNetDriver SteamNetDriver_0 [GameNetDriver]
[2019.10.26-04.32.09:616][731]LogExit: GameNetDriver SteamNetDriver_0 shut down
[2019.10.26-04.32.09:617][731]LogWorld: UWorld::CleanupWorld for Lobby, bSessionEnded=true, bCleanupResources=true
[2019.10.26-04.32.10:515][731]LogSlate: Window 'AD_P_v0 (64-bit Development PCD3D_SM5) ' being destroyed
[2019.10.26-04.32.10:516][731]LogWindowsTextInputMethodSystem: Display: IME system now deactivated.
[2019.10.26-04.32.10:523][731]LogExit: Preparing to exit.
[2019.10.26-04.32.10:523][731]LogMoviePlayer: Shutting down movie player
[2019.10.26-04.32.11:113][731]LogSlate: Updating window title bar state: overlay mode, drag disabled, window buttons hidden, title bar hidden
[2019.10.26-04.32.11:114][731]LogDemo: Cleaned up 0 splitscreen connections with owner deletion
[2019.10.26-04.32.11:121][731]LogExit: Game engine shut down
[2019.10.26-04.32.11:196][731]LogExit: Object subsystem successfully closed.
[2019.10.26-04.32.11:219][731]LogShaderCompilers: Display: Shaders left to compile 0
[2019.10.26-04.32.11:246][731]LogModuleManager: Shutting down and abandoning module SequenceRecorderSections (410)
[2019.10.26-04.32.11:246][731]LogModuleManager: Shutting down and abandoning module SequenceRecorder (408)
[2019.10.26-04.32.11:246][731]LogModuleManager: Shutting down and abandoning module AutomationController (406)
[2019.10.26-04.32.11:246][731]LogModuleManager: Shutting down and abandoning module AutomationWorker (404)
[2019.10.26-04.32.11:246][731]LogModuleManager: Shutting down and abandoning module Voice (402)
[2019.10.26-04.32.11:246][731]LogModuleManager: Shutting down and abandoning module AIModule (400)
[2019.10.26-04.32.11:246][731]LogModuleManager: Shutting down and abandoning module GameplayDebugger (399)
[2019.10.26-04.32.11:246][731]LogModuleManager: Shutting down and abandoning module AITestSuite (397)
[2019.10.26-04.32.11:246][731]LogModuleManager: Shutting down and abandoning module NavigationSystem (395)
[2019.10.26-04.32.11:246][731]LogModuleManager: Shutting down and abandoning module OculusMR (392)
[2019.10.26-04.32.11:246][731]LogModuleManager: Shutting down and abandoning module WmfMediaFactory (390)
[2019.10.26-04.32.11:246][731]LogModuleManager: Shutting down and abandoning module WebMMediaFactory (388)
[2019.10.26-04.32.11:246][731]LogModuleManager: Shutting down and abandoning module WebMMedia (386)
[2019.10.26-04.32.11:246][731]LogModuleManager: Shutting down and abandoning module OpenExrWrapper (384)
[2019.10.26-04.32.11:246][731]LogModuleManager: Shutting down and abandoning module ImgMediaFactory (382)
[2019.10.26-04.32.11:246][731]LogModuleManager: Shutting down and abandoning module AvfMediaFactory (380)
[2019.10.26-04.32.11:246][731]LogModuleManager: Shutting down and abandoning module MagicLeapCameraPreviewFactory (378)
[2019.10.26-04.32.11:246][731]LogModuleManager: Shutting down and abandoning module MagicLeapMediaCodecFactory (376)
[2019.10.26-04.32.11:246][731]LogModuleManager: Shutting down and abandoning module MagicLeapMediaFactory (374)
[2019.10.26-04.32.11:246][731]LogModuleManager: Shutting down and abandoning module CharacterAI (372)
[2019.10.26-04.32.11:246][731]LogModuleManager: Shutting down and abandoning module SessionServices (370)
[2019.10.26-04.32.11:246][731]LogModuleManager: Shutting down and abandoning module MovieSceneCapture (368)
[2019.10.26-04.32.11:246][731]LogModuleManager: Shutting down and abandoning module LiveCoding (366)
[2019.10.26-04.32.11:246][731]LogModuleManager: Shutting down and abandoning module LevelSequence (364)
[2019.10.26-04.32.11:246][731]LogModuleManager: Shutting down and abandoning module MovieSceneTracks (362)
[2019.10.26-04.32.11:246][731]LogModuleManager: Shutting down and abandoning module MovieScene (360)
[2019.10.26-04.32.11:246][731]LogModuleManager: Shutting down and abandoning module StreamingPauseRendering (358)
[2019.10.26-04.32.11:246][731]LogModuleManager: Shutting down and abandoning module PortalServices (356)
[2019.10.26-04.32.11:246][731]LogModuleManager: Shutting down and abandoning module PortalRpc (354)
[2019.10.26-04.32.11:246][731]LogModuleManager: Shutting down and abandoning module MessagingRpc (352)
[2019.10.26-04.32.11:246][731]LogModuleManager: Shutting down and abandoning module ImageWriteQueue (350)
[2019.10.26-04.32.11:249][731]LogModuleManager: Shutting down and abandoning module ProfilerService (348)
[2019.10.26-04.32.11:469][731]LogModuleManager: Shutting down and abandoning module TaskGraph (346)
[2019.10.26-04.32.11:469][731]LogModuleManager: Shutting down and abandoning module SteamVRController (344)
[2019.10.26-04.32.11:469][731]LogModuleManager: Shutting down and abandoning module ProceduralMeshComponent (342)
[2019.10.26-04.32.11:469][731]LogModuleManager: Shutting down and abandoning module OculusInput (340)
[2019.10.26-04.32.11:469][731]LogModuleManager: Shutting down and abandoning module MobilePatchingUtils (338)
[2019.10.26-04.32.11:469][731]LogModuleManager: Shutting down and abandoning module EditableMesh (336)
[2019.10.26-04.32.11:469][731]LogModuleManager: Shutting down and abandoning module CustomMeshComponent (334)
[2019.10.26-04.32.11:469][731]LogModuleManager: Shutting down and abandoning module CableComponent (332)
[2019.10.26-04.32.11:469][731]LogModuleManager: Shutting down and abandoning module AudioCapture (330)
[2019.10.26-04.32.11:470][731]LogModuleManager: Shutting down and abandoning module ArchVisCharacter (328)
[2019.10.26-04.32.11:470][731]LogModuleManager: Shutting down and abandoning module AppleImageUtilsBlueprintSupport (326)
[2019.10.26-04.32.11:470][731]LogModuleManager: Shutting down and abandoning module AppleImageUtils (324)
[2019.10.26-04.32.11:470][731]LogModuleManager: Shutting down and abandoning module AndroidPermission (322)
[2019.10.26-04.32.11:470][731]LogModuleManager: Shutting down and abandoning module NUTUnrealEngine4 (318)
[2019.10.26-04.32.11:470][731]LogModuleManager: Shutting down and abandoning module NetcodeUnitTest (316)
[2019.10.26-04.32.11:470][731]LogModuleManager: Shutting down and abandoning module MediaCompositing (314)
[2019.10.26-04.32.11:470][731]LogModuleManager: Shutting down and abandoning module ImgMedia (312)
[2019.10.26-04.32.11:470][731]LogModuleManager: Shutting down and abandoning module MagicLeapHelperVulkan (310)
[2019.10.26-04.32.11:470][731]LogModuleManager: Shutting down and abandoning module MagicLeapHelperOpenGL (308)
[2019.10.26-04.32.11:470][731]LogModuleManager: Shutting down and abandoning module MagicLeapAudio (306)
[2019.10.26-04.32.11:470][731]LogModuleManager: Shutting down and abandoning module HTML5Networking (304)
[2019.10.26-04.32.11:470][731]LogModuleManager: Shutting down and abandoning module GeometryCacheTracks (302)
[2019.10.26-04.32.11:470][731]LogModuleManager: Shutting down and abandoning module GeometryCacheSequencer (301)
[2019.10.26-04.32.11:470][731]LogModuleManager: Shutting down and abandoning module GeometryCache (298)
[2019.10.26-04.32.11:470][731]LogModuleManager: Shutting down and abandoning module GeometryCacheEd (297)
[2019.10.26-04.32.11:470][731]LogModuleManager: Shutting down and abandoning module BackChannel (294)
[2019.10.26-04.32.11:470][731]LogModuleManager: Shutting down and abandoning module AutomationUtils (292)
[2019.10.26-04.32.11:470][731]LogModuleManager: Shutting down and abandoning module VariantManagerContent (290)
[2019.10.26-04.32.11:470][731]LogModuleManager: Shutting down and abandoning module CryptoKeysOpenSSL (288)
[2019.10.26-04.32.11:470][731]LogModuleManager: Shutting down and abandoning module CryptoKeys (286)
[2019.10.26-04.32.11:470][731]LogModuleManager: Shutting down and abandoning module VisualStudioSourceCodeAccess (284)
[2019.10.26-04.32.11:470][731]LogModuleManager: Shutting down and abandoning module HotReload (283)
[2019.10.26-04.32.11:470][731]LogModuleManager: Shutting down and abandoning module DirectoryWatcher (282)
[2019.10.26-04.32.11:470][731]LogModuleManager: Shutting down and abandoning module VisualStudioCodeSourceCodeAccess (278)
[2019.10.26-04.32.11:470][731]LogModuleManager: Shutting down and abandoning module UObjectPlugin (276)
[2019.10.26-04.32.11:470][731]LogModuleManager: Shutting down and abandoning module SubversionSourceControl (274)
[2019.10.26-04.32.11:470][731]LogModuleManager: Shutting down and abandoning module PerforceSourceControl (272)
[2019.10.26-04.32.11:470][731]LogModuleManager: Shutting down and abandoning module SourceControl (271)
[2019.10.26-04.32.11:470][731]LogModuleManager: Shutting down and abandoning module CLionSourceCodeAccess (268)
[2019.10.26-04.32.11:470][731]LogModuleManager: Shutting down and abandoning module ActorLayerUtilities (266)
[2019.10.26-04.32.11:471][731]LogModuleManager: Shutting down and abandoning module SignificanceManager (264)
[2019.10.26-04.32.11:471][731]LogModuleManager: Shutting down and abandoning module RuntimePhysXCooking (262)
[2019.10.26-04.32.11:471][731]LogModuleManager: Shutting down and abandoning module PhysXVehiclesEditor (260)
[2019.10.26-04.32.11:471][731]LogModuleManager: Shutting down and abandoning module LocationServicesBPLibrary (256)
[2019.10.26-04.32.11:471][731]LogModuleManager: Shutting down and abandoning module ActorSequence (254)
[2019.10.26-04.32.11:471][731]LogModuleManager: Shutting down and abandoning module UdpMessaging (252)
[2019.10.26-04.32.11:572][731]LogModuleManager: Shutting down and abandoning module TcpMessaging (250)
[2019.10.26-04.32.11:673][731]LogModuleManager: Shutting down and abandoning module MagicLeapIdentity (248)
[2019.10.26-04.32.11:673][731]LogModuleManager: Shutting down and abandoning module MagicLeapSecureStorage (246)
[2019.10.26-04.32.11:673][731]LogModuleManager: Shutting down and abandoning module MagicLeapHandTracking (244)
[2019.10.26-04.32.11:673][731]LogModuleManager: Shutting down and abandoning module MagicLeapEyeTracker (242)
[2019.10.26-04.32.11:673][731]LogModuleManager: Shutting down and abandoning module MagicLeapController (240)
[2019.10.26-04.32.11:673][731]LogSlate: Slate User Destroyed.  User Index 0, Is Virtual User: 0
[2019.10.26-04.32.11:673][731]LogModuleManager: Shutting down and abandoning module MagicLeapAR (238)
[2019.10.26-04.32.11:673][731]LogModuleManager: Shutting down and abandoning module AugmentedReality (237)
[2019.10.26-04.32.11:673][731]LogModuleManager: Shutting down and abandoning module GameplayTagsEditor (234)
[2019.10.26-04.32.11:673][731]LogModuleManager: Shutting down and abandoning module FacialAnimation (232)
[2019.10.26-04.32.11:673][731]LogModuleManager: Shutting down and abandoning module AssetManagerEditor (230)
[2019.10.26-04.32.11:673][731]LogModuleManager: Shutting down and abandoning module TreeMap (229)
[2019.10.26-04.32.11:673][731]LogModuleManager: Shutting down and abandoning module AnimationSharing (226)
[2019.10.26-04.32.11:673][731]LogModuleManager: Shutting down and abandoning module LightPropagationVolumeRuntime (224)
[2019.10.26-04.32.11:673][731]LogModuleManager: Shutting down and abandoning module Paper2D (222)
[2019.10.26-04.32.11:673][731]LogModuleManager: Shutting down and abandoning module WindowsMoviePlayer (220)
[2019.10.26-04.32.11:676][731]LogModuleManager: Shutting down and abandoning module WebMMoviePlayer (218)
[2019.10.26-04.32.11:676][731]LogModuleManager: Shutting down and abandoning module NetworkReplayStreaming (216)
[2019.10.26-04.32.11:677][731]LogModuleManager: Shutting down and abandoning module PacketHandler (214)
[2019.10.26-04.32.11:677][731]LogModuleManager: Shutting down and abandoning module ClothingSystemEditor (212)
[2019.10.26-04.32.11:677][731]LogModuleManager: Shutting down and abandoning module ClothingSystemRuntime (210)
[2019.10.26-04.32.11:677][731]LogModuleManager: Shutting down and abandoning module MediaAssets (208)
[2019.10.26-04.32.11:677][731]LogModuleManager: Shutting down and abandoning module Overlay (206)
[2019.10.26-04.32.11:677][731]LogModuleManager: Shutting down and abandoning module OverlayEditor (205)
[2019.10.26-04.32.11:677][731]LogModuleManager: Shutting down and abandoning module VREditor (202)
[2019.10.26-04.32.11:677][731]LogModuleManager: Shutting down and abandoning module StringTableEditor (200)
[2019.10.26-04.32.11:677][731]LogModuleManager: Shutting down and abandoning module GameplayTasksEditor (198)
[2019.10.26-04.32.11:677][731]LogModuleManager: Shutting down and abandoning module BehaviorTreeEditor (196)
[2019.10.26-04.32.11:677][731]LogModuleManager: Shutting down and abandoning module FunctionalTesting (194)
[2019.10.26-04.32.11:677][731]LogModuleManager: Shutting down and abandoning module CollisionAnalyzer (192)
[2019.10.26-04.32.11:677][731]LogModuleManager: Shutting down and abandoning module WorkspaceMenuStructure (191)
[2019.10.26-04.32.11:677][731]LogModuleManager: Shutting down and abandoning module UMG (188)
[2019.10.26-04.32.11:677][731]LogModuleManager: Shutting down and abandoning module UMGEditor (187)
[2019.10.26-04.32.11:677][731]LogModuleManager: Shutting down and abandoning module Sequencer (186)
[2019.10.26-04.32.11:677][731]LogModuleManager: Shutting down and abandoning module MessageLog (183)
[2019.10.26-04.32.11:677][731]LogModuleManager: Shutting down and abandoning module SlateReflector (178)
[2019.10.26-04.32.11:677][731]LogModuleManager: Shutting down and abandoning module Slate (176)
[2019.10.26-04.32.11:677][731]LogModuleManager: Shutting down and abandoning module LandscapeEditorUtilities (174)
[2019.10.26-04.32.11:677][731]LogModuleManager: Shutting down and abandoning module EditorStyle (172)
[2019.10.26-04.32.11:678][731]LogModuleManager: Shutting down and abandoning module UnrealEd (170)
[2019.10.26-04.32.11:679][731]LogModuleManager: Shutting down and abandoning module MRMesh (168)
[2019.10.26-04.32.11:679][731]LogModuleManager: Shutting down and abandoning module Messaging (166)
[2019.10.26-04.32.11:679][731]LogModuleManager: Shutting down and abandoning module SourceCodeAccess (164)
[2019.10.26-04.32.11:679][731]LogModuleManager: Shutting down and abandoning module HeadMountedDisplay (162)
[2019.10.26-04.32.11:679][731]LogModuleManager: Shutting down and abandoning module XAudio2 (160)
[2019.10.26-04.32.11:679][731]LogModuleManager: Shutting down and abandoning module Networking (158)
[2019.10.26-04.32.11:679][731]LogModuleManager: Shutting down and abandoning module Core (156)
[2019.10.26-04.32.11:679][731]LogModuleManager: Shutting down and abandoning module KismetCompiler (154)
[2019.10.26-04.32.11:679][731]LogModuleManager: Shutting down and abandoning module MeshUtilities (152)
[2019.10.26-04.32.11:679][731]LogModuleManager: Shutting down and abandoning module MeshMergeUtilities (151)
[2019.10.26-04.32.11:679][731]LogModuleManager: Shutting down and abandoning module MeshReductionInterface (150)
[2019.10.26-04.32.11:679][731]LogModuleManager: Shutting down and abandoning module SkeletalMeshReduction (149)
[2019.10.26-04.32.11:679][731]LogModuleManager: Shutting down and abandoning module ProxyLODMeshReduction (147)
[2019.10.26-04.32.11:679][731]LogModuleManager: Shutting down and abandoning module QuadricMeshReduction (145)
[2019.10.26-04.32.11:679][731]LogModuleManager: Shutting down and abandoning module MaterialBaking (141)
[2019.10.26-04.32.11:679][731]LogModuleManager: Shutting down and abandoning module NullInstallBundleManager (136)
[2019.10.26-04.32.11:679][731]LogModuleManager: Shutting down and abandoning module PIEPreviewDeviceProfileSelector (134)
[2019.10.26-04.32.11:679][731]LogModuleManager: Shutting down and abandoning module DerivedDataCache (132)
[2019.10.26-04.32.11:703][731]LogDerivedDataCache: Shutdown
[2019.10.26-04.32.11:703][731]LogModuleManager: Shutting down and abandoning module XGEController (130)
[2019.10.26-04.32.11:703][731]LogModuleManager: Shutting down and abandoning module TargetPlatform (128)
[2019.10.26-04.32.11:703][731]LogModuleManager: Shutting down and abandoning module VulkanShaderFormat (127)
[2019.10.26-04.32.11:703][731]LogModuleManager: Shutting down and abandoning module ShaderFormatVectorVM (125)
[2019.10.26-04.32.11:703][731]LogModuleManager: Shutting down and abandoning module ShaderFormatOpenGL (123)
[2019.10.26-04.32.11:703][731]LogModuleManager: Shutting down and abandoning module ShaderFormatD3D (121)
[2019.10.26-04.32.11:703][731]LogModuleManager: Shutting down and abandoning module MetalShaderFormat (119)
[2019.10.26-04.32.11:703][731]LogModuleManager: Shutting down and abandoning module TextureFormatUncompressed (117)
[2019.10.26-04.32.11:703][731]LogModuleManager: Shutting down and abandoning module TextureFormatPVR (115)
[2019.10.26-04.32.11:703][731]LogModuleManager: Shutting down and abandoning module TextureFormatDXT (113)
[2019.10.26-04.32.11:703][731]LogModuleManager: Shutting down and abandoning module TextureFormatIntelISPCTexComp (111)
[2019.10.26-04.32.11:703][731]LogModuleManager: Shutting down and abandoning module TextureFormatASTC (109)
[2019.10.26-04.32.11:703][731]LogModuleManager: Shutting down and abandoning module ImageWrapper (108)
[2019.10.26-04.32.11:703][731]LogModuleManager: Shutting down and abandoning module TextureFormatAndroid (105)
[2019.10.26-04.32.11:703][731]LogModuleManager: Shutting down and abandoning module AudioFormatOpus (103)
[2019.10.26-04.32.11:703][731]LogModuleManager: Shutting down and abandoning module AudioFormatOgg (101)
[2019.10.26-04.32.11:703][731]LogModuleManager: Shutting down and abandoning module AudioFormatADPCM (99)
[2019.10.26-04.32.11:703][731]LogModuleManager: Shutting down and abandoning module WindowsTargetPlatform (97)
[2019.10.26-04.32.11:703][731]LogModuleManager: Shutting down and abandoning module WindowsServerTargetPlatform (95)
[2019.10.26-04.32.11:703][731]LogModuleManager: Shutting down and abandoning module WindowsNoEditorTargetPlatform (93)
[2019.10.26-04.32.11:703][731]LogModuleManager: Shutting down and abandoning module WindowsClientTargetPlatform (91)
[2019.10.26-04.32.11:703][731]LogModuleManager: Shutting down and abandoning module InputCore (88)
[2019.10.26-04.32.11:703][731]LogModuleManager: Shutting down and abandoning module Settings (86)
[2019.10.26-04.32.11:703][731]LogModuleManager: Shutting down and abandoning module PhysXCooking (84)
[2019.10.26-04.32.11:703][731]LogModuleManager: Shutting down and abandoning module WindowsPlatformFeatures (82)
[2019.10.26-04.32.11:703][731]LogModuleManager: Shutting down and abandoning module GameplayMediaEncoder (81)
[2019.10.26-04.32.11:703][731]LogModuleManager: Shutting down and abandoning module SteamVR (78)
[2019.10.26-04.32.11:703][731]LogHMD: Freeing OpenVRDLLHandle.
[2019.10.26-04.32.11:703][731]LogModuleManager: Shutting down and abandoning module OculusHMD (76)
[2019.10.26-04.32.11:703][731]LogModuleManager: Shutting down and abandoning module ExampleDeviceProfileSelector (74)
[2019.10.26-04.32.11:704][731]LogModuleManager: Shutting down and abandoning module LauncherChunkInstaller (72)
[2019.10.26-04.32.11:704][731]LogModuleManager: Shutting down and abandoning module OnlineBlueprintSupport (70)
[2019.10.26-04.32.11:704][731]LogModuleManager: Shutting down and abandoning module OnlineSubsystem (66)
[2019.10.26-04.32.11:704][731]LogOnline: Display: STEAM: OnlineSubsystemSteam::Shutdown()
[2019.10.26-04.32.11:704][731]LogOnline: STEAM: AUTH: Revoking all tickets.
[2019.10.26-04.32.11:754][731]LogOnline: Display: STEAM: OnlineSubsystemSteam::Shutdown()
[2019.10.26-04.32.11:754][731]LogModuleManager: Shutting down and abandoning module XMPP (61)
[2019.10.26-04.32.11:754][731]LogModuleManager: Shutting down and abandoning module WebSockets (60)
[2019.10.26-04.32.11:759][731]LogModuleManager: Shutting down and abandoning module HTTP (57)
[2019.10.26-04.32.11:791][731]LogModuleManager: Shutting down and abandoning module SSL (56)
[2019.10.26-04.32.11:792][731]LogModuleManager: Shutting down and abandoning module WmfMedia (52)
[2019.10.26-04.32.11:793][731]LogModuleManager: Shutting down and abandoning module Media (51)
[2019.10.26-04.32.11:794][731]LogModuleManager: Shutting down and abandoning module MagicLeap (48)
[2019.10.26-04.32.11:794][731]LogModuleManager: Shutting down and abandoning module DatasmithContent (46)
[2019.10.26-04.32.11:795][731]LogModuleManager: Shutting down and abandoning module AISupportModule (44)
[2019.10.26-04.32.11:795][731]LogModuleManager: Shutting down and abandoning module PlatformCryptoOpenSSL (42)
[2019.10.26-04.32.11:795][731]LogModuleManager: Shutting down and abandoning module PlatformCrypto (40)
[2019.10.26-04.32.11:795][731]LogModuleManager: Shutting down and abandoning module AnimationModifiers (38)
[2019.10.26-04.32.11:795][731]LogModuleManager: Shutting down and abandoning module PropertyEditor (37)
[2019.10.26-04.32.11:795][731]LogModuleManager: Shutting down and abandoning module AudioEditor (34)
[2019.10.26-04.32.11:795][731]LogModuleManager: Shutting down and abandoning module TextureCompressor (32)
[2019.10.26-04.32.11:796][731]LogModuleManager: Shutting down and abandoning module RenderCore (30)
[2019.10.26-04.32.11:796][731]LogModuleManager: Shutting down and abandoning module Landscape (28)
[2019.10.26-04.32.11:796][731]LogModuleManager: Shutting down and abandoning module SlateRHIRenderer (26)
[2019.10.26-04.32.11:796][731]LogModuleManager: Shutting down and abandoning module OpenGLDrv (24)
[2019.10.26-04.32.11:796][731]LogModuleManager: Shutting down and abandoning module D3D11RHI (22)
[2019.10.26-04.32.11:796][731]LogModuleManager: Shutting down and abandoning module AnimGraphRuntime (20)
[2019.10.26-04.32.11:797][731]LogModuleManager: Shutting down and abandoning module Renderer (18)
[2019.10.26-04.32.11:797][731]LogModuleManager: Shutting down and abandoning module Engine (16)
[2019.10.26-04.32.11:797][731]LogModuleManager: Shutting down and abandoning module CoreUObject (14)
[2019.10.26-04.32.11:797][731]LogModuleManager: Shutting down and abandoning module NetworkFile (12)
[2019.10.26-04.32.11:797][731]LogModuleManager: Shutting down and abandoning module CookedIterativeFile (10)
[2019.10.26-04.32.11:797][731]LogModuleManager: Shutting down and abandoning module StreamingFile (8)
[2019.10.26-04.32.11:797][731]LogModuleManager: Shutting down and abandoning module SandboxFile (6)
[2019.10.26-04.32.11:797][731]LogModuleManager: Shutting down and abandoning module PakFile (4)
[2019.10.26-04.32.11:797][731]LogModuleManager: Shutting down and abandoning module RSA (3)
[2019.10.26-04.32.11:798][731]LogD3D11RHI: Shutdown
[2019.10.26-04.32.11:798][731]LogD3D11RHI: CleanupD3DDevice
[2019.10.26-04.32.11:799][731]LogRendererCore: FGlobalDynamicReadBuffer::Cleanup()
[2019.10.26-04.32.11:799][731]LogRendererCore: FGlobalDynamicReadBuffer::Cleanup()
[2019.10.26-04.32.11:799][731]LogRendererCore: FGlobalDynamicReadBuffer::Cleanup()
[2019.10.26-04.32.11:871][731]LogD3D11RHI: ~FD3D11DynamicRHI
[2019.10.26-04.32.11:874][731]LogExit: Exiting.
[2019.10.26-04.32.12:203][731]Log file closed, 10/25/19 23:32:12
