Log file open, 10/17/19 23:39:25
LogWindows: Failed to load 'aqProf.dll' (GetLastError=126)
LogWindows: File 'aqProf.dll' does not exist
LogWindows: Failed to load 'VtuneApi.dll' (GetLastError=126)
LogWindows: File 'VtuneApi.dll' does not exist
LogWindows: Failed to load 'VtuneApi32e.dll' (GetLastError=126)
LogWindows: File 'VtuneApi32e.dll' does not exist
LogConsoleResponse: Display: Failed to find resolution value strings in scalability ini. Falling back to default.
LogInit: Display: Running engine for game: AD_P_v0
LogPakFile: Registered encryption key '00000000000000000000000000000000': 0 pak files mounted, 0 remain pending
LogPlatformFile: Not using cached read wrapper
LogTaskGraph: Started task graph with 5 named threads and 11 total threads with 3 sets of task threads.
LogStats: Stats thread started at 0.829292
LogD3D11RHI: Loaded GFSDK_Aftermath_Lib.x64.dll
LogICUInternationalization: ICU TimeZone Detection - Raw Offset: -6:00, Platform Override: ''
LogPluginManager: Mounting plugin Paper2D
LogPluginManager: Mounting plugin AISupport
LogPluginManager: Mounting plugin LightPropagationVolume
LogPluginManager: Mounting plugin ActorLayerUtilities
LogPluginManager: Mounting plugin AnimationSharing
LogPluginManager: Mounting plugin CLionSourceCodeAccess
LogPluginManager: Mounting plugin CodeLiteSourceCodeAccess
LogPluginManager: Mounting plugin GitSourceControl
LogPluginManager: Mounting plugin KDevelopSourceCodeAccess
LogPluginManager: Mounting plugin NullSourceCodeAccess
LogPluginManager: Mounting plugin PerforceSourceControl
LogPluginManager: Mounting plugin SubversionSourceControl
LogPluginManager: Mounting plugin UObjectPlugin
LogPluginManager: Mounting plugin VisualStudioCodeSourceCodeAccess
LogPluginManager: Mounting plugin VisualStudioSourceCodeAccess
LogPluginManager: Mounting plugin XCodeSourceCodeAccess
LogPluginManager: Mounting plugin AssetManagerEditor
LogPluginManager: Mounting plugin CryptoKeys
LogPluginManager: Mounting plugin DataValidation
LogPluginManager: Mounting plugin FacialAnimation
LogPluginManager: Mounting plugin GameplayTagsEditor
LogPluginManager: Mounting plugin MacGraphicsSwitching
LogPluginManager: Mounting plugin MaterialAnalyzer
LogPluginManager: Mounting plugin MobileLauncherProfileWizard
LogPluginManager: Mounting plugin PluginBrowser
LogPluginManager: Mounting plugin SpeedTreeImporter
LogPluginManager: Mounting plugin DatasmithContent
LogPluginManager: Mounting plugin VariantManagerContent
LogPluginManager: Mounting plugin AlembicImporter
LogPluginManager: Mounting plugin AppleImageUtils
LogPluginManager: Mounting plugin AppleVision
LogPluginManager: Mounting plugin BackChannel
LogPluginManager: Mounting plugin CharacterAI
LogPluginManager: Mounting plugin GeometryCache
LogPluginManager: Mounting plugin HTML5Networking
LogPluginManager: Mounting plugin ProxyLODPlugin
LogPluginManager: Mounting plugin SkeletalReduction
LogPluginManager: Mounting plugin MagicLeap
LogPluginManager: Mounting plugin MagicLeapMedia
LogPluginManager: Mounting plugin AndroidMedia
LogPluginManager: Mounting plugin AvfMedia
LogPluginManager: Mounting plugin ImgMedia
LogPluginManager: Mounting plugin LinearTimecode
LogPluginManager: Mounting plugin MediaCompositing
LogPluginManager: Mounting plugin MediaPlayerEditor
LogPluginManager: Mounting plugin WebMMedia
LogPluginManager: Mounting plugin WmfMedia
LogPluginManager: Mounting plugin TcpMessaging
LogPluginManager: Mounting plugin UdpMessaging
LogPluginManager: Mounting plugin ActorSequence
LogPluginManager: Mounting plugin LevelSequenceEditor
LogPluginManager: Mounting plugin MatineeToLevelSequence
LogPluginManager: Mounting plugin NetcodeUnitTest
LogPluginManager: Mounting plugin NUTUnrealEngine4
LogPluginManager: Mounting plugin OnlineSubsystemGooglePlay
LogPluginManager: Mounting plugin OnlineSubsystemIOS
LogPluginManager: Mounting plugin OnlineSubsystem
LogPluginManager: Mounting plugin OnlineSubsystemNull
LogPluginManager: Mounting plugin OnlineSubsystemUtils
LogPluginManager: Mounting plugin LauncherChunkInstaller
LogPluginManager: Mounting plugin AndroidDeviceProfileSelector
LogPluginManager: Mounting plugin AndroidMoviePlayer
LogPluginManager: Mounting plugin AndroidPermission
LogPluginManager: Mounting plugin AppleMoviePlayer
LogPluginManager: Mounting plugin ArchVisCharacter
LogPluginManager: Mounting plugin AudioCapture
LogPluginManager: Mounting plugin CableComponent
LogPluginManager: Mounting plugin CustomMeshComponent
LogPluginManager: Mounting plugin EditableMesh
LogPluginManager: Mounting plugin ExampleDeviceProfileSelector
LogPluginManager: Mounting plugin Firebase
LogPluginManager: Mounting plugin GoogleCloudMessaging
LogPluginManager: Mounting plugin IOSDeviceProfileSelector
LogPluginManager: Mounting plugin LinuxDeviceProfileSelector
LogPluginManager: Mounting plugin LocationServicesBPLibrary
LogPluginManager: Mounting plugin MobilePatchingUtils
LogPluginManager: Mounting plugin OculusVR
LogPluginManager: Mounting plugin PhysXVehicles
LogPluginManager: Mounting plugin ProceduralMeshComponent
LogPluginManager: Mounting plugin RuntimePhysXCooking
LogPluginManager: Mounting plugin SignificanceManager
LogPluginManager: Mounting plugin SteamVR
LogPluginManager: Mounting plugin WebMMoviePlayer
LogPluginManager: Mounting plugin WindowsMoviePlayer
LogInit: Using libcurl 7.55.1-DEV
LogInit:  - built for x86_64-pc-win32
LogInit:  - supports SSL with OpenSSL/1.1.1
LogInit:  - supports HTTP deflate (compression) using libz 1.2.8
LogInit:  - other features:
LogInit:      CURL_VERSION_SSL
LogInit:      CURL_VERSION_LIBZ
LogInit:      CURL_VERSION_IPV6
LogInit:      CURL_VERSION_ASYNCHDNS
LogInit:      CURL_VERSION_LARGEFILE
LogInit:      CURL_VERSION_IDN
LogInit:  CurlRequestOptions (configurable via config and command line):
LogInit:  - bVerifyPeer = true  - Libcurl will verify peer certificate
LogInit:  - bUseHttpProxy = false  - Libcurl will NOT use HTTP proxy
LogInit:  - bDontReuseConnections = false  - Libcurl will reuse connections
LogInit:  - MaxHostConnections = 16  - Libcurl will limit the number of connections to a host
LogInit:  - LocalHostAddr = Default
LogInit:  - BufferSize = 65536
LogInit: WinSock: version 1.1 (2.2), MaxSocks=32767, MaxUdp=65467
LogInit: Build: ++UE4+Release-4.22-CL-6063286
LogInit: Engine Version: 4.22.1-6063286+++UE4+Release-4.22
LogInit: Compatible Engine Version: 4.22.0-5660361+++UE4+Release-4.22
LogInit: Net CL: 5660361
LogInit: OS: Windows 10 (Release 1903) (), CPU: Intel(R) Core(TM) i5-7200U CPU @ 2.50GHz, GPU: Intel(R) HD Graphics 620
LogInit: Compiled (64-bit): Apr 24 2019 04:36:48
LogInit: Compiled with Visual C++: 19.16.27025.01
LogInit: Build Configuration: Development
LogInit: Branch Name: ++UE4+Release-4.22
LogInit: Command Line:  /Game/MAPS/fIRSTasSIGMENT -game -PIEVIACONSOLE -ResX=1280 -ResY=720 -Multiprocess -messaging -SessionName="Play in Standalone Game" -MobileTargetDevice="iPhone 6" -faketouches -MultiprocessSaveConfig -windowed
LogInit: Base Directory: C:/Program Files/Epic Games/UE_4.22/Engine/Binaries/Win64/
LogInit: Installed Engine Build: 1
LogDevObjectVersion: Number of dev versions registered: 23
LogDevObjectVersion:   Dev-Blueprints (B0D832E4-1F89-4F0D-ACCF-7EB736FD4AA2): 10
LogDevObjectVersion:   Dev-Build (E1C64328-A22C-4D53-A36C-8E866417BD8C): 0
LogDevObjectVersion:   Dev-Core (375EC13C-06E4-48FB-B500-84F0262A717E): 3
LogDevObjectVersion:   Dev-Editor (E4B068ED-F494-42E9-A231-DA0B2E46BB41): 30
LogDevObjectVersion:   Dev-Framework (CFFC743F-43B0-4480-9391-14DF171D2073): 35
LogDevObjectVersion:   Dev-Mobile (B02B49B5-BB20-44E9-A304-32B752E40360): 2
LogDevObjectVersion:   Dev-Networking (A4E4105C-59A1-49B5-A7C5-40C4547EDFEE): 0
LogDevObjectVersion:   Dev-Online (39C831C9-5AE6-47DC-9A44-9C173E1C8E7C): 0
LogDevObjectVersion:   Dev-Physics (78F01B33-EBEA-4F98-B9B4-84EACCB95AA2): 0
LogDevObjectVersion:   Dev-Platform (6631380F-2D4D-43E0-8009-CF276956A95A): 0
LogDevObjectVersion:   Dev-Rendering (12F88B9F-8875-4AFC-A67C-D90C383ABD29): 28
LogDevObjectVersion:   Dev-Sequencer (7B5AE74C-D270-4C10-A958-57980B212A5A): 11
LogDevObjectVersion:   Dev-VR (D7296918-1DD6-4BDD-9DE2-64A83CC13884): 2
LogDevObjectVersion:   Dev-LoadTimes (C2A15278-BFE7-4AFE-6C17-90FF531DF755): 1
LogDevObjectVersion:   Private-Geometry (6EACA3D4-40EC-4CC1-B786-8BED09428FC5): 3
LogDevObjectVersion:   Dev-AnimPhys (29E575DD-E0A3-4627-9D10-D276232CDCEA): 17
LogDevObjectVersion:   Dev-Anim (AF43A65D-7FD3-4947-9873-3E8ED9C1BB05): 2
LogDevObjectVersion:   Dev-ReflectionCapture (6B266CEC-1EC7-4B8F-A30B-E4D90942FC07): 1
LogDevObjectVersion:   Dev-Automation (0DF73D61-A23F-47EA-B727-89E90C41499A): 1
LogDevObjectVersion:   FortniteMain (601D1886-AC64-4F84-AA16-D3DE0DEAC7D6): 25
LogDevObjectVersion:   Dev-Enterprise (9DFFBCD6-494F-0158-E221-12823C92A888): 6
LogDevObjectVersion:   Dev-Niagara (F2AED0AC-9AFE-416F-8664-AA7FFA26D6FC): 1
LogDevObjectVersion:   Dev-Destruction (174F1F0B-B4C6-45A5-B13F-2EE8D0FB917D): 2
LogInit: Presizing for max 16777216 objects, including 0 objects not considered by GC, pre-allocating 0 bytes for permanent pool.
LogInit: Object subsystem initialized
LogConfig: Setting CVar [[con.DebugEarlyDefault:1]]
LogConfig: Setting CVar [[r.setres:1280x720]]
[2019.10.18-04.39.26:749][  0]LogConfig: Setting CVar [[con.DebugEarlyDefault:1]]
[2019.10.18-04.39.26:749][  0]LogConfig: Setting CVar [[r.setres:1280x720]]
[2019.10.18-04.39.26:750][  0]LogConfig: Applying CVar settings from Section [/Script/Engine.RendererSettings] File [C:/Users/ALE/Documents/GAME 3 sem/GAME 2332 PROJECT DEVEL/HW3 - GAME/AD_P_v0/Saved/Config/Windows/Engine.ini]
[2019.10.18-04.39.26:750][  0]LogConfig: Setting CVar [[r.GPUCrashDebugging:0]]
[2019.10.18-04.39.26:750][  0]LogConfig: Setting CVar [[r.MobileHDR:0]]
[2019.10.18-04.39.26:750][  0]LogConfig: Setting CVar [[r.Mobile.DisableVertexFog:1]]
[2019.10.18-04.39.26:750][  0]LogConfig: Setting CVar [[r.Shadow.CSM.MaxMobileCascades:2]]
[2019.10.18-04.39.26:751][  0]LogConfig: Setting CVar [[r.MobileMSAA:1]]
[2019.10.18-04.39.26:751][  0]LogConfig: Setting CVar [[r.Mobile.UseLegacyShadingModel:0]]
[2019.10.18-04.39.26:751][  0]LogConfig: Setting CVar [[r.Mobile.UseHWsRGBEncoding:0]]
[2019.10.18-04.39.26:751][  0]LogConfig: Setting CVar [[r.Mobile.AllowDitheredLODTransition:0]]
[2019.10.18-04.39.26:751][  0]LogConfig: Setting CVar [[r.Mobile.AllowSoftwareOcclusion:0]]
[2019.10.18-04.39.26:751][  0]LogConfig: Setting CVar [[r.DiscardUnusedQuality:0]]
[2019.10.18-04.39.26:751][  0]LogConfig: Setting CVar [[r.AllowOcclusionQueries:1]]
[2019.10.18-04.39.26:751][  0]LogConfig: Setting CVar [[r.MinScreenRadiusForLights:0.030000]]
[2019.10.18-04.39.26:751][  0]LogConfig: Setting CVar [[r.MinScreenRadiusForDepthPrepass:0.030000]]
[2019.10.18-04.39.26:751][  0]LogConfig: Setting CVar [[r.MinScreenRadiusForCSMDepth:0.010000]]
[2019.10.18-04.39.26:752][  0]LogConfig: Setting CVar [[r.PrecomputedVisibilityWarning:0]]
[2019.10.18-04.39.26:752][  0]LogConfig: Setting CVar [[r.TextureStreaming:1]]
[2019.10.18-04.39.26:752][  0]LogConfig: Setting CVar [[Compat.UseDXT5NormalMaps:0]]
[2019.10.18-04.39.26:752][  0]LogConfig: Setting CVar [[r.ClearCoatNormal:0]]
[2019.10.18-04.39.26:752][  0]LogConfig: Setting CVar [[r.ReflectionCaptureResolution:128]]
[2019.10.18-04.39.26:752][  0]LogConfig: Setting CVar [[r.ReflectionEnvironmentLightmapMixBasedOnRoughness:1]]
[2019.10.18-04.39.26:752][  0]LogConfig: Setting CVar [[r.ForwardShading:0]]
[2019.10.18-04.39.26:752][  0]LogConfig: Setting CVar [[r.VertexFoggingForOpaque:1]]
[2019.10.18-04.39.26:752][  0]LogConfig: Setting CVar [[r.AllowStaticLighting:1]]
[2019.10.18-04.39.26:752][  0]LogConfig: Setting CVar [[r.NormalMapsForStaticLighting:0]]
[2019.10.18-04.39.26:752][  0]LogConfig: Setting CVar [[r.GenerateMeshDistanceFields:0]]
[2019.10.18-04.39.26:752][  0]LogConfig: Setting CVar [[r.DistanceFieldBuild.EightBit:0]]
[2019.10.18-04.39.26:752][  0]LogConfig: Setting CVar [[r.GenerateLandscapeGIData:0]]
[2019.10.18-04.39.26:752][  0]LogConfig: Setting CVar [[r.DistanceFieldBuild.Compress:0]]
[2019.10.18-04.39.26:752][  0]LogConfig: Setting CVar [[r.TessellationAdaptivePixelsPerTriangle:48.000000]]
[2019.10.18-04.39.26:752][  0]LogConfig: Setting CVar [[r.SeparateTranslucency:0]]
[2019.10.18-04.39.26:752][  0]LogConfig: Setting CVar [[r.TranslucentSortPolicy:0]]
[2019.10.18-04.39.26:752][  0]LogConfig: Setting CVar [[r.CustomDepth:1]]
[2019.10.18-04.39.26:752][  0]LogConfig: Setting CVar [[r.CustomDepthTemporalAAJitter:1]]
[2019.10.18-04.39.26:753][  0]LogConfig: Setting CVar [[r.PostProcessing.PropagateAlpha:0]]
[2019.10.18-04.39.26:753][  0]LogConfig: Setting CVar [[r.DOF.Algorithm:1]]
[2019.10.18-04.39.26:753][  0]LogConfig: Setting CVar [[r.DefaultFeature.Bloom:0]]
[2019.10.18-04.39.26:753][  0]LogConfig: Setting CVar [[r.DefaultFeature.AmbientOcclusion:0]]
[2019.10.18-04.39.26:753][  0]LogConfig: Setting CVar [[r.DefaultFeature.AmbientOcclusionStaticFraction:1]]
[2019.10.18-04.39.26:753][  0]LogConfig: Setting CVar [[r.DefaultFeature.AutoExposure:0]]
[2019.10.18-04.39.26:753][  0]LogConfig: Setting CVar [[r.DefaultFeature.AutoExposure.Method:0]]
[2019.10.18-04.39.26:753][  0]LogConfig: Setting CVar [[r.DefaultFeature.AutoExposure.ExtendDefaultLuminanceRange:1]]
[2019.10.18-04.39.26:753][  0]LogConfig: Setting CVar [[r.UsePreExposure:0]]
[2019.10.18-04.39.26:753][  0]LogConfig: Setting CVar [[r.DefaultFeature.MotionBlur:0]]
[2019.10.18-04.39.26:753][  0]LogConfig: Setting CVar [[r.DefaultFeature.LensFlare:0]]
[2019.10.18-04.39.26:754][  0]LogConfig: Setting CVar [[r.TemporalAA.Upsampling:0]]
[2019.10.18-04.39.26:754][  0]LogConfig: Setting CVar [[r.DefaultFeature.AntiAliasing:0]]
[2019.10.18-04.39.26:754][  0]LogConfig: Setting CVar [[r.DefaultFeature.LightUnits:1]]
[2019.10.18-04.39.26:754][  0]LogConfig: Setting CVar [[r.DefaultBackBufferPixelFormat:4]]
[2019.10.18-04.39.26:754][  0]LogConfig: Setting CVar [[r.Shadow.UnbuiltPreviewInGame:1]]
[2019.10.18-04.39.26:754][  0]LogConfig: Setting CVar [[r.StencilForLODDither:0]]
[2019.10.18-04.39.26:754][  0]LogConfig: Setting CVar [[r.EarlyZPass:3]]
[2019.10.18-04.39.26:754][  0]LogConfig: Setting CVar [[r.EarlyZPassOnlyMaterialMasking:0]]
[2019.10.18-04.39.26:754][  0]LogConfig: Setting CVar [[r.DBuffer:1]]
[2019.10.18-04.39.26:754][  0]LogConfig: Setting CVar [[r.ClearSceneMethod:1]]
[2019.10.18-04.39.26:754][  0]LogConfig: Setting CVar [[r.BasePassOutputsVelocity:0]]
[2019.10.18-04.39.26:754][  0]LogConfig: Setting CVar [[r.SelectiveBasePassOutputs:0]]
[2019.10.18-04.39.26:754][  0]LogConfig: Setting CVar [[fx.GPUSimulationTextureSizeX:1024]]
[2019.10.18-04.39.26:754][  0]LogConfig: Setting CVar [[fx.GPUSimulationTextureSizeY:1024]]
[2019.10.18-04.39.26:754][  0]LogConfig: Setting CVar [[r.AllowGlobalClipPlane:0]]
[2019.10.18-04.39.26:754][  0]LogConfig: Setting CVar [[r.GBufferFormat:1]]
[2019.10.18-04.39.26:754][  0]LogConfig: Setting CVar [[r.MorphTarget.Mode:1]]
[2019.10.18-04.39.26:755][  0]LogConfig: Setting CVar [[vr.InstancedStereo:0]]
[2019.10.18-04.39.26:755][  0]LogConfig: Setting CVar [[vr.MultiView:0]]
[2019.10.18-04.39.26:755][  0]LogConfig: Setting CVar [[vr.MobileMultiView:0]]
[2019.10.18-04.39.26:755][  0]LogConfig: Setting CVar [[vr.MobileMultiView.Direct:0]]
[2019.10.18-04.39.26:755][  0]LogConfig: Setting CVar [[vr.RoundRobinOcclusion:0]]
[2019.10.18-04.39.26:755][  0]LogConfig: Setting CVar [[vr.ODSCapture:0]]
[2019.10.18-04.39.26:755][  0]LogConfig: Setting CVar [[r.WireframeCullThreshold:5.000000]]
[2019.10.18-04.39.26:755][  0]LogConfig: Setting CVar [[r.RayTracing:0]]
[2019.10.18-04.39.26:755][  0]LogConfig: Setting CVar [[r.SupportStationarySkylight:1]]
[2019.10.18-04.39.26:755][  0]LogConfig: Setting CVar [[r.SupportLowQualityLightmaps:1]]
[2019.10.18-04.39.26:755][  0]LogConfig: Setting CVar [[r.SupportPointLightWholeSceneShadows:1]]
[2019.10.18-04.39.26:755][  0]LogConfig: Setting CVar [[r.SupportAtmosphericFog:1]]
[2019.10.18-04.39.26:755][  0]LogConfig: Setting CVar [[r.SkinCache.CompileShaders:0]]
[2019.10.18-04.39.26:755][  0]LogConfig: Setting CVar [[r.Mobile.EnableStaticAndCSMShadowReceivers:1]]
[2019.10.18-04.39.26:755][  0]LogConfig: Setting CVar [[r.Mobile.EnableMovableLightCSMShaderCulling:1]]
[2019.10.18-04.39.26:755][  0]LogConfig: Setting CVar [[r.Mobile.AllowDistanceFieldShadows:1]]
[2019.10.18-04.39.26:755][  0]LogConfig: Setting CVar [[r.Mobile.AllowMovableDirectionalLights:1]]
[2019.10.18-04.39.26:755][  0]LogConfig: Setting CVar [[r.MobileNumDynamicPointLights:4]]
[2019.10.18-04.39.26:755][  0]LogConfig: Setting CVar [[r.MobileDynamicPointLightsUseStaticBranch:1]]
[2019.10.18-04.39.26:755][  0]LogConfig: Setting CVar [[r.Mobile.EnableMovableSpotlights:0]]
[2019.10.18-04.39.26:755][  0]LogConfig: Setting CVar [[r.SkinCache.SceneMemoryLimitInMB:128.000000]]
[2019.10.18-04.39.26:755][  0]LogConfig: Setting CVar [[r.GPUSkin.Limit2BoneInfluences:0]]
[2019.10.18-04.39.26:756][  0]LogConfig: Setting CVar [[r.SupportDepthOnlyIndexBuffers:1]]
[2019.10.18-04.39.26:756][  0]LogConfig: Setting CVar [[r.SupportReversedIndexBuffers:1]]
[2019.10.18-04.39.26:756][  0]LogConfig: Setting CVar [[r.SupportMaterialLayers:0]]
[2019.10.18-04.39.26:756][  0]LogConfig: Applying CVar settings from Section [/Script/Engine.RendererOverrideSettings] File [C:/Users/ALE/Documents/GAME 3 sem/GAME 2332 PROJECT DEVEL/HW3 - GAME/AD_P_v0/Saved/Config/Windows/Engine.ini]
[2019.10.18-04.39.26:756][  0]LogConfig: Applying CVar settings from Section [/Script/Engine.StreamingSettings] File [C:/Users/ALE/Documents/GAME 3 sem/GAME 2332 PROJECT DEVEL/HW3 - GAME/AD_P_v0/Saved/Config/Windows/Engine.ini]
[2019.10.18-04.39.26:756][  0]LogConfig: Setting CVar [[s.MinBulkDataSizeForAsyncLoading:131072]]
[2019.10.18-04.39.26:756][  0]LogConfig: Setting CVar [[s.AsyncLoadingThreadEnabled:0]]
[2019.10.18-04.39.26:756][  0]LogConfig: Setting CVar [[s.EventDrivenLoaderEnabled:1]]
[2019.10.18-04.39.26:756][  0]LogConfig: Setting CVar [[s.WarnIfTimeLimitExceeded:0]]
[2019.10.18-04.39.26:756][  0]LogConfig: Setting CVar [[s.TimeLimitExceededMultiplier:1.5]]
[2019.10.18-04.39.26:756][  0]LogConfig: Setting CVar [[s.TimeLimitExceededMinTime:0.005]]
[2019.10.18-04.39.26:756][  0]LogConfig: Setting CVar [[s.UseBackgroundLevelStreaming:1]]
[2019.10.18-04.39.26:756][  0]LogConfig: Setting CVar [[s.PriorityAsyncLoadingExtraTime:15.0]]
[2019.10.18-04.39.26:756][  0]LogConfig: Setting CVar [[s.LevelStreamingActorsUpdateTimeLimit:5.0]]
[2019.10.18-04.39.26:756][  0]LogConfig: Setting CVar [[s.PriorityLevelStreamingActorsUpdateExtraTime:5.0]]
[2019.10.18-04.39.26:756][  0]LogConfig: Setting CVar [[s.LevelStreamingComponentsRegistrationGranularity:10]]
[2019.10.18-04.39.26:756][  0]LogConfig: Setting CVar [[s.UnregisterComponentsTimeLimit:1.0]]
[2019.10.18-04.39.26:756][  0]LogConfig: Setting CVar [[s.LevelStreamingComponentsUnregistrationGranularity:5]]
[2019.10.18-04.39.26:756][  0]LogConfig: Applying CVar settings from Section [/Script/Engine.GarbageCollectionSettings] File [C:/Users/ALE/Documents/GAME 3 sem/GAME 2332 PROJECT DEVEL/HW3 - GAME/AD_P_v0/Saved/Config/Windows/Engine.ini]
[2019.10.18-04.39.26:757][  0]LogConfig: Setting CVar [[gc.MaxObjectsNotConsideredByGC:1]]
[2019.10.18-04.39.26:757][  0]LogConfig: Setting CVar [[gc.SizeOfPermanentObjectPool:0]]
[2019.10.18-04.39.26:757][  0]LogConfig: Setting CVar [[gc.FlushStreamingOnGC:0]]
[2019.10.18-04.39.26:757][  0]LogConfig: Setting CVar [[gc.NumRetriesBeforeForcingGC:10]]
[2019.10.18-04.39.26:757][  0]LogConfig: Setting CVar [[gc.AllowParallelGC:1]]
[2019.10.18-04.39.26:757][  0]LogConfig: Setting CVar [[gc.TimeBetweenPurgingPendingKillObjects:61.1]]
[2019.10.18-04.39.26:757][  0]LogConfig: Setting CVar [[gc.MaxObjectsInEditor:16777216]]
[2019.10.18-04.39.26:757][  0]LogConfig: Setting CVar [[gc.IncrementalBeginDestroyEnabled:1]]
[2019.10.18-04.39.26:757][  0]LogConfig: Setting CVar [[gc.CreateGCClusters:1]]
[2019.10.18-04.39.26:757][  0]LogConfig: Setting CVar [[gc.MinGCClusterSize:5]]
[2019.10.18-04.39.26:757][  0]LogConfig: Setting CVar [[gc.ActorClusteringEnabled:0]]
[2019.10.18-04.39.26:758][  0]LogConfig: Setting CVar [[gc.BlueprintClusteringEnabled:0]]
[2019.10.18-04.39.26:758][  0]LogConfig: Setting CVar [[gc.UseDisregardForGCOnDedicatedServers:0]]
[2019.10.18-04.39.26:759][  0]LogConfig: Applying CVar settings from Section [/Script/Engine.NetworkSettings] File [C:/Users/ALE/Documents/GAME 3 sem/GAME 2332 PROJECT DEVEL/HW3 - GAME/AD_P_v0/Saved/Config/Windows/Engine.ini]
[2019.10.18-04.39.26:759][  0]LogConfig: Applying CVar settings from Section [/Script/UnrealEd.CookerSettings] File [C:/Users/ALE/Documents/GAME 3 sem/GAME 2332 PROJECT DEVEL/HW3 - GAME/AD_P_v0/Saved/Config/Windows/Engine.ini]
[2019.10.18-04.39.26:776][  0]LogConfig: Applying CVar settings from Section [ViewDistanceQuality@3] File [C:/Users/ALE/Documents/GAME 3 sem/GAME 2332 PROJECT DEVEL/HW3 - GAME/AD_P_v0/Saved/Config/IOS/Scalability.ini]
[2019.10.18-04.39.26:776][  0]LogConfig: Setting CVar [[r.SkeletalMeshLODBias:0]]
[2019.10.18-04.39.26:776][  0]LogConfig: Setting CVar [[r.ViewDistanceScale:1.0]]
[2019.10.18-04.39.26:776][  0]LogConfig: Applying CVar settings from Section [AntiAliasingQuality@3] File [C:/Users/ALE/Documents/GAME 3 sem/GAME 2332 PROJECT DEVEL/HW3 - GAME/AD_P_v0/Saved/Config/IOS/Scalability.ini]
[2019.10.18-04.39.26:776][  0]LogConfig: Setting CVar [[r.PostProcessAAQuality:4]]
[2019.10.18-04.39.26:776][  0]LogConfig: Applying CVar settings from Section [ShadowQuality@3] File [C:/Users/ALE/Documents/GAME 3 sem/GAME 2332 PROJECT DEVEL/HW3 - GAME/AD_P_v0/Saved/Config/IOS/Scalability.ini]
[2019.10.18-04.39.26:776][  0]LogConfig: Setting CVar [[r.LightFunctionQuality:1]]
[2019.10.18-04.39.26:776][  0]LogConfig: Setting CVar [[r.ShadowQuality:5]]
[2019.10.18-04.39.26:776][  0]LogConfig: Setting CVar [[r.Shadow.CSM.MaxCascades:10]]
[2019.10.18-04.39.26:776][  0]LogConfig: Setting CVar [[r.Shadow.MaxResolution:2048]]
[2019.10.18-04.39.26:776][  0]LogConfig: Setting CVar [[r.Shadow.MaxCSMResolution:2048]]
[2019.10.18-04.39.26:776][  0]LogConfig: Setting CVar [[r.Shadow.RadiusThreshold:0.01]]
[2019.10.18-04.39.26:776][  0]LogConfig: Setting CVar [[r.Shadow.DistanceScale:1.0]]
[2019.10.18-04.39.26:776][  0]LogConfig: Setting CVar [[r.Shadow.CSM.TransitionScale:1.0]]
[2019.10.18-04.39.26:777][  0]LogConfig: Setting CVar [[r.Shadow.PreShadowResolutionFactor:1.0]]
[2019.10.18-04.39.26:777][  0]LogConfig: Setting CVar [[r.DistanceFieldShadowing:1]]
[2019.10.18-04.39.26:777][  0]LogConfig: Setting CVar [[r.DistanceFieldAO:1]]
[2019.10.18-04.39.26:777][  0]LogConfig: Setting CVar [[r.AOQuality:2]]
[2019.10.18-04.39.26:777][  0]LogConfig: Setting CVar [[r.VolumetricFog:1]]
[2019.10.18-04.39.26:777][  0]LogConfig: Setting CVar [[r.VolumetricFog.GridPixelSize:8]]
[2019.10.18-04.39.26:777][  0]LogConfig: Setting CVar [[r.VolumetricFog.GridSizeZ:128]]
[2019.10.18-04.39.26:777][  0]LogConfig: Setting CVar [[r.VolumetricFog.HistoryMissSupersampleCount:4]]
[2019.10.18-04.39.26:777][  0]LogConfig: Setting CVar [[r.LightMaxDrawDistanceScale:1]]
[2019.10.18-04.39.26:777][  0]LogConfig: Setting CVar [[r.CapsuleShadows:1]]
[2019.10.18-04.39.26:777][  0]LogConfig: Applying CVar settings from Section [PostProcessQuality@3] File [C:/Users/ALE/Documents/GAME 3 sem/GAME 2332 PROJECT DEVEL/HW3 - GAME/AD_P_v0/Saved/Config/IOS/Scalability.ini]
[2019.10.18-04.39.26:777][  0]LogConfig: Setting CVar [[r.MotionBlurQuality:4]]
[2019.10.18-04.39.26:777][  0]LogConfig: Setting CVar [[r.AmbientOcclusionMipLevelFactor:0.4]]
[2019.10.18-04.39.26:777][  0]LogConfig: Setting CVar [[r.AmbientOcclusionMaxQuality:100]]
[2019.10.18-04.39.26:777][  0]LogConfig: Setting CVar [[r.AmbientOcclusionLevels:-1]]
[2019.10.18-04.39.26:777][  0]LogConfig: Setting CVar [[r.AmbientOcclusionRadiusScale:1.0]]
[2019.10.18-04.39.26:777][  0]LogConfig: Setting CVar [[r.DepthOfFieldQuality:2]]
[2019.10.18-04.39.26:777][  0]LogConfig: Setting CVar [[r.RenderTargetPoolMin:400]]
[2019.10.18-04.39.26:777][  0]LogConfig: Setting CVar [[r.LensFlareQuality:2]]
[2019.10.18-04.39.26:777][  0]LogConfig: Setting CVar [[r.SceneColorFringeQuality:1]]
[2019.10.18-04.39.26:777][  0]LogConfig: Setting CVar [[r.EyeAdaptationQuality:2]]
[2019.10.18-04.39.26:777][  0]LogConfig: Setting CVar [[r.BloomQuality:5]]
[2019.10.18-04.39.26:778][  0]LogConfig: Setting CVar [[r.FastBlurThreshold:100]]
[2019.10.18-04.39.26:778][  0]LogConfig: Setting CVar [[r.Upscale.Quality:3]]
[2019.10.18-04.39.26:779][  0]LogConfig: Setting CVar [[r.Tonemapper.GrainQuantization:1]]
[2019.10.18-04.39.26:779][  0]LogConfig: Setting CVar [[r.LightShaftQuality:1]]
[2019.10.18-04.39.26:779][  0]LogConfig: Setting CVar [[r.Filter.SizeScale:1]]
[2019.10.18-04.39.26:779][  0]LogConfig: Setting CVar [[r.Tonemapper.Quality:5]]
[2019.10.18-04.39.26:779][  0]LogConfig: Setting CVar [[r.DOF.Gather.AccumulatorQuality:1        ; higher gathering accumulator quality]]
[2019.10.18-04.39.26:779][  0]LogConfig: Setting CVar [[r.DOF.Gather.PostfilterMethod:1          ; Median3x3 postfilering method]]
[2019.10.18-04.39.26:779][  0]LogConfig: Setting CVar [[r.DOF.Gather.EnableBokehSettings:0       ; no bokeh simulation when gathering]]
[2019.10.18-04.39.26:779][  0]LogConfig: Setting CVar [[r.DOF.Gather.RingCount:4                 ; medium number of samples when gathering]]
[2019.10.18-04.39.26:780][  0]LogConfig: Setting CVar [[r.DOF.Scatter.ForegroundCompositing:1    ; additive foreground scattering]]
[2019.10.18-04.39.26:780][  0]LogConfig: Setting CVar [[r.DOF.Scatter.BackgroundCompositing:2    ; additive background scattering]]
[2019.10.18-04.39.26:780][  0]LogConfig: Setting CVar [[r.DOF.Scatter.EnableBokehSettings:1      ; bokeh simulation when scattering]]
[2019.10.18-04.39.26:780][  0]LogConfig: Setting CVar [[r.DOF.Scatter.MaxSpriteRatio:0.1         ; only a maximum of 10% of scattered bokeh]]
[2019.10.18-04.39.26:780][  0]LogConfig: Setting CVar [[r.DOF.Recombine.Quality:1                ; cheap slight out of focus]]
[2019.10.18-04.39.26:780][  0]LogConfig: Setting CVar [[r.DOF.Recombine.EnableBokehSettings:0    ; no bokeh simulation on slight out of focus]]
[2019.10.18-04.39.26:780][  0]LogConfig: Setting CVar [[r.DOF.TemporalAAQuality:1                ; more stable temporal accumulation]]
[2019.10.18-04.39.26:781][  0]LogConfig: Setting CVar [[r.DOF.Kernel.MaxForegroundRadius:0.025]]
[2019.10.18-04.39.26:781][  0]LogConfig: Setting CVar [[r.DOF.Kernel.MaxBackgroundRadius:0.025]]
[2019.10.18-04.39.26:781][  0]LogConfig: Applying CVar settings from Section [TextureQuality@3] File [C:/Users/ALE/Documents/GAME 3 sem/GAME 2332 PROJECT DEVEL/HW3 - GAME/AD_P_v0/Saved/Config/IOS/Scalability.ini]
[2019.10.18-04.39.26:781][  0]LogConfig: Setting CVar [[r.Streaming.MipBias:0]]
[2019.10.18-04.39.26:781][  0]LogConfig: Setting CVar [[r.Streaming.AmortizeCPUToGPUCopy:0]]
[2019.10.18-04.39.26:781][  0]LogConfig: Setting CVar [[r.Streaming.MaxNumTexturesToStreamPerFrame:0]]
[2019.10.18-04.39.26:781][  0]LogConfig: Setting CVar [[r.Streaming.Boost:1]]
[2019.10.18-04.39.26:781][  0]LogConfig: Setting CVar [[r.MaxAnisotropy:8]]
[2019.10.18-04.39.26:782][  0]LogConfig: Setting CVar [[r.Streaming.LimitPoolSizeToVRAM:0]]
[2019.10.18-04.39.26:782][  0]LogConfig: Setting CVar [[r.Streaming.PoolSize:1000]]
[2019.10.18-04.39.26:782][  0]LogConfig: Setting CVar [[r.Streaming.MaxEffectiveScreenSize:0]]
[2019.10.18-04.39.26:782][  0]LogConfig: Applying CVar settings from Section [EffectsQuality@3] File [C:/Users/ALE/Documents/GAME 3 sem/GAME 2332 PROJECT DEVEL/HW3 - GAME/AD_P_v0/Saved/Config/IOS/Scalability.ini]
[2019.10.18-04.39.26:782][  0]LogConfig: Setting CVar [[r.TranslucencyLightingVolumeDim:64]]
[2019.10.18-04.39.26:782][  0]LogConfig: Setting CVar [[r.RefractionQuality:2]]
[2019.10.18-04.39.26:782][  0]LogConfig: Setting CVar [[r.SSR.Quality:3]]
[2019.10.18-04.39.26:782][  0]LogConfig: Setting CVar [[r.SceneColorFormat:4]]
[2019.10.18-04.39.26:782][  0]LogConfig: Setting CVar [[r.DetailMode:2]]
[2019.10.18-04.39.26:782][  0]LogConfig: Setting CVar [[r.TranslucencyVolumeBlur:1]]
[2019.10.18-04.39.26:782][  0]LogConfig: Setting CVar [[r.MaterialQualityLevel:1 ; High quality]]
[2019.10.18-04.39.26:782][  0]LogConfig: Setting CVar [[r.SSS.Scale:1]]
[2019.10.18-04.39.26:782][  0]LogConfig: Setting CVar [[r.SSS.SampleSet:2]]
[2019.10.18-04.39.26:782][  0]LogConfig: Setting CVar [[r.SSS.Quality:1]]
[2019.10.18-04.39.26:782][  0]LogConfig: Setting CVar [[r.SSS.HalfRes:1]]
[2019.10.18-04.39.26:783][  0]LogConfig: Setting CVar [[r.EmitterSpawnRateScale:1.0]]
[2019.10.18-04.39.26:783][  0]LogConfig: Setting CVar [[r.ParticleLightQuality:2]]
[2019.10.18-04.39.26:783][  0]LogConfig: Applying CVar settings from Section [FoliageQuality@3] File [C:/Users/ALE/Documents/GAME 3 sem/GAME 2332 PROJECT DEVEL/HW3 - GAME/AD_P_v0/Saved/Config/IOS/Scalability.ini]
[2019.10.18-04.39.26:783][  0]LogConfig: Setting CVar [[foliage.DensityScale:1.0]]
[2019.10.18-04.39.26:783][  0]LogConfig: Setting CVar [[grass.DensityScale:1.0]]
[2019.10.18-04.39.26:783][  0]LogInit: Selected Device Profile: [Windows]
[2019.10.18-04.39.26:785][  0]LogInit: Applying CVar settings loaded from the selected device profile: [IPhone6]
[2019.10.18-04.39.26:811][  0]LogHAL: Display: Platform has ~ 12 GB [12764549120 / 17179869184 / 12], which maps to Larger [LargestMinGB=32, LargerMinGB=12, DefaultMinGB=8, SmallerMinGB=6, SmallestMinGB=0)
[2019.10.18-04.39.26:812][  0]LogConfig: Setting CVar [[r.MobileContentScaleFactor:2]]
[2019.10.18-04.39.26:813][  0]LogConfig: Setting CVar [[r.BloomQuality:1]]
[2019.10.18-04.39.26:813][  0]LogConfig: Setting CVar [[r.DepthOfFieldQuality:1]]
[2019.10.18-04.39.26:813][  0]LogConfig: Setting CVar [[r.LightShaftQuality:1]]
[2019.10.18-04.39.26:814][  0]LogConfig: Setting CVar [[r.RefractionQuality:1]]
[2019.10.18-04.39.26:814][  0]LogInit: Going up to parent DeviceProfile [IOS]
[2019.10.18-04.39.26:814][  0]LogConfig: Setting CVar [[r.ShadowQuality:2]]
[2019.10.18-04.39.26:814][  0]LogConfig: Setting CVar [[r.HZBOcclusion:0]]
[2019.10.18-04.39.26:814][  0]LogConfig: Setting CVar [[r.EarlyZPass:0]]
[2019.10.18-04.39.26:814][  0]LogInit: Warning: Creating unregistered Device Profile CVar: [[r.EarlyZPassMovable:0]]
[2019.10.18-04.39.26:815][  0]LogConfig: Setting CVar [[r.TranslucentLightingVolume:0]]
[2019.10.18-04.39.26:815][  0]LogConfig: Setting CVar [[r.AllowPointLightCubemapShadows:0]]
[2019.10.18-04.39.26:815][  0]LogConfig: Setting CVar [[r.PostProcessAAQuality:0]]
[2019.10.18-04.39.26:815][  0]LogConfig: Setting CVar [[r.Decal.StencilSizeThreshold:-1]]
[2019.10.18-04.39.26:815][  0]LogConfig: Setting CVar [[slate.AbsoluteIndices:1]]
[2019.10.18-04.39.26:815][  0]LogConfig: Setting CVar [[r.MorphTarget.Mode:0]]
[2019.10.18-04.39.26:815][  0]LogInit: Going up to parent DeviceProfile []
[2019.10.18-04.39.26:815][  0]LogConfig: Applying CVar settings from Section [ViewDistanceQuality@3] File [C:/Users/ALE/Documents/GAME 3 sem/GAME 2332 PROJECT DEVEL/HW3 - GAME/AD_P_v0/Saved/Config/IOS/Scalability.ini]
[2019.10.18-04.39.26:815][  0]LogConfig: Setting CVar [[r.SkeletalMeshLODBias:0]]
[2019.10.18-04.39.26:815][  0]LogConfig: Setting CVar [[r.ViewDistanceScale:1.0]]
[2019.10.18-04.39.26:815][  0]LogConfig: Applying CVar settings from Section [AntiAliasingQuality@3] File [C:/Users/ALE/Documents/GAME 3 sem/GAME 2332 PROJECT DEVEL/HW3 - GAME/AD_P_v0/Saved/Config/IOS/Scalability.ini]
[2019.10.18-04.39.26:815][  0]LogConfig: Setting CVar [[r.PostProcessAAQuality:4]]
[2019.10.18-04.39.26:815][  0]LogConsoleManager: Setting the console variable 'r.PostProcessAAQuality' with 'SetByScalability' was ignored as it is lower priority than the previous 'SetByDeviceProfile'. Value remains '0'
[2019.10.18-04.39.26:815][  0]LogConfig: Applying CVar settings from Section [ShadowQuality@3] File [C:/Users/ALE/Documents/GAME 3 sem/GAME 2332 PROJECT DEVEL/HW3 - GAME/AD_P_v0/Saved/Config/IOS/Scalability.ini]
[2019.10.18-04.39.26:815][  0]LogConfig: Setting CVar [[r.LightFunctionQuality:1]]
[2019.10.18-04.39.26:816][  0]LogConfig: Setting CVar [[r.ShadowQuality:5]]
[2019.10.18-04.39.26:816][  0]LogConsoleManager: Setting the console variable 'r.ShadowQuality' with 'SetByScalability' was ignored as it is lower priority than the previous 'SetByDeviceProfile'. Value remains '2'
[2019.10.18-04.39.26:816][  0]LogConfig: Setting CVar [[r.Shadow.CSM.MaxCascades:10]]
[2019.10.18-04.39.26:816][  0]LogConfig: Setting CVar [[r.Shadow.MaxResolution:2048]]
[2019.10.18-04.39.26:816][  0]LogConfig: Setting CVar [[r.Shadow.MaxCSMResolution:2048]]
[2019.10.18-04.39.26:816][  0]LogConfig: Setting CVar [[r.Shadow.RadiusThreshold:0.01]]
[2019.10.18-04.39.26:816][  0]LogConfig: Setting CVar [[r.Shadow.DistanceScale:1.0]]
[2019.10.18-04.39.26:816][  0]LogConfig: Setting CVar [[r.Shadow.CSM.TransitionScale:1.0]]
[2019.10.18-04.39.26:816][  0]LogConfig: Setting CVar [[r.Shadow.PreShadowResolutionFactor:1.0]]
[2019.10.18-04.39.26:816][  0]LogConfig: Setting CVar [[r.DistanceFieldShadowing:1]]
[2019.10.18-04.39.26:816][  0]LogConfig: Setting CVar [[r.DistanceFieldAO:1]]
[2019.10.18-04.39.26:816][  0]LogConfig: Setting CVar [[r.AOQuality:2]]
[2019.10.18-04.39.26:816][  0]LogConfig: Setting CVar [[r.VolumetricFog:1]]
[2019.10.18-04.39.26:816][  0]LogConfig: Setting CVar [[r.VolumetricFog.GridPixelSize:8]]
[2019.10.18-04.39.26:816][  0]LogConfig: Setting CVar [[r.VolumetricFog.GridSizeZ:128]]
[2019.10.18-04.39.26:816][  0]LogConfig: Setting CVar [[r.VolumetricFog.HistoryMissSupersampleCount:4]]
[2019.10.18-04.39.26:816][  0]LogConfig: Setting CVar [[r.LightMaxDrawDistanceScale:1]]
[2019.10.18-04.39.26:816][  0]LogConfig: Setting CVar [[r.CapsuleShadows:1]]
[2019.10.18-04.39.26:817][  0]LogConfig: Applying CVar settings from Section [PostProcessQuality@3] File [C:/Users/ALE/Documents/GAME 3 sem/GAME 2332 PROJECT DEVEL/HW3 - GAME/AD_P_v0/Saved/Config/IOS/Scalability.ini]
[2019.10.18-04.39.26:817][  0]LogConfig: Setting CVar [[r.MotionBlurQuality:4]]
[2019.10.18-04.39.26:817][  0]LogConfig: Setting CVar [[r.AmbientOcclusionMipLevelFactor:0.4]]
[2019.10.18-04.39.26:817][  0]LogConfig: Setting CVar [[r.AmbientOcclusionMaxQuality:100]]
[2019.10.18-04.39.26:817][  0]LogConfig: Setting CVar [[r.AmbientOcclusionLevels:-1]]
[2019.10.18-04.39.26:817][  0]LogConfig: Setting CVar [[r.AmbientOcclusionRadiusScale:1.0]]
[2019.10.18-04.39.26:817][  0]LogConfig: Setting CVar [[r.DepthOfFieldQuality:2]]
[2019.10.18-04.39.26:817][  0]LogConsoleManager: Setting the console variable 'r.DepthOfFieldQuality' with 'SetByScalability' was ignored as it is lower priority than the previous 'SetByDeviceProfile'. Value remains '1'
[2019.10.18-04.39.26:817][  0]LogConfig: Setting CVar [[r.RenderTargetPoolMin:400]]
[2019.10.18-04.39.26:817][  0]LogConfig: Setting CVar [[r.LensFlareQuality:2]]
[2019.10.18-04.39.26:818][  0]LogConfig: Setting CVar [[r.SceneColorFringeQuality:1]]
[2019.10.18-04.39.26:818][  0]LogConfig: Setting CVar [[r.EyeAdaptationQuality:2]]
[2019.10.18-04.39.26:818][  0]LogConfig: Setting CVar [[r.BloomQuality:5]]
[2019.10.18-04.39.26:818][  0]LogConsoleManager: Setting the console variable 'r.BloomQuality' with 'SetByScalability' was ignored as it is lower priority than the previous 'SetByDeviceProfile'. Value remains '1'
[2019.10.18-04.39.26:818][  0]LogConfig: Setting CVar [[r.FastBlurThreshold:100]]
[2019.10.18-04.39.26:818][  0]LogConfig: Setting CVar [[r.Upscale.Quality:3]]
[2019.10.18-04.39.26:818][  0]LogConfig: Setting CVar [[r.Tonemapper.GrainQuantization:1]]
[2019.10.18-04.39.26:818][  0]LogConfig: Setting CVar [[r.LightShaftQuality:1]]
[2019.10.18-04.39.26:818][  0]LogConsoleManager: Setting the console variable 'r.LightShaftQuality' with 'SetByScalability' was ignored as it is lower priority than the previous 'SetByDeviceProfile'. Value remains '1'
[2019.10.18-04.39.26:818][  0]LogConfig: Setting CVar [[r.Filter.SizeScale:1]]
[2019.10.18-04.39.26:818][  0]LogConfig: Setting CVar [[r.Tonemapper.Quality:5]]
[2019.10.18-04.39.26:818][  0]LogConfig: Setting CVar [[r.DOF.Gather.AccumulatorQuality:1        ; higher gathering accumulator quality]]
[2019.10.18-04.39.26:818][  0]LogConfig: Setting CVar [[r.DOF.Gather.PostfilterMethod:1          ; Median3x3 postfilering method]]
[2019.10.18-04.39.26:818][  0]LogConfig: Setting CVar [[r.DOF.Gather.EnableBokehSettings:0       ; no bokeh simulation when gathering]]
[2019.10.18-04.39.26:818][  0]LogConfig: Setting CVar [[r.DOF.Gather.RingCount:4                 ; medium number of samples when gathering]]
[2019.10.18-04.39.26:818][  0]LogConfig: Setting CVar [[r.DOF.Scatter.ForegroundCompositing:1    ; additive foreground scattering]]
[2019.10.18-04.39.26:818][  0]LogConfig: Setting CVar [[r.DOF.Scatter.BackgroundCompositing:2    ; additive background scattering]]
[2019.10.18-04.39.26:818][  0]LogConfig: Setting CVar [[r.DOF.Scatter.EnableBokehSettings:1      ; bokeh simulation when scattering]]
[2019.10.18-04.39.26:818][  0]LogConfig: Setting CVar [[r.DOF.Scatter.MaxSpriteRatio:0.1         ; only a maximum of 10% of scattered bokeh]]
[2019.10.18-04.39.26:819][  0]LogConfig: Setting CVar [[r.DOF.Recombine.Quality:1                ; cheap slight out of focus]]
[2019.10.18-04.39.26:819][  0]LogConfig: Setting CVar [[r.DOF.Recombine.EnableBokehSettings:0    ; no bokeh simulation on slight out of focus]]
[2019.10.18-04.39.26:819][  0]LogConfig: Setting CVar [[r.DOF.TemporalAAQuality:1                ; more stable temporal accumulation]]
[2019.10.18-04.39.26:819][  0]LogConfig: Setting CVar [[r.DOF.Kernel.MaxForegroundRadius:0.025]]
[2019.10.18-04.39.26:819][  0]LogConfig: Setting CVar [[r.DOF.Kernel.MaxBackgroundRadius:0.025]]
[2019.10.18-04.39.26:819][  0]LogConfig: Applying CVar settings from Section [TextureQuality@3] File [C:/Users/ALE/Documents/GAME 3 sem/GAME 2332 PROJECT DEVEL/HW3 - GAME/AD_P_v0/Saved/Config/IOS/Scalability.ini]
[2019.10.18-04.39.26:819][  0]LogConfig: Setting CVar [[r.Streaming.MipBias:0]]
[2019.10.18-04.39.26:819][  0]LogConfig: Setting CVar [[r.Streaming.AmortizeCPUToGPUCopy:0]]
[2019.10.18-04.39.26:819][  0]LogConfig: Setting CVar [[r.Streaming.MaxNumTexturesToStreamPerFrame:0]]
[2019.10.18-04.39.26:819][  0]LogConfig: Setting CVar [[r.Streaming.Boost:1]]
[2019.10.18-04.39.26:819][  0]LogConfig: Setting CVar [[r.MaxAnisotropy:8]]
[2019.10.18-04.39.26:819][  0]LogConfig: Setting CVar [[r.Streaming.LimitPoolSizeToVRAM:0]]
[2019.10.18-04.39.26:819][  0]LogConfig: Setting CVar [[r.Streaming.PoolSize:1000]]
[2019.10.18-04.39.26:819][  0]LogConfig: Setting CVar [[r.Streaming.MaxEffectiveScreenSize:0]]
[2019.10.18-04.39.26:819][  0]LogConfig: Applying CVar settings from Section [EffectsQuality@3] File [C:/Users/ALE/Documents/GAME 3 sem/GAME 2332 PROJECT DEVEL/HW3 - GAME/AD_P_v0/Saved/Config/IOS/Scalability.ini]
[2019.10.18-04.39.26:819][  0]LogConfig: Setting CVar [[r.TranslucencyLightingVolumeDim:64]]
[2019.10.18-04.39.26:823][  0]LogConfig: Setting CVar [[r.RefractionQuality:2]]
[2019.10.18-04.39.26:823][  0]LogConsoleManager: Setting the console variable 'r.RefractionQuality' with 'SetByScalability' was ignored as it is lower priority than the previous 'SetByDeviceProfile'. Value remains '1'
[2019.10.18-04.39.26:823][  0]LogConfig: Setting CVar [[r.SSR.Quality:3]]
[2019.10.18-04.39.26:824][  0]LogConfig: Setting CVar [[r.SceneColorFormat:4]]
[2019.10.18-04.39.26:824][  0]LogConfig: Setting CVar [[r.DetailMode:2]]
[2019.10.18-04.39.26:824][  0]LogConfig: Setting CVar [[r.TranslucencyVolumeBlur:1]]
[2019.10.18-04.39.26:824][  0]LogConfig: Setting CVar [[r.MaterialQualityLevel:1 ; High quality]]
[2019.10.18-04.39.26:824][  0]LogConfig: Setting CVar [[r.SSS.Scale:1]]
[2019.10.18-04.39.26:827][  0]LogConfig: Setting CVar [[r.SSS.SampleSet:2]]
[2019.10.18-04.39.26:827][  0]LogConfig: Setting CVar [[r.SSS.Quality:1]]
[2019.10.18-04.39.26:827][  0]LogConfig: Setting CVar [[r.SSS.HalfRes:1]]
[2019.10.18-04.39.26:827][  0]LogConfig: Setting CVar [[r.EmitterSpawnRateScale:1.0]]
[2019.10.18-04.39.26:827][  0]LogConfig: Setting CVar [[r.ParticleLightQuality:2]]
[2019.10.18-04.39.26:827][  0]LogConfig: Applying CVar settings from Section [FoliageQuality@3] File [C:/Users/ALE/Documents/GAME 3 sem/GAME 2332 PROJECT DEVEL/HW3 - GAME/AD_P_v0/Saved/Config/IOS/Scalability.ini]
[2019.10.18-04.39.26:827][  0]LogConfig: Setting CVar [[foliage.DensityScale:1.0]]
[2019.10.18-04.39.26:827][  0]LogConfig: Setting CVar [[grass.DensityScale:1.0]]
[2019.10.18-04.39.26:828][  0]LogConfig: Applying CVar settings from Section [Startup] File [../../../Engine/Config/ConsoleVariables.ini]
[2019.10.18-04.39.26:834][  0]LogConfig: Setting CVar [[net.UseAdaptiveNetUpdateFrequency:0]]
[2019.10.18-04.39.26:835][  0]LogConfig: Setting CVar [[p.chaos.AllowCreatePhysxBodies:1]]
[2019.10.18-04.39.26:835][  0]LogConfig: Applying CVar settings from Section [ConsoleVariables] File [C:/Users/ALE/Documents/GAME 3 sem/GAME 2332 PROJECT DEVEL/HW3 - GAME/AD_P_v0/Saved/Config/Windows/Engine.ini]
[2019.10.18-04.39.26:836][  0]LogInit: Computer: ALE-CP
[2019.10.18-04.39.26:836][  0]LogInit: User: ALE
[2019.10.18-04.39.26:836][  0]LogInit: CPU Page size=4096, Cores=2
[2019.10.18-04.39.26:837][  0]LogInit: High frequency timer resolution =10.000000 MHz
[2019.10.18-04.39.26:838][  0]LogMemory: Memory total: Physical=11.9GB (12GB approx)
[2019.10.18-04.39.26:838][  0]LogMemory: Platform Memory Stats for Windows
[2019.10.18-04.39.26:838][  0]LogMemory: Process Physical Memory: 97.78 MB used, 97.79 MB peak
[2019.10.18-04.39.26:838][  0]LogMemory: Process Virtual Memory: 88.32 MB used, 88.32 MB peak
[2019.10.18-04.39.26:838][  0]LogMemory: Physical Memory: 6912.13 MB used,  5261.10 MB free, 12173.22 MB total
[2019.10.18-04.39.26:838][  0]LogMemory: Virtual Memory: 4625.36 MB used,  134213104.00 MB free, 134217728.00 MB total
[2019.10.18-04.39.26:923][  0]LogInit: Using OS detected language (en-US).
[2019.10.18-04.39.26:923][  0]LogInit: Using OS detected locale (en-US).
[2019.10.18-04.39.26:927][  0]LogTextLocalizationManager: No specific localization for 'en-US' exists, so the 'en' localization will be used.
[2019.10.18-04.39.28:287][  0]LogInit: Setting process to per monitor DPI aware
[2019.10.18-04.39.28:392][  0]LogSlate: New Slate User Created.  User Index 0, Is Virtual User: 0
[2019.10.18-04.39.28:392][  0]LogSlate: Slate User Registered.  User Index 0, Is Virtual User: 0
[2019.10.18-04.39.28:456][  0]LogHMD: Failed to initialize OpenVR with code 110
[2019.10.18-04.39.28:456][  0]LogD3D11RHI: D3D11 adapters:
[2019.10.18-04.39.28:845][  0]LogD3D11RHI:    0. 'Intel(R) HD Graphics 620' (Feature Level 11_0)
[2019.10.18-04.39.28:845][  0]LogD3D11RHI:       128/0/6086 MB DedicatedVideo/DedicatedSystem/SharedSystem, Outputs:1, VendorId:0x8086
[2019.10.18-04.39.28:853][  0]LogD3D11RHI:    1. 'Microsoft Basic Render Driver' (Feature Level 11_0)
[2019.10.18-04.39.28:853][  0]LogD3D11RHI:       0/0/6086 MB DedicatedVideo/DedicatedSystem/SharedSystem, Outputs:0, VendorId:0x1414
[2019.10.18-04.39.28:853][  0]LogD3D11RHI: Chosen D3D11 Adapter: 0
[2019.10.18-04.39.28:868][  0]LogD3D11RHI: Creating new Direct3DDevice
[2019.10.18-04.39.28:868][  0]LogD3D11RHI:     GPU DeviceId: 0x5916 (for the marketing name, search the web for "GPU Device Id")
[2019.10.18-04.39.28:868][  0]LogWindows: EnumDisplayDevices:
[2019.10.18-04.39.28:869][  0]LogWindows:    0. 'Intel(R) HD Graphics 620' (P:1 D:1)
[2019.10.18-04.39.28:869][  0]LogWindows:    1. 'Intel(R) HD Graphics 620' (P:0 D:0)
[2019.10.18-04.39.28:870][  0]LogWindows:    2. 'Intel(R) HD Graphics 620' (P:0 D:0)
[2019.10.18-04.39.28:870][  0]LogWindows: DebugString: FoundDriverCount:3 
[2019.10.18-04.39.28:870][  0]LogD3D11RHI:     Adapter Name: Intel(R) HD Graphics 620
[2019.10.18-04.39.28:870][  0]LogD3D11RHI:   Driver Version: 23.20.16.4973 (internal:23.20.16.4973, unified:23.20.16.4973)
[2019.10.18-04.39.28:870][  0]LogD3D11RHI:      Driver Date: 2-28-2018
[2019.10.18-04.39.28:870][  0]LogRHI: Texture pool is 1523 MB (70% of 2176 MB)
[2019.10.18-04.39.29:187][  0]LogD3D11RHI: Async texture creation enabled
[2019.10.18-04.39.29:192][  0]LogRendererCore: FGlobalReadBuffer::InitRHI
[2019.10.18-04.39.29:193][  0]LogRendererCore: FGlobalReadBuffer::InitRHI
[2019.10.18-04.39.29:193][  0]LogRendererCore: FGlobalReadBuffer::InitRHI
[2019.10.18-04.39.29:196][  0]LogD3D11RHI: GPU Timing Frequency: 12.000048 (Debug: 2 0)
[2019.10.18-04.39.29:818][  0]LogTemp: Display: Module 'WindowsClientTargetPlatform' loaded TargetPlatform 'WindowsClient'
[2019.10.18-04.39.29:849][  0]LogTemp: Display: Module 'WindowsNoEditorTargetPlatform' loaded TargetPlatform 'WindowsNoEditor'
[2019.10.18-04.39.29:886][  0]LogTemp: Display: Module 'WindowsServerTargetPlatform' loaded TargetPlatform 'WindowsServer'
[2019.10.18-04.39.29:905][  0]LogTemp: Display: Module 'WindowsTargetPlatform' loaded TargetPlatform 'Windows'
[2019.10.18-04.39.29:906][  0]LogTargetPlatformManager: Display: Building Assets For Windows
[2019.10.18-04.39.29:926][  0]LogAudioDebug: Display: Lib vorbis DLL was dynamically loaded.
[2019.10.18-04.39.30:035][  0]LogShaderCompilers: Guid format shader working directory is -48 characters bigger than the processId version (../../../../../../Users/ALE/Documents/GAME 3 sem/GAME 2332 PROJECT DEVEL/HW3 - GAME/AD_P_v0/Intermediate/Shaders/WorkingDirectory/14044/).
[2019.10.18-04.39.30:035][  0]LogShaderCompilers: Cleaned the shader compiler working directory 'C:/Users/ALE/AppData/Local/Temp/UnrealShaderWorkingDir/3169E1BD4D310FB234BC7CA393B82B22/'.
[2019.10.18-04.39.30:040][  0]LogXGEController: Cannot use XGE Controller as Incredibuild is not installed on this machine.
[2019.10.18-04.39.30:040][  0]LogShaderCompilers: Cannot use XGE Shader Compiler as Incredibuild is not installed on this machine.
[2019.10.18-04.39.30:040][  0]LogShaderCompilers: Display: Using Local Shader Compiler.
[2019.10.18-04.39.31:019][  0]LogDerivedDataCache: Display: Max Cache Size: 512 MB
[2019.10.18-04.39.31:104][  0]LogDerivedDataCache: Loaded boot cache 0.08s 71MB C:/Users/ALE/AppData/Local/UnrealEngine/4.22/DerivedDataCache/Boot.ddc.
[2019.10.18-04.39.31:104][  0]LogDerivedDataCache: Display: Loaded Boot cache: C:/Users/ALE/AppData/Local/UnrealEngine/4.22/DerivedDataCache/Boot.ddc
[2019.10.18-04.39.31:104][  0]LogDerivedDataCache: FDerivedDataBackendGraph:  Pak pak cache file ../../../../../../Users/ALE/Documents/GAME 3 sem/GAME 2332 PROJECT DEVEL/HW3 - GAME/AD_P_v0/DerivedDataCache/DDC.ddp not found, will not use a pak cache.
[2019.10.18-04.39.31:104][  0]LogDerivedDataCache: Unable to find inner node Pak for hierarchical cache Hierarchy.
[2019.10.18-04.39.31:104][  0]LogDerivedDataCache: FDerivedDataBackendGraph:  CompressedPak pak cache file ../../../../../../Users/ALE/Documents/GAME 3 sem/GAME 2332 PROJECT DEVEL/HW3 - GAME/AD_P_v0/DerivedDataCache/Compressed.ddp not found, will not use a pak cache.
[2019.10.18-04.39.31:104][  0]LogDerivedDataCache: Unable to find inner node CompressedPak for hierarchical cache Hierarchy.
[2019.10.18-04.39.31:128][  0]LogDerivedDataCache: Display: Pak cache opened for reading ../../../Engine/DerivedDataCache/Compressed.ddp.
[2019.10.18-04.39.31:128][  0]LogDerivedDataCache: FDerivedDataBackendGraph:  EnterprisePak pak cache file ../../../Enterprise/DerivedDataCache/Compressed.ddp not found, will not use a pak cache.
[2019.10.18-04.39.31:128][  0]LogDerivedDataCache: Unable to find inner node EnterprisePak for hierarchical cache Hierarchy.
[2019.10.18-04.39.31:141][  0]LogDerivedDataCache: Using Local data cache path C:/Users/ALE/AppData/Local/UnrealEngine/Common/DerivedDataCache: Writable
[2019.10.18-04.39.31:141][  0]LogDerivedDataCache: Shared data cache path not found in *engine.ini, will not use an Shared cache.
[2019.10.18-04.39.31:141][  0]LogDerivedDataCache: Unable to find inner node Shared for hierarchical cache Hierarchy.
[2019.10.18-04.39.31:156][  0]LogMaterial: Verifying Global Shaders for PCD3D_ES31
[2019.10.18-04.39.31:158][  0]LogSlate: Using FreeType 2.6.0
[2019.10.18-04.39.31:158][  0]LogSlate: SlateFontServices - WITH_FREETYPE: 1, WITH_HARFBUZZ: 1
[2019.10.18-04.39.32:637][  0]LogStreaming: Warning: Failed to read file '../../../Engine/Content/Slate/Icons/PIEWindow/WindowButton_Screen_Rotation_Disabled.png' error.
[2019.10.18-04.39.32:637][  0]LogSlate: Could not find file for Slate resource: ../../../Engine/Content/Slate/Icons/PIEWindow/WindowButton_Screen_Rotation_Disabled.png
[2019.10.18-04.39.32:811][  0]LogInit: Using OS detected language (en-US).
[2019.10.18-04.39.32:811][  0]LogInit: Using OS detected locale (en-US).
[2019.10.18-04.39.32:811][  0]LogTextLocalizationManager: No localization for 'en-US' exists, so 'en' will be used for the language.
[2019.10.18-04.39.32:812][  0]LogTextLocalizationManager: No localization for 'en-US' exists, so 'en' will be used for the locale.
[2019.10.18-04.39.32:812][  0]LogSlate: FontCache flush requested. Reason: Culture for localization was changed
[2019.10.18-04.39.32:812][  0]LogSlate: FontCache flush requested. Reason: Culture for localization was changed
[2019.10.18-04.39.32:814][  0]LogTextLocalizationManager: Compacting localization data took   0.02ms
[2019.10.18-04.39.32:831][  0]LogAssetRegistry: FAssetRegistry took 0.0103 seconds to start up
[2019.10.18-04.39.33:263][  0]LogPackageLocalizationCache: Processed 10 localized package path(s) for 1 prioritized culture(s) in 0.000888 seconds
[2019.10.18-04.39.33:598][  0]LogInit: Selected Device Profile: [Windows]
[2019.10.18-04.39.33:875][  0]LogMeshReduction: Using QuadricMeshReduction for automatic static mesh reduction
[2019.10.18-04.39.33:876][  0]LogMeshReduction: Using SimplygonMeshReduction for automatic skeletal mesh reduction
[2019.10.18-04.39.33:876][  0]LogMeshReduction: Using ProxyLODMeshReduction for automatic mesh merging
[2019.10.18-04.39.33:876][  0]LogMeshReduction: No distributed automatic mesh merging module available
[2019.10.18-04.39.33:876][  0]LogMeshMerging: No distributed automatic mesh merging module available
[2019.10.18-04.39.33:892][  0]LogNetVersion: AD_P_v0 1.0.0, NetCL: 5660361, EngineNetVer: 10, GameNetVer: 0 (Checksum: 2004868716)
[2019.10.18-04.39.34:060][  0]LogMaterial: Display: Missing cached shader map for material Widget3DPassThrough, compiling. 
[2019.10.18-04.39.34:100][  0]LogMaterial: Display: Missing cached shader map for material Widget3DPassThrough, compiling. 
[2019.10.18-04.39.34:111][  0]LogMaterial: Display: Missing cached shader map for material Widget3DPassThrough, compiling. 
[2019.10.18-04.39.34:121][  0]LogMaterial: Display: Missing cached shader map for material Widget3DPassThrough, compiling. 
[2019.10.18-04.39.34:143][  0]LogMaterial: Display: Missing cached shader map for material Widget3DPassThrough, compiling. 
[2019.10.18-04.39.34:933][  0]LogMoviePlayer: Initializing movie player
[2019.10.18-04.39.35:030][  0]LogMaterial: Display: Missing cached shader map for material DefaultSpriteMaterial, compiling. 
[2019.10.18-04.39.35:103][  0]LogTcpMessaging: Initializing TcpMessaging bridge
[2019.10.18-04.39.35:117][  0]LogUdpMessaging: Initializing bridge on interface 0.0.0.0:0 to multicast group 230.0.0.1:6666.
[2019.10.18-04.39.35:236][  0]SourceControl: Source control is disabled
[2019.10.18-04.39.35:237][  0]SourceControl: Source control is disabled
[2019.10.18-04.39.35:239][  0]SourceControl: Source control is disabled
[2019.10.18-04.39.35:334][  0]LogAndroidPermission: UAndroidPermissionCallbackProxy::GetInstance
[2019.10.18-04.39.35:453][  0]LogOcInput: OculusInput pre-init called
[2019.10.18-04.39.35:469][  0]LogUObjectArray: 46460 objects as part of root set at end of initial load.
[2019.10.18-04.39.35:469][  0]LogUObjectAllocator: 8159800 out of 0 bytes used by permanent object pool.
[2019.10.18-04.39.35:469][  0]LogUObjectArray: CloseDisregardForGC: 0/0 objects in disregard for GC pool
[2019.10.18-04.39.35:661][  0]LogEngine: Initializing Engine...
[2019.10.18-04.39.35:664][  0]LogHMD: Failed to initialize OpenVR with code 110
[2019.10.18-04.39.35:677][  0]LogStats: UGameplayTagsManager::InitializeManager -  0.000 s
[2019.10.18-04.39.35:776][  0]LogMaterial: Display: Missing cached shader map for material ShadedLevelColorationLitMaterial, compiling. Is special engine material.
[2019.10.18-04.39.36:488][  0]LogMaterial: Display: Missing cached shader map for material ShadedLevelColorationUnlitMateri, compiling. Is special engine material.
[2019.10.18-04.39.36:557][  0]LogMaterial: Display: Missing cached shader map for material VertexColorMaterial, compiling. 
[2019.10.18-04.39.36:712][  0]LogMaterial: Display: Missing cached shader map for material VertexColorViewMode_ColorOnly, compiling. 
[2019.10.18-04.39.36:733][  0]LogMaterial: Display: Missing cached shader map for material VertexColorViewMode_AlphaAsColor, compiling. 
[2019.10.18-04.39.36:762][  0]LogMaterial: Display: Missing cached shader map for material VertexColorViewMode_RedOnly, compiling. 
[2019.10.18-04.39.36:788][  0]LogMaterial: Display: Missing cached shader map for material VertexColorViewMode_GreenOnly, compiling. 
[2019.10.18-04.39.36:810][  0]LogMaterial: Display: Missing cached shader map for material VertexColorViewMode_BlueOnly, compiling. 
[2019.10.18-04.39.36:836][  0]LogMaterial: Display: Missing cached shader map for material RemoveSurfaceMaterial, compiling. 
[2019.10.18-04.39.36:846][  0]LogMaterial: Display: Missing cached shader map for material DebugMeshMaterial, compiling. 
[2019.10.18-04.39.36:865][  0]LogMaterial: Display: Missing cached shader map for material M_InvalidLightmapSettings, compiling. 
[2019.10.18-04.39.36:941][  0]LogMaterial: Display: Missing cached shader map for material GizmoMaterial, compiling. 
[2019.10.18-04.39.36:964][  0]LogMaterial: Display: Missing cached shader map for material PhAT_JointLimitMaterial, compiling. 
[2019.10.18-04.39.37:071][  0]LogInit: Initializing FReadOnlyCVARCache
[2019.10.18-04.39.37:098][  0]LogInit: XAudio2 using 'Speaker/Headphone (Realtek High Definition Audio)' : 2 channels at 48 kHz using 32 bits per sample (channel mask 0x3)
[2019.10.18-04.39.37:150][  0]LogInit: FAudioDevice initialized.
[2019.10.18-04.39.37:162][  0]LogNetVersion: Set ProjectVersion to 1.0.0.0. Version Checksum will be recalculated on next use.
[2019.10.18-04.39.37:171][  0]LogInit: Texture streaming: Enabled
[2019.10.18-04.39.37:494][  0]LogSlate: Updating window title bar state: overlay mode, drag disabled, window buttons hidden, title bar hidden
[2019.10.18-04.39.37:494][  0]LogInit: Display: Game Engine Initialized.
[2019.10.18-04.39.37:552][  0]LogMaterial: Display: Missing cached shader map for material OculusMR_WhiteMaterial, compiling. 
[2019.10.18-04.39.37:579][  0]LogMaterial: Display: Missing cached shader map for material OculusMR_ChromaKey, compiling. 
[2019.10.18-04.39.37:614][  0]LogMaterial: Display: Missing cached shader map for material OculusMR_ChromaKey_Lit, compiling. 
[2019.10.18-04.39.37:658][  0]LogMaterial: Display: Missing cached shader map for material OculusMR_OpaqueColoredMaterial, compiling. 
[2019.10.18-04.39.37:668][  0]LogInit: Display: Starting Game.
[2019.10.18-04.39.37:668][  0]LogNet: Browse: /Game/MAPS/fIRSTasSIGMENT?Name=Player
[2019.10.18-04.39.37:668][  0]LogLoad: LoadMap: /Game/MAPS/fIRSTasSIGMENT?Name=Player
[2019.10.18-04.39.37:701][  0]LogUObjectHash: Compacting FUObjectHashTables data took   2.75ms
[2019.10.18-04.39.37:819][  0]LogAIModule: Creating AISystem for world fIRSTasSIGMENT
[2019.10.18-04.39.37:819][  0]LogLoad: Game class is 'AD_GameMode_C'
[2019.10.18-04.39.37:822][  0]LogWorld: Bringing World /Game/MAPS/fIRSTasSIGMENT.fIRSTasSIGMENT up for play (max tick rate 0) at 2019.10.17-23.39.37
[2019.10.18-04.39.37:823][  0]LogWorld: Bringing up level for play took: 0.003149
[2019.10.18-04.39.39:452][  0]LogLoad: Took 1.783395 seconds to LoadMap(/Game/MAPS/fIRSTasSIGMENT)
[2019.10.18-04.39.39:453][  0]LogSlate: Took 0.000249 seconds to synchronously load lazily loaded font '../../../Engine/Content/Slate/Fonts/Roboto-Regular.ttf' (155K)
[2019.10.18-04.39.40:464][  0]LogRenderer: Reallocating scene render targets to support 1280x744 Format 2 NumSamples 1 (Frame:1).
[2019.10.18-04.39.40:489][  0]LogRenderer: Reallocating scene render targets to support 548x292 Format 2 NumSamples 1 (Frame:2).
[2019.10.18-04.39.40:503][  0]LogLoad: (Engine Initialization) Total time: 23.21 seconds
[2019.10.18-04.39.40:503][  0]LogLoad: (Engine Initialization) Total Blueprint compile time: 0.00 seconds
[2019.10.18-04.39.40:525][  0]LogRenderer: Reallocating scene render targets to support 532x292 Format 2 NumSamples 1 (Frame:3).
[2019.10.18-04.39.40:525][  0]LogContentStreaming: Texture pool size now 1000 MB
[2019.10.18-04.39.40:799][  0]LogRenderer: Reallocating scene render targets to support 416x236 Format 2 NumSamples 1 (Frame:4).
[2019.10.18-04.39.40:861][  1]LogSlate: Took 0.000211 seconds to synchronously load lazily loaded font '../../../Engine/Content/Slate/Fonts/Roboto-Regular.ttf' (155K)
[2019.10.18-04.42.15:964][ 62]LogAudio: Warning: Waited 37.213200ms for audio thread.
[2019.10.18-04.42.15:969][ 62]LogAudio: Warning: Waited 42.457600ms for audio thread.
[2019.10.18-04.42.16:280][ 79]LogAudio: Warning: Waited 38.685001ms for audio thread.
[2019.10.18-04.42.16:715][ 95]LogAudio: Warning: Waited 45.684597ms for audio thread.
[2019.10.18-04.42.16:970][107]LogAudio: Warning: Waited 38.717999ms for audio thread.
[2019.10.18-04.42.16:972][107]LogAudio: Warning: Waited 40.771999ms for audio thread.
[2019.10.18-04.42.17:062][109]LogAudio: Warning: Waited 70.039803ms for audio thread.
[2019.10.18-04.42.17:062][109]LogAudio: Warning: Waited 70.627197ms for audio thread.
[2019.10.18-04.42.17:168][112]LogAudio: Warning: Waited 70.406303ms for audio thread.
[2019.10.18-04.42.17:205][112]LogAudio: Warning: Waited 107.647903ms for audio thread.
[2019.10.18-04.42.17:211][112]LogAudio: Warning: Waited 113.665604ms for audio thread.
[2019.10.18-04.42.17:306][115]LogAudio: Warning: Waited 59.826099ms for audio thread.
[2019.10.18-04.42.17:511][123]LogAudio: Warning: Waited 51.833599ms for audio thread.
[2019.10.18-04.42.17:682][130]LogAudio: Warning: Waited 39.556900ms for audio thread.
[2019.10.18-04.42.17:791][133]LogAudio: Warning: Waited 70.652702ms for audio thread.
[2019.10.18-04.42.17:810][133]LogAudio: Warning: Waited 90.298302ms for audio thread.
[2019.10.18-04.42.18:356][155]LogAudio: Warning: Waited 39.599499ms for audio thread.
[2019.10.18-04.42.18:391][155]LogAudio: Warning: Waited 74.390205ms for audio thread.
[2019.10.18-04.42.18:396][155]LogAudio: Warning: Waited 79.976799ms for audio thread.
[2019.10.18-04.42.18:455][157]LogAudio: Warning: Waited 38.277000ms for audio thread.
[2019.10.18-04.42.18:459][157]LogAudio: Warning: Waited 42.931797ms for audio thread.
[2019.10.18-04.42.18:782][172]LogAudio: Warning: Waited 66.256905ms for audio thread.
[2019.10.18-04.42.18:897][175]LogAudio: Warning: Waited 74.134995ms for audio thread.
[2019.10.18-04.42.18:932][175]LogAudio: Warning: Waited 109.168205ms for audio thread.
[2019.10.18-04.42.18:969][175]LogAudio: Warning: Waited 146.405701ms for audio thread.
[2019.10.18-04.42.18:993][175]LogAudio: Warning: Waited 170.938400ms for audio thread.
[2019.10.18-04.42.19:072][178]LogAudio: Warning: Waited 41.040901ms for audio thread.
[2019.10.18-04.42.19:107][178]LogAudio: Warning: Waited 76.083694ms for audio thread.
[2019.10.18-04.42.19:145][178]LogAudio: Warning: Waited 114.491203ms for audio thread.
[2019.10.18-04.42.19:161][178]LogAudio: Warning: Waited 130.059799ms for audio thread.
[2019.10.18-04.42.19:570][195]LogAudio: Warning: Waited 36.631599ms for audio thread.
[2019.10.18-04.42.19:582][195]LogAudio: Warning: Waited 48.801102ms for audio thread.
[2019.10.18-04.42.19:656][198]LogAudio: Warning: Waited 36.180599ms for audio thread.
[2019.10.18-04.42.19:673][198]LogAudio: Warning: Waited 52.875599ms for audio thread.
[2019.10.18-04.42.19:836][206]LogAudio: Warning: Waited 44.670502ms for audio thread.
[2019.10.18-04.42.20:111][220]LogAudio: Warning: Waited 53.762398ms for audio thread.
[2019.10.18-04.42.20:261][225]LogAudio: Warning: Waited 66.325394ms for audio thread.
[2019.10.18-04.42.20:473][236]LogAudio: Warning: Waited 43.463600ms for audio thread.
[2019.10.18-04.42.20:559][238]LogAudio: Warning: Waited 66.624405ms for audio thread.
[2019.10.18-04.42.20:581][238]LogAudio: Warning: Waited 88.610100ms for audio thread.
[2019.10.18-04.42.20:639][240]LogAudio: Warning: Waited 37.743698ms for audio thread.
[2019.10.18-04.42.20:675][240]LogAudio: Warning: Waited 73.179703ms for audio thread.
[2019.10.18-04.42.20:710][240]LogAudio: Warning: Waited 108.827499ms for audio thread.
[2019.10.18-04.42.20:711][240]LogAudio: Warning: Waited 109.954300ms for audio thread.
[2019.10.18-04.42.20:858][244]LogAudio: Warning: Waited 58.774002ms for audio thread.
[2019.10.18-04.42.21:072][253]LogAudio: Warning: Waited 42.629002ms for audio thread.
[2019.10.18-04.42.21:146][256]LogAudio: Warning: Waited 36.641502ms for audio thread.
[2019.10.18-04.42.21:147][256]LogAudio: Warning: Waited 38.074200ms for audio thread.
[2019.10.18-04.42.21:354][264]LogAudio: Warning: Waited 37.485600ms for audio thread.
[2019.10.18-04.42.21:360][264]LogAudio: Warning: Waited 43.986500ms for audio thread.
[2019.10.18-04.42.21:633][274]LogAudio: Warning: Waited 53.452702ms for audio thread.
[2019.10.18-04.42.21:844][284]LogAudio: Warning: Waited 54.285603ms for audio thread.
[2019.10.18-04.42.22:830][337]LogAudio: Warning: Waited 66.648804ms for audio thread.
[2019.10.18-04.42.25:450][482]LogAudio: Warning: Waited 36.565701ms for audio thread.
[2019.10.18-04.42.25:455][482]LogAudio: Warning: Waited 42.278599ms for audio thread.
[2019.10.18-04.42.28:934][683]LogAudio: Warning: Waited 71.747902ms for audio thread.
[2019.10.18-04.42.28:972][683]LogAudio: Warning: Waited 110.097900ms for audio thread.
[2019.10.18-04.42.28:972][683]LogAudio: Warning: Waited 110.462204ms for audio thread.
[2019.10.18-04.42.35:689][ 76]LogAudio: Warning: Waited 63.236900ms for audio thread.
[2019.10.18-04.42.35:788][ 79]LogAudio: Warning: Waited 63.055798ms for audio thread.
[2019.10.18-04.42.36:557][119]LogAudio: Warning: Waited 66.089104ms for audio thread.
[2019.10.18-04.42.36:840][131]LogAudio: Warning: Waited 70.303902ms for audio thread.
[2019.10.18-04.45.10:378][535]LogSlate: FSceneViewport::OnFocusLost() reason 2
[2019.10.18-04.45.10:380][535]Closing by request
[2019.10.18-04.45.10:380][535]LogWindows: FPlatformMisc::RequestExit(0)
[2019.10.18-04.45.10:380][535]Closing by request
[2019.10.18-04.45.10:380][535]LogWindows: FPlatformMisc::RequestExit(0)
[2019.10.18-04.45.10:417][535]LogSlate: Window 'AD_P_v0 (64-bit Development PCD3D_ES31) ' being destroyed
[2019.10.18-04.45.10:419][535]LogWindowsTextInputMethodSystem: Display: IME system now deactivated.
[2019.10.18-04.45.11:125][536]LogExit: Preparing to exit.
[2019.10.18-04.45.11:125][536]LogMoviePlayer: Shutting down movie player
[2019.10.18-04.45.11:358][536]LogSlate: Updating window title bar state: overlay mode, drag disabled, window buttons hidden, title bar hidden
[2019.10.18-04.45.11:370][536]LogExit: Game engine shut down
[2019.10.18-04.45.11:480][536]LogExit: Object subsystem successfully closed.
[2019.10.18-04.45.18:844][536]LogShaderCompilers: Display: Shaders left to compile 0
[2019.10.18-04.45.18:864][536]LogD3D11RHI: Shutdown
[2019.10.18-04.45.18:864][536]LogD3D11RHI: CleanupD3DDevice
[2019.10.18-04.45.18:866][536]LogRendererCore: FGlobalReadBuffer::ReleaseRHI
[2019.10.18-04.45.18:866][536]LogRendererCore: FGlobalDynamicReadBuffer::Cleanup()
[2019.10.18-04.45.18:866][536]LogRendererCore: FGlobalReadBuffer::ReleaseRHI
[2019.10.18-04.45.18:866][536]LogRendererCore: FGlobalDynamicReadBuffer::Cleanup()
[2019.10.18-04.45.18:866][536]LogRendererCore: FGlobalReadBuffer::ReleaseRHI
[2019.10.18-04.45.18:866][536]LogRendererCore: FGlobalDynamicReadBuffer::Cleanup()
[2019.10.18-04.45.18:884][536]LogD3D11RHI: ~FD3D11DynamicRHI
[2019.10.18-04.45.19:256][536]LogModuleManager: Shutting down and abandoning module SequenceRecorderSections (398)
[2019.10.18-04.45.19:256][536]LogModuleManager: Shutting down and abandoning module SequenceRecorder (396)
[2019.10.18-04.45.19:257][536]LogModuleManager: Shutting down and abandoning module AutomationController (394)
[2019.10.18-04.45.19:257][536]LogModuleManager: Shutting down and abandoning module AutomationWorker (392)
[2019.10.18-04.45.19:257][536]LogModuleManager: Shutting down and abandoning module Voice (390)
[2019.10.18-04.45.19:257][536]LogModuleManager: Shutting down and abandoning module AIModule (388)
[2019.10.18-04.45.19:257][536]LogModuleManager: Shutting down and abandoning module GameplayDebugger (387)
[2019.10.18-04.45.19:257][536]LogModuleManager: Shutting down and abandoning module AITestSuite (385)
[2019.10.18-04.45.19:257][536]LogModuleManager: Shutting down and abandoning module NavigationSystem (383)
[2019.10.18-04.45.19:257][536]LogModuleManager: Shutting down and abandoning module OculusMR (380)
[2019.10.18-04.45.19:257][536]LogModuleManager: Shutting down and abandoning module WmfMediaFactory (378)
[2019.10.18-04.45.19:257][536]LogModuleManager: Shutting down and abandoning module WebMMediaFactory (376)
[2019.10.18-04.45.19:257][536]LogModuleManager: Shutting down and abandoning module WebMMedia (374)
[2019.10.18-04.45.19:257][536]LogModuleManager: Shutting down and abandoning module OpenExrWrapper (372)
[2019.10.18-04.45.19:257][536]LogModuleManager: Shutting down and abandoning module ImgMediaFactory (370)
[2019.10.18-04.45.19:257][536]LogModuleManager: Shutting down and abandoning module AvfMediaFactory (368)
[2019.10.18-04.45.19:258][536]LogModuleManager: Shutting down and abandoning module MagicLeapCameraPreviewFactory (366)
[2019.10.18-04.45.19:258][536]LogModuleManager: Shutting down and abandoning module MagicLeapMediaCodecFactory (364)
[2019.10.18-04.45.19:258][536]LogModuleManager: Shutting down and abandoning module MagicLeapMediaFactory (362)
[2019.10.18-04.45.19:258][536]LogModuleManager: Shutting down and abandoning module CharacterAI (360)
[2019.10.18-04.45.19:258][536]LogModuleManager: Shutting down and abandoning module SessionServices (358)
[2019.10.18-04.45.19:258][536]LogModuleManager: Shutting down and abandoning module MovieSceneCapture (356)
[2019.10.18-04.45.19:258][536]LogModuleManager: Shutting down and abandoning module LiveCoding (354)
[2019.10.18-04.45.19:258][536]LogModuleManager: Shutting down and abandoning module LevelSequence (352)
[2019.10.18-04.45.19:258][536]LogModuleManager: Shutting down and abandoning module MovieSceneTracks (350)
[2019.10.18-04.45.19:258][536]LogModuleManager: Shutting down and abandoning module MovieScene (348)
[2019.10.18-04.45.19:258][536]LogModuleManager: Shutting down and abandoning module StreamingPauseRendering (346)
[2019.10.18-04.45.19:258][536]LogModuleManager: Shutting down and abandoning module PortalServices (344)
[2019.10.18-04.45.19:258][536]LogModuleManager: Shutting down and abandoning module PortalRpc (342)
[2019.10.18-04.45.19:258][536]LogModuleManager: Shutting down and abandoning module MessagingRpc (340)
[2019.10.18-04.45.19:258][536]LogModuleManager: Shutting down and abandoning module ImageWriteQueue (338)
[2019.10.18-04.45.19:283][536]LogModuleManager: Shutting down and abandoning module ProfilerService (336)
[2019.10.18-04.45.19:442][536]LogModuleManager: Shutting down and abandoning module TaskGraph (334)
[2019.10.18-04.45.19:443][536]LogModuleManager: Shutting down and abandoning module SteamVRController (332)
[2019.10.18-04.45.19:443][536]LogModuleManager: Shutting down and abandoning module ProceduralMeshComponent (330)
[2019.10.18-04.45.19:443][536]LogModuleManager: Shutting down and abandoning module OculusInput (328)
[2019.10.18-04.45.19:443][536]LogModuleManager: Shutting down and abandoning module MobilePatchingUtils (326)
[2019.10.18-04.45.19:443][536]LogModuleManager: Shutting down and abandoning module EditableMesh (324)
[2019.10.18-04.45.19:443][536]LogModuleManager: Shutting down and abandoning module CustomMeshComponent (322)
[2019.10.18-04.45.19:443][536]LogModuleManager: Shutting down and abandoning module CableComponent (320)
[2019.10.18-04.45.19:443][536]LogModuleManager: Shutting down and abandoning module AudioCapture (318)
[2019.10.18-04.45.19:443][536]LogModuleManager: Shutting down and abandoning module ArchVisCharacter (316)
[2019.10.18-04.45.19:443][536]LogModuleManager: Shutting down and abandoning module AndroidPermission (314)
[2019.10.18-04.45.19:443][536]LogModuleManager: Shutting down and abandoning module NUTUnrealEngine4 (312)
[2019.10.18-04.45.19:443][536]LogModuleManager: Shutting down and abandoning module NetcodeUnitTest (310)
[2019.10.18-04.45.19:444][536]LogModuleManager: Shutting down and abandoning module MediaCompositing (308)
[2019.10.18-04.45.19:444][536]LogModuleManager: Shutting down and abandoning module LinearTimecode (306)
[2019.10.18-04.45.19:444][536]LogModuleManager: Shutting down and abandoning module ImgMedia (304)
[2019.10.18-04.45.19:445][536]LogModuleManager: Shutting down and abandoning module MagicLeapHelperVulkan (302)
[2019.10.18-04.45.19:447][536]LogModuleManager: Shutting down and abandoning module MagicLeapHelperOpenGL (300)
[2019.10.18-04.45.19:447][536]LogModuleManager: Shutting down and abandoning module MagicLeapAudio (298)
[2019.10.18-04.45.19:447][536]LogModuleManager: Shutting down and abandoning module HTML5Networking (296)
[2019.10.18-04.45.19:447][536]LogModuleManager: Shutting down and abandoning module GeometryCacheTracks (294)
[2019.10.18-04.45.19:447][536]LogModuleManager: Shutting down and abandoning module GeometryCacheSequencer (293)
[2019.10.18-04.45.19:447][536]LogModuleManager: Shutting down and abandoning module GeometryCache (290)
[2019.10.18-04.45.19:448][536]LogModuleManager: Shutting down and abandoning module GeometryCacheEd (289)
[2019.10.18-04.45.19:451][536]LogModuleManager: Shutting down and abandoning module BackChannel (286)
[2019.10.18-04.45.19:452][536]LogModuleManager: Shutting down and abandoning module AppleVision (284)
[2019.10.18-04.45.19:452][536]LogModuleManager: Shutting down and abandoning module AppleImageUtilsBlueprintSupport (282)
[2019.10.18-04.45.19:452][536]LogModuleManager: Shutting down and abandoning module AppleImageUtils (280)
[2019.10.18-04.45.19:452][536]LogModuleManager: Shutting down and abandoning module VariantManagerContent (278)
[2019.10.18-04.45.19:452][536]LogModuleManager: Shutting down and abandoning module CryptoKeysOpenSSL (276)
[2019.10.18-04.45.19:452][536]LogModuleManager: Shutting down and abandoning module CryptoKeys (274)
[2019.10.18-04.45.19:452][536]LogModuleManager: Shutting down and abandoning module VisualStudioSourceCodeAccess (272)
[2019.10.18-04.45.19:452][536]LogModuleManager: Shutting down and abandoning module HotReload (271)
[2019.10.18-04.45.19:453][536]LogModuleManager: Shutting down and abandoning module DirectoryWatcher (270)
[2019.10.18-04.45.19:453][536]LogModuleManager: Shutting down and abandoning module VisualStudioCodeSourceCodeAccess (266)
[2019.10.18-04.45.19:453][536]LogModuleManager: Shutting down and abandoning module UObjectPlugin (264)
[2019.10.18-04.45.19:453][536]LogModuleManager: Shutting down and abandoning module SubversionSourceControl (262)
[2019.10.18-04.45.19:453][536]LogModuleManager: Shutting down and abandoning module PerforceSourceControl (260)
[2019.10.18-04.45.19:453][536]LogModuleManager: Shutting down and abandoning module SourceControl (259)
[2019.10.18-04.45.19:453][536]LogModuleManager: Shutting down and abandoning module CLionSourceCodeAccess (256)
[2019.10.18-04.45.19:453][536]LogModuleManager: Shutting down and abandoning module ActorLayerUtilities (254)
[2019.10.18-04.45.19:453][536]LogModuleManager: Shutting down and abandoning module SignificanceManager (252)
[2019.10.18-04.45.19:453][536]LogModuleManager: Shutting down and abandoning module RuntimePhysXCooking (250)
[2019.10.18-04.45.19:454][536]LogModuleManager: Shutting down and abandoning module PhysXVehiclesEditor (248)
[2019.10.18-04.45.19:454][536]LogModuleManager: Shutting down and abandoning module PhysXVehicles (246)
[2019.10.18-04.45.19:454][536]LogModuleManager: Shutting down and abandoning module LocationServicesBPLibrary (244)
[2019.10.18-04.45.19:454][536]LogModuleManager: Shutting down and abandoning module ActorSequence (242)
[2019.10.18-04.45.19:454][536]LogModuleManager: Shutting down and abandoning module UdpMessaging (240)
[2019.10.18-04.45.19:575][536]LogModuleManager: Shutting down and abandoning module TcpMessaging (238)
[2019.10.18-04.45.19:687][536]LogModuleManager: Shutting down and abandoning module MagicLeapIdentity (236)
[2019.10.18-04.45.19:687][536]LogModuleManager: Shutting down and abandoning module MagicLeapSecureStorage (234)
[2019.10.18-04.45.19:687][536]LogModuleManager: Shutting down and abandoning module MagicLeapHandTracking (232)
[2019.10.18-04.45.19:687][536]LogModuleManager: Shutting down and abandoning module MagicLeapEyeTracker (230)
[2019.10.18-04.45.19:688][536]LogModuleManager: Shutting down and abandoning module MagicLeapController (228)
[2019.10.18-04.45.19:688][536]LogSlate: Slate User Destroyed.  User Index 0, Is Virtual User: 0
[2019.10.18-04.45.19:688][536]LogModuleManager: Shutting down and abandoning module MagicLeapAR (226)
[2019.10.18-04.45.19:688][536]LogModuleManager: Shutting down and abandoning module AugmentedReality (225)
[2019.10.18-04.45.19:688][536]LogModuleManager: Shutting down and abandoning module GameplayTagsEditor (222)
[2019.10.18-04.45.19:688][536]LogModuleManager: Shutting down and abandoning module FacialAnimation (220)
[2019.10.18-04.45.19:688][536]LogModuleManager: Shutting down and abandoning module DataValidation (218)
[2019.10.18-04.45.19:689][536]LogModuleManager: Shutting down and abandoning module AssetManagerEditor (216)
[2019.10.18-04.45.19:689][536]LogModuleManager: Shutting down and abandoning module TreeMap (215)
[2019.10.18-04.45.19:689][536]LogModuleManager: Shutting down and abandoning module AnimationSharing (212)
[2019.10.18-04.45.19:689][536]LogModuleManager: Shutting down and abandoning module LightPropagationVolumeRuntime (210)
[2019.10.18-04.45.19:689][536]LogModuleManager: Shutting down and abandoning module AISupportModule (208)
[2019.10.18-04.45.19:689][536]LogModuleManager: Shutting down and abandoning module Paper2D (206)
[2019.10.18-04.45.19:689][536]LogModuleManager: Shutting down and abandoning module WindowsMoviePlayer (204)
[2019.10.18-04.45.19:689][536]LogModuleManager: Shutting down and abandoning module WebMMoviePlayer (202)
[2019.10.18-04.45.19:689][536]LogModuleManager: Shutting down and abandoning module PacketHandler (200)
[2019.10.18-04.45.19:691][536]LogModuleManager: Shutting down and abandoning module ClothingSystemEditor (198)
[2019.10.18-04.45.19:691][536]LogModuleManager: Shutting down and abandoning module ClothingSystemRuntime (196)
[2019.10.18-04.45.19:691][536]LogModuleManager: Shutting down and abandoning module MediaAssets (194)
[2019.10.18-04.45.19:691][536]LogModuleManager: Shutting down and abandoning module Overlay (192)
[2019.10.18-04.45.19:691][536]LogModuleManager: Shutting down and abandoning module OverlayEditor (191)
[2019.10.18-04.45.19:691][536]LogModuleManager: Shutting down and abandoning module VREditor (188)
[2019.10.18-04.45.19:691][536]LogModuleManager: Shutting down and abandoning module StringTableEditor (186)
[2019.10.18-04.45.19:691][536]LogModuleManager: Shutting down and abandoning module GameplayTasksEditor (184)
[2019.10.18-04.45.19:691][536]LogModuleManager: Shutting down and abandoning module BehaviorTreeEditor (182)
[2019.10.18-04.45.19:691][536]LogModuleManager: Shutting down and abandoning module FunctionalTesting (180)
[2019.10.18-04.45.19:692][536]LogModuleManager: Shutting down and abandoning module CollisionAnalyzer (178)
[2019.10.18-04.45.19:692][536]LogModuleManager: Shutting down and abandoning module WorkspaceMenuStructure (177)
[2019.10.18-04.45.19:692][536]LogModuleManager: Shutting down and abandoning module UMG (174)
[2019.10.18-04.45.19:692][536]LogModuleManager: Shutting down and abandoning module UMGEditor (173)
[2019.10.18-04.45.19:692][536]LogModuleManager: Shutting down and abandoning module Sequencer (172)
[2019.10.18-04.45.19:692][536]LogModuleManager: Shutting down and abandoning module MessageLog (169)
[2019.10.18-04.45.19:693][536]LogModuleManager: Shutting down and abandoning module SlateReflector (164)
[2019.10.18-04.45.19:693][536]LogModuleManager: Shutting down and abandoning module Slate (162)
[2019.10.18-04.45.19:693][536]LogModuleManager: Shutting down and abandoning module EditorStyle (160)
[2019.10.18-04.45.19:695][536]LogModuleManager: Shutting down and abandoning module UnrealEd (158)
[2019.10.18-04.45.19:695][536]LogModuleManager: Shutting down and abandoning module MRMesh (156)
[2019.10.18-04.45.19:696][536]LogModuleManager: Shutting down and abandoning module Messaging (154)
[2019.10.18-04.45.19:696][536]LogModuleManager: Shutting down and abandoning module SourceCodeAccess (152)
[2019.10.18-04.45.19:696][536]LogModuleManager: Shutting down and abandoning module HeadMountedDisplay (150)
[2019.10.18-04.45.19:696][536]LogModuleManager: Shutting down and abandoning module XAudio2 (148)
[2019.10.18-04.45.19:696][536]LogModuleManager: Shutting down and abandoning module Networking (146)
[2019.10.18-04.45.19:696][536]LogModuleManager: Shutting down and abandoning module Core (144)
[2019.10.18-04.45.19:696][536]LogModuleManager: Shutting down and abandoning module KismetCompiler (142)
[2019.10.18-04.45.19:696][536]LogModuleManager: Shutting down and abandoning module MeshUtilities (140)
[2019.10.18-04.45.19:696][536]LogModuleManager: Shutting down and abandoning module MeshMergeUtilities (139)
[2019.10.18-04.45.19:696][536]LogModuleManager: Shutting down and abandoning module MeshReductionInterface (138)
[2019.10.18-04.45.19:696][536]LogModuleManager: Shutting down and abandoning module SkeletalMeshReduction (137)
[2019.10.18-04.45.19:696][536]LogModuleManager: Shutting down and abandoning module ProxyLODMeshReduction (135)
[2019.10.18-04.45.19:696][536]LogModuleManager: Shutting down and abandoning module QuadricMeshReduction (133)
[2019.10.18-04.45.19:696][536]LogModuleManager: Shutting down and abandoning module MaterialBaking (129)
[2019.10.18-04.45.19:696][536]LogModuleManager: Shutting down and abandoning module DerivedDataCache (124)
[2019.10.18-04.45.23:776][536]LogDerivedDataCache: Shutdown
[2019.10.18-04.45.23:776][536]LogModuleManager: Shutting down and abandoning module XGEController (122)
[2019.10.18-04.45.23:776][536]LogModuleManager: Shutting down and abandoning module TargetPlatform (120)
[2019.10.18-04.45.23:776][536]LogModuleManager: Shutting down and abandoning module VulkanShaderFormat (119)
[2019.10.18-04.45.23:776][536]LogModuleManager: Shutting down and abandoning module ShaderFormatVectorVM (117)
[2019.10.18-04.45.23:776][536]LogModuleManager: Shutting down and abandoning module ShaderFormatOpenGL (115)
[2019.10.18-04.45.23:776][536]LogModuleManager: Shutting down and abandoning module ShaderFormatD3D (113)
[2019.10.18-04.45.23:776][536]LogModuleManager: Shutting down and abandoning module MetalShaderFormat (111)
[2019.10.18-04.45.23:776][536]LogModuleManager: Shutting down and abandoning module TextureFormatUncompressed (109)
[2019.10.18-04.45.23:776][536]LogModuleManager: Shutting down and abandoning module TextureFormatPVR (107)
[2019.10.18-04.45.23:776][536]LogModuleManager: Shutting down and abandoning module TextureFormatDXT (105)
[2019.10.18-04.45.23:776][536]LogModuleManager: Shutting down and abandoning module TextureFormatIntelISPCTexComp (103)
[2019.10.18-04.45.23:776][536]LogModuleManager: Shutting down and abandoning module TextureFormatASTC (101)
[2019.10.18-04.45.23:776][536]LogModuleManager: Shutting down and abandoning module ImageWrapper (100)
[2019.10.18-04.45.23:776][536]LogModuleManager: Shutting down and abandoning module TextureFormatAndroid (97)
[2019.10.18-04.45.23:776][536]LogModuleManager: Shutting down and abandoning module AudioFormatOpus (95)
[2019.10.18-04.45.23:776][536]LogModuleManager: Shutting down and abandoning module AudioFormatOgg (93)
[2019.10.18-04.45.23:776][536]LogModuleManager: Shutting down and abandoning module AudioFormatADPCM (91)
[2019.10.18-04.45.23:776][536]LogModuleManager: Shutting down and abandoning module WindowsTargetPlatform (89)
[2019.10.18-04.45.23:777][536]LogModuleManager: Shutting down and abandoning module WindowsServerTargetPlatform (87)
[2019.10.18-04.45.23:777][536]LogModuleManager: Shutting down and abandoning module WindowsNoEditorTargetPlatform (85)
[2019.10.18-04.45.23:777][536]LogModuleManager: Shutting down and abandoning module WindowsClientTargetPlatform (83)
[2019.10.18-04.45.23:777][536]LogModuleManager: Shutting down and abandoning module InputCore (80)
[2019.10.18-04.45.23:777][536]LogModuleManager: Shutting down and abandoning module Settings (78)
[2019.10.18-04.45.23:777][536]LogModuleManager: Shutting down and abandoning module PhysXCooking (76)
[2019.10.18-04.45.23:777][536]LogModuleManager: Shutting down and abandoning module SteamVR (74)
[2019.10.18-04.45.23:777][536]LogHMD: Freeing OpenVRDLLHandle.
[2019.10.18-04.45.23:777][536]LogModuleManager: Shutting down and abandoning module OculusHMD (72)
[2019.10.18-04.45.23:777][536]LogModuleManager: Shutting down and abandoning module ExampleDeviceProfileSelector (70)
[2019.10.18-04.45.23:777][536]LogModuleManager: Shutting down and abandoning module LauncherChunkInstaller (68)
[2019.10.18-04.45.23:777][536]LogModuleManager: Shutting down and abandoning module OnlineBlueprintSupport (66)
[2019.10.18-04.45.23:777][536]LogModuleManager: Shutting down and abandoning module OnlineSubsystem (62)
[2019.10.18-04.45.23:779][536]LogModuleManager: Shutting down and abandoning module XMPP (57)
[2019.10.18-04.45.23:779][536]LogModuleManager: Shutting down and abandoning module WebSockets (56)
[2019.10.18-04.45.23:814][536]LogModuleManager: Shutting down and abandoning module HTTP (53)
[2019.10.18-04.45.23:843][536]LogModuleManager: Shutting down and abandoning module SSL (52)
[2019.10.18-04.45.23:848][536]LogModuleManager: Shutting down and abandoning module WmfMedia (48)
[2019.10.18-04.45.23:851][536]LogModuleManager: Shutting down and abandoning module Media (47)
[2019.10.18-04.45.23:857][536]LogModuleManager: Shutting down and abandoning module MagicLeap (44)
[2019.10.18-04.45.23:857][536]LogModuleManager: Shutting down and abandoning module DatasmithContent (42)
[2019.10.18-04.45.23:860][536]LogModuleManager: Shutting down and abandoning module PIEPreviewDeviceProfileSelector (40)
[2019.10.18-04.45.23:860][536]LogUObjectArray: Warning: Empty slot
[2019.10.18-04.45.23:860][536]LogModuleManager: Shutting down and abandoning module AnimationModifiers (38)
[2019.10.18-04.45.23:860][536]LogModuleManager: Shutting down and abandoning module PropertyEditor (37)
[2019.10.18-04.45.23:862][536]LogModuleManager: Shutting down and abandoning module AudioEditor (34)
[2019.10.18-04.45.23:862][536]LogModuleManager: Shutting down and abandoning module TextureCompressor (32)
[2019.10.18-04.45.23:862][536]LogModuleManager: Shutting down and abandoning module RenderCore (30)
[2019.10.18-04.45.23:862][536]LogModuleManager: Shutting down and abandoning module Landscape (28)
[2019.10.18-04.45.23:862][536]LogModuleManager: Shutting down and abandoning module SlateRHIRenderer (26)
[2019.10.18-04.45.23:863][536]LogModuleManager: Shutting down and abandoning module OpenGLDrv (24)
[2019.10.18-04.45.23:863][536]LogModuleManager: Shutting down and abandoning module D3D11RHI (22)
[2019.10.18-04.45.23:863][536]LogModuleManager: Shutting down and abandoning module AnimGraphRuntime (20)
[2019.10.18-04.45.23:863][536]LogModuleManager: Shutting down and abandoning module Renderer (18)
[2019.10.18-04.45.23:863][536]LogModuleManager: Shutting down and abandoning module Engine (16)
[2019.10.18-04.45.23:863][536]LogModuleManager: Shutting down and abandoning module CoreUObject (14)
[2019.10.18-04.45.23:863][536]LogModuleManager: Shutting down and abandoning module NetworkFile (12)
[2019.10.18-04.45.23:863][536]LogModuleManager: Shutting down and abandoning module CookedIterativeFile (10)
[2019.10.18-04.45.23:863][536]LogModuleManager: Shutting down and abandoning module StreamingFile (8)
[2019.10.18-04.45.23:863][536]LogModuleManager: Shutting down and abandoning module SandboxFile (6)
[2019.10.18-04.45.23:863][536]LogModuleManager: Shutting down and abandoning module PakFile (4)
[2019.10.18-04.45.23:863][536]LogModuleManager: Shutting down and abandoning module RSA (3)
[2019.10.18-04.45.23:877][536]LogExit: Exiting.
[2019.10.18-04.45.24:760][536]Log file closed, 10/17/19 23:45:24
